Running: ./testmodel.py --libraries=/home/runner/.openmodelica/libraries/ --ompython_omhome= MyLibrary_pr-12_MyLibrary.Blocks.Examples.PID_Controller.conf.json
loadFile("/home/runner/.openmodelica/libraries/ModelicaServices 4.0.0+maint.om/package.mo", uses=false)
loadFile("/home/runner/.openmodelica/libraries/Complex 4.0.0+maint.om/package.mo", uses=false)
loadFile("/home/runner/.openmodelica/libraries/Modelica 4.0.0+maint.om/package.mo", uses=false)
loadFile("/home/runner/work/openmodelica-library-testing-action/openmodelica-library-testing-action/examples/MyLibrary/package.mo", uses=false)
Using package MyLibrary with version 1.0.0 (/home/runner/work/openmodelica-library-testing-action/openmodelica-library-testing-action/examples/MyLibrary/package.mo)
Using package Modelica with version 4.0.0 (/home/runner/.openmodelica/libraries/Modelica 4.0.0+maint.om/package.mo)
Using package Complex with version 4.0.0 (/home/runner/.openmodelica/libraries/Complex 4.0.0+maint.om/package.mo)
Using package ModelicaServices with version 4.0.0 (/home/runner/.openmodelica/libraries/ModelicaServices 4.0.0+maint.om/package.mo)
Running command: translateModel(MyLibrary.Blocks.Examples.PID_Controller,tolerance=1e-06,outputFormat="mat",numberOfIntervals=5000,variableFilter="time|PI.I.y|inertia1.phi|inertia1.w|integrator.y|spring.phi_rel|spring.w_rel",fileNamePrefix="MyLibrary_pr-12_MyLibrary.Blocks.Examples.PID_Controller")
translateModel(MyLibrary.Blocks.Examples.PID_Controller,tolerance=1e-06,outputFormat="mat",numberOfIntervals=5000,variableFilter="time|PI.I.y|inertia1.phi|inertia1.w|integrator.y|spring.phi_rel|spring.w_rel",fileNamePrefix="MyLibrary_pr-12_MyLibrary.Blocks.Examples.PID_Controller")
Notification: Performance of loadFile(/home/runner/.openmodelica/libraries/ModelicaServices 4.0.0+maint.om/package.mo): time 0.0009865/0.0009866, allocations: 96.88 kB / 15.59 MB, free: 5.227 MB / 13.93 MB
Notification: Performance of loadFile(/home/runner/.openmodelica/libraries/Complex 4.0.0+maint.om/package.mo): time 0.001068/0.001068, allocations: 176.4 kB / 16.51 MB, free: 4.648 MB / 13.93 MB
Notification: Performance of loadFile(/home/runner/.openmodelica/libraries/Modelica 4.0.0+maint.om/package.mo): time 1.625/1.625, allocations: 222.1 MB / 239.4 MB, free: 11.11 MB / 202.7 MB
Notification: Performance of loadFile(/home/runner/work/openmodelica-library-testing-action/openmodelica-library-testing-action/examples/MyLibrary/package.mo): time 0.0003005/0.0003005, allocations: 32.89 kB / 289.6 MB, free: 11.12 MB / 234.7 MB
Notification: Performance of FrontEnd - loaded program: time 0.0004468/0.0004468, allocations: 20.23 kB / 350 MB, free: 14.82 MB / 298.7 MB
Notification: Performance of FrontEnd - Absyn->SCode: time 0.2247/0.2252, allocations: 49.44 MB / 399.5 MB, free: 33.47 MB / 298.7 MB
Notification: Performance of NFInst.instantiate(MyLibrary.Blocks.Examples.PID_Controller): time 0.003965/0.2292, allocations: 3.118 MB / 402.6 MB, free: 30.34 MB / 298.7 MB
Notification: Performance of NFInst.instExpressions: time 0.001606/0.2308, allocations: 0.9573 MB / 403.5 MB, free: 29.39 MB / 298.7 MB
Notification: Performance of NFInst.updateImplicitVariability: time 0.000321/0.2311, allocations: 15.88 kB / 403.6 MB, free: 29.37 MB / 298.7 MB
Notification: Performance of NFTyping.typeComponents: time 0.0003377/0.2315, allocations: 95.09 kB / 403.6 MB, free: 29.28 MB / 298.7 MB
Notification: Performance of NFTyping.typeBindings: time 0.000271/0.2318, allocations: 103.1 kB / 403.7 MB, free: 29.18 MB / 298.7 MB
Notification: Performance of NFTyping.typeClassSections: time 0.0005391/0.2323, allocations: 226.8 kB / 404 MB, free: 28.96 MB / 298.7 MB
Notification: Performance of NFFlatten.flatten: time 0.0004283/0.2328, allocations: 0.5146 MB / 404.5 MB, free: 28.44 MB / 298.7 MB
Notification: Performance of NFFlatten.resolveConnections: time 0.0002701/0.233, allocations: 169.2 kB / 404.6 MB, free: 28.27 MB / 298.7 MB
Notification: Performance of NFEvalConstants.evaluate: time 0.0001862/0.2332, allocations: 199.2 kB / 404.8 MB, free: 28.07 MB / 298.7 MB
Notification: Performance of NFSimplifyModel.simplify: time 0.0002132/0.2335, allocations: 203 kB / 405 MB, free: 27.87 MB / 298.7 MB
Notification: Performance of NFPackage.collectConstants: time 6.465e-05/0.2335, allocations: 40 kB / 405.1 MB, free: 27.83 MB / 298.7 MB
Notification: Performance of NFFlatten.collectFunctions: time 6.579e-05/0.2336, allocations: 40 kB / 405.1 MB, free: 27.79 MB / 298.7 MB
Notification: Performance of NFScalarize.scalarize: time 9.206e-05/0.2337, allocations: 111.6 kB / 405.2 MB, free: 27.68 MB / 298.7 MB
Notification: Performance of NFVerifyModel.verify: time 0.0001482/0.2339, allocations: 210.8 kB / 405.4 MB, free: 27.48 MB / 298.7 MB
Notification: Performance of NFConvertDAE.convert: time 0.0003598/0.2342, allocations: 492.3 kB / 405.9 MB, free: 27 MB / 298.7 MB
Notification: Performance of FrontEnd - DAE generated: time 2.765e-06/0.2342, allocations: 0 / 405.9 MB, free: 27 MB / 298.7 MB
Notification: Performance of FrontEnd: time 1.153e-06/0.2342, allocations: 0 / 405.9 MB, free: 27 MB / 298.7 MB
Notification: Performance of Transformations before backend: time 3.111e-05/0.2343, allocations: 3.938 kB / 405.9 MB, free: 26.99 MB / 298.7 MB
Notification: Model statistics after passing the front-end and creating the data structures used by the back-end:
 * Number of equations: 89
 * Number of variables: 89
Notification: Performance of Generate backend data structure: time 0.001281/0.2356, allocations: 0.7677 MB / 406.7 MB, free: 26.18 MB / 298.7 MB
Notification: Performance of prepare preOptimizeDAE: time 3.204e-05/0.2356, allocations: 12.03 kB / 406.7 MB, free: 26.16 MB / 298.7 MB
Notification: Performance of preOpt normalInlineFunction (simulation): time 8.249e-05/0.2357, allocations: 48.38 kB / 406.7 MB, free: 26.12 MB / 298.7 MB
Notification: Performance of preOpt evaluateParameters (simulation): time 0.0003935/0.2361, allocations: 359.7 kB / 407.1 MB, free: 25.73 MB / 298.7 MB
Notification: Performance of preOpt simplifyIfEquations (simulation): time 2.639e-05/0.2361, allocations: 33.36 kB / 407.1 MB, free: 25.7 MB / 298.7 MB
Notification: Performance of preOpt expandDerOperator (simulation): time 6.276e-05/0.2362, allocations: 40.12 kB / 407.2 MB, free: 25.66 MB / 298.7 MB
Notification: Performance of preOpt clockPartitioning (simulation): time 0.0008948/0.2371, allocations: 442.4 kB / 407.6 MB, free: 25.2 MB / 298.7 MB
Notification: Performance of preOpt findStateOrder (simulation): time 2.235e-05/0.2371, allocations: 7.984 kB / 407.6 MB, free: 25.19 MB / 298.7 MB
Notification: Performance of preOpt replaceEdgeChange (simulation): time 3.764e-05/0.2372, allocations: 16 kB / 407.6 MB, free: 25.17 MB / 298.7 MB
Notification: Performance of preOpt inlineArrayEqn (simulation): time 8.476e-06/0.2372, allocations: 8 kB / 407.6 MB, free: 25.16 MB / 298.7 MB
Notification: Performance of preOpt removeEqualRHS (simulation): time 0.001026/0.2382, allocations: 375.6 kB / 408 MB, free: 24.8 MB / 298.7 MB
Notification: Performance of preOpt removeSimpleEquations (simulation): time 0.001959/0.2402, allocations: 1.575 MB / 409.6 MB, free: 23.13 MB / 298.7 MB
Notification: Performance of preOpt comSubExp (simulation): time 0.0008608/0.2411, allocations: 319.2 kB / 409.9 MB, free: 22.81 MB / 298.7 MB
Notification: Performance of preOpt resolveLoops (simulation): time 0.0004671/0.2416, allocations: 168.7 kB / 410 MB, free: 22.64 MB / 298.7 MB
Notification: Performance of preOpt evalFunc (simulation): time 3.205e-05/0.2416, allocations: 7.984 kB / 410.1 MB, free: 22.63 MB / 298.7 MB
Notification: Performance of preOpt encapsulateWhenConditions (simulation): time 1.478e-05/0.2416, allocations: 38.56 kB / 410.1 MB, free: 22.59 MB / 298.7 MB
Notification: Performance of pre-optimization done (n=30): time 1.723e-06/0.2416, allocations: 0 / 410.1 MB, free: 22.59 MB / 298.7 MB
Notification: Performance of matching and sorting (n=32): time 0.00326/0.2449, allocations: 1.377 MB / 411.5 MB, free: 21.11 MB / 298.7 MB
Notification: Performance of inlineWhenForInitialization (initialization): time 3.502e-05/0.2449, allocations: 81.11 kB / 411.6 MB, free: 21.02 MB / 298.7 MB
Notification: Performance of selectInitializationVariablesDAE (initialization): time 0.0003231/0.2453, allocations: 361.6 kB / 411.9 MB, free: 20.66 MB / 298.7 MB
Notification: Performance of collectPreVariables (initialization): time 2.46e-05/0.2453, allocations: 33.7 kB / 411.9 MB, free: 20.62 MB / 298.7 MB
Notification: Performance of collectInitialEqns (initialization): time 0.0001176/0.2454, allocations: 231.9 kB / 412.2 MB, free: 20.39 MB / 298.7 MB
Notification: Performance of collectInitialBindings (initialization): time 6.448e-05/0.2455, allocations: 118.3 kB / 412.3 MB, free: 20.27 MB / 298.7 MB
Notification: Performance of simplifyInitialFunctions (initialization): time 0.000124/0.2456, allocations: 86.03 kB / 412.4 MB, free: 20.18 MB / 298.7 MB
Notification: Performance of setup shared object (initialization): time 6.409e-05/0.2457, allocations: 354.7 kB / 412.7 MB, free: 19.82 MB / 298.7 MB
Notification: Performance of preBalanceInitialSystem (initialization): time 0.0005011/0.2462, allocations: 166.5 kB / 412.9 MB, free: 19.66 MB / 298.7 MB
Notification: Performance of partitionIndependentBlocks (initialization): time 0.0005582/0.2468, allocations: 252.8 kB / 413.1 MB, free: 19.38 MB / 298.7 MB
Notification: Performance of analyzeInitialSystem (initialization): time 0.0009168/0.2477, allocations: 391.9 kB / 413.5 MB, free: 18.97 MB / 298.7 MB
Notification: Performance of solveInitialSystemEqSystem (initialization): time 2.044e-06/0.2477, allocations: 0 / 413.5 MB, free: 18.97 MB / 298.7 MB
Notification: Performance of matching and sorting (n=51) (initialization): time 0.001136/0.2489, allocations: 496.8 kB / 414 MB, free: 18.48 MB / 298.7 MB
Notification: Performance of prepare postOptimizeDAE: time 1.541e-05/0.2489, allocations: 6.969 kB / 414 MB, free: 18.47 MB / 298.7 MB
Notification: Performance of postOpt simplifyComplexFunction (initialization): time 6.752e-06/0.2489, allocations: 4 kB / 414 MB, free: 18.47 MB / 298.7 MB
Notification: Performance of postOpt tearingSystem (initialization): time 1.749e-05/0.2489, allocations: 4 kB / 414 MB, free: 18.46 MB / 298.7 MB
Notification: Performance of postOpt solveSimpleEquations (initialization): time 0.00106/0.25, allocations: 207.9 kB / 414.2 MB, free: 18.26 MB / 298.7 MB
Notification: Performance of postOpt calculateStrongComponentJacobians (initialization): time 0.001445/0.2515, allocations: 1.572 MB / 415.8 MB, free: 16.55 MB / 298.7 MB
Notification: Performance of postOpt simplifyAllExpressions (initialization): time 0.0004078/0.2519, allocations: 35.98 kB / 415.8 MB, free: 16.52 MB / 298.7 MB
Notification: Performance of postOpt collapseArrayExpressions (initialization): time 4.281e-05/0.2519, allocations: 20 kB / 415.8 MB, free: 16.5 MB / 298.7 MB
Notification: Performance of preBalanceInitialSystem (initialization_lambda0): time 0.0005305/0.2525, allocations: 272.9 kB / 416.1 MB, free: 16.22 MB / 298.7 MB
Notification: Performance of partitionIndependentBlocks (initialization_lambda0): time 0.0004549/0.2529, allocations: 244.8 kB / 416.3 MB, free: 15.96 MB / 298.7 MB
Notification: Performance of analyzeInitialSystem (initialization_lambda0): time 0.000799/0.2537, allocations: 375.5 kB / 416.7 MB, free: 15.57 MB / 298.7 MB
Notification: Performance of solveInitialSystemEqSystem (initialization_lambda0): time 2.044e-06/0.2538, allocations: 0 / 416.7 MB, free: 15.57 MB / 298.7 MB
Notification: Performance of matching and sorting (n=51) (initialization_lambda0): time 0.001038/0.2548, allocations: 468.9 kB / 417.2 MB, free: 15.1 MB / 298.7 MB
Notification: Performance of prepare postOptimizeDAE: time 9.488e-06/0.2548, allocations: 7.984 kB / 417.2 MB, free: 15.09 MB / 298.7 MB
Notification: Performance of postOpt simplifyComplexFunction (initialization): time 3.867e-06/0.2548, allocations: 4 kB / 417.2 MB, free: 15.09 MB / 298.7 MB
Notification: Performance of postOpt tearingSystem (initialization): time 5.401e-06/0.2548, allocations: 7.938 kB / 417.2 MB, free: 15.08 MB / 298.7 MB
Notification: Performance of postOpt solveSimpleEquations (initialization): time 0.0006036/0.2555, allocations: 111.9 kB / 417.3 MB, free: 14.97 MB / 298.7 MB
Notification: Performance of postOpt calculateStrongComponentJacobians (initialization): time 6.252e-06/0.2555, allocations: 4.156 kB / 417.3 MB, free: 14.97 MB / 298.7 MB
Notification: Performance of postOpt simplifyAllExpressions (initialization): time 0.0003745/0.2558, allocations: 47.89 kB / 417.3 MB, free: 14.92 MB / 298.7 MB
Notification: Performance of postOpt collapseArrayExpressions (initialization): time 2.645e-05/0.2559, allocations: 16 kB / 417.4 MB, free: 14.91 MB / 298.7 MB
Notification: Model statistics after passing the back-end for initialization:
 * Number of independent subsystems: 9
 * Number of states: 0 ()
 * Number of discrete variables: 3 (kinematicPTP.noWphase,integrator.local_reset,PI.I.local_reset)
 * Number of discrete states: 0 ()
 * Number of clocked states: 0 ()
 * Top-level inputs: 0
Notification: Strong component statistics for initialization (51):
 * Single equations (assignments): 50
 * Array equations: 0
 * Algorithm blocks: 0
 * Record equations: 0
 * When equations: 0
 * If-equations: 0
 * Equation systems (not torn): 1
 * Torn equation systems: 0
 * Mixed (continuous/discrete) equation systems: 0
Notification: Equation system details (not torn):
 * Constant Jacobian (size): 0 systems
 * Linear Jacobian (size,density): 0 systems
 * Non-linear Jacobian (size): 1 system
   {1}
 * Without analytic Jacobian (size): 0 systems
Notification: Performance of prepare postOptimizeDAE: time 0.0001034/0.256, allocations: 212 kB / 417.6 MB, free: 14.69 MB / 298.7 MB
Notification: Performance of postOpt lateInlineFunction (simulation): time 6.844e-05/0.2561, allocations: 43.47 kB / 417.6 MB, free: 14.65 MB / 298.7 MB
Notification: Performance of postOpt wrapFunctionCalls (simulation): time 8.751e-05/0.2562, allocations: 44.25 kB / 417.6 MB, free: 14.61 MB / 298.7 MB
Notification: Performance of postOpt inlineArrayEqn (simulation): time 3.517e-06/0.2562, allocations: 4 kB / 417.7 MB, free: 14.6 MB / 298.7 MB
Notification: Performance of postOpt constantLinearSystem (simulation): time 2.294e-06/0.2562, allocations: 4 kB / 417.7 MB, free: 14.6 MB / 298.7 MB
Notification: Performance of postOpt simplifysemiLinear (simulation): time 6.091e-06/0.2562, allocations: 3.984 kB / 417.7 MB, free: 14.59 MB / 298.7 MB
Notification: Performance of postOpt removeSimpleEquations (simulation): time 0.001618/0.2578, allocations: 0.9127 MB / 418.6 MB, free: 13.62 MB / 298.7 MB
Notification: Performance of postOpt simplifyComplexFunction (simulation): time 3.406e-06/0.2578, allocations: 4 kB / 418.6 MB, free: 13.61 MB / 298.7 MB
Notification: Performance of postOpt solveSimpleEquations (simulation): time 0.0005456/0.2584, allocations: 83.88 kB / 418.7 MB, free: 13.53 MB / 298.7 MB
Notification: Performance of postOpt tearingSystem (simulation): time 4.268e-06/0.2584, allocations: 4 kB / 418.7 MB, free: 13.53 MB / 298.7 MB
Notification: Performance of postOpt inputDerivativesUsed (simulation): time 2.685e-05/0.2584, allocations: 12.11 kB / 418.7 MB, free: 13.52 MB / 298.7 MB
Notification: Performance of postOpt calculateStrongComponentJacobians (simulation): time 2.995e-06/0.2584, allocations: 4 kB / 418.7 MB, free: 13.51 MB / 298.7 MB
Notification: Performance of postOpt calculateStateSetsJacobians (simulation): time 2.875e-06/0.2585, allocations: 4 kB / 418.7 MB, free: 13.51 MB / 298.7 MB
Notification: Performance of postOpt symbolicJacobian (simulation): time 0.001407/0.2599, allocations: 0.6662 MB / 419.3 MB, free: 12.81 MB / 298.7 MB
Notification: Performance of postOpt removeConstants (simulation): time 0.0001203/0.26, allocations: 136.7 kB / 419.5 MB, free: 12.66 MB / 298.7 MB
Notification: Performance of postOpt simplifyTimeIndepFuncCalls (simulation): time 5.77e-05/0.2601, allocations: 15.97 kB / 419.5 MB, free: 12.64 MB / 298.7 MB
Notification: Performance of postOpt simplifyAllExpressions (simulation): time 0.0003757/0.2604, allocations: 27.97 kB / 419.5 MB, free: 12.62 MB / 298.7 MB
Notification: Performance of postOpt findZeroCrossings (simulation): time 9.256e-05/0.2605, allocations: 31.84 kB / 419.6 MB, free: 12.59 MB / 298.7 MB
Notification: Performance of postOpt collapseArrayExpressions (simulation): time 2.063e-05/0.2606, allocations: 12 kB / 419.6 MB, free: 12.57 MB / 298.7 MB
Notification: Performance of sorting global known variables: time 0.0002187/0.2608, allocations: 247.2 kB / 419.8 MB, free: 12.33 MB / 298.7 MB
Notification: Performance of sort global known variables: time 3.21e-07/0.2608, allocations: 0 / 419.8 MB, free: 12.33 MB / 298.7 MB
Notification: Performance of remove unused functions: time 0.0005908/0.2614, allocations: 140 kB / 419.9 MB, free: 12.2 MB / 298.7 MB
Notification: Model statistics after passing the back-end for simulation:
 * Number of independent subsystems: 5
 * Number of states: 6 (PI.I.y,inertia1.phi,spring.phi_rel,spring.w_rel,inertia2.w,integrator.y)
 * Number of discrete variables: 1 (kinematicPTP.noWphase)
 * Number of discrete states: 0 ()
 * Number of clocked states: 0 ()
 * Top-level inputs: 0
Notification: Strong component statistics for simulation (32):
 * Single equations (assignments): 32
 * Array equations: 0
 * Algorithm blocks: 0
 * Record equations: 0
 * When equations: 0
 * If-equations: 0
 * Equation systems (not torn): 0
 * Torn equation systems: 0
 * Mixed (continuous/discrete) equation systems: 0
Notification: Performance of Backend phase and start with SimCode phase: time 8.41e-05/0.2615, allocations: 111.1 kB / 420.1 MB, free: 12.07 MB / 298.7 MB
Notification: Performance of simCode: created initialization part: time 0.002054/0.2636, allocations: 0.6996 MB / 420.8 MB, free: 11.38 MB / 298.7 MB
Notification: Performance of simCode: created event and clocks part: time 2.905e-06/0.2636, allocations: 0 / 420.8 MB, free: 11.38 MB / 298.7 MB
Notification: Performance of simCode: created simulation system equations: time 0.0004768/0.2641, allocations: 188.1 kB / 420.9 MB, free: 11.19 MB / 298.7 MB
Notification: Performance of simCode: created of all other equations (e.g. parameter, nominal, assert, etc): time 0.000757/0.2648, allocations: 97.45 kB / 421 MB, free: 11.1 MB / 298.7 MB
Notification: Performance of simCode: created linear, non-linear and system jacobian parts: time 0.001707/0.2665, allocations: 1.014 MB / 422 MB, free: 10.04 MB / 298.7 MB
Notification: Performance of simCode: some other stuff during SimCode phase: time 0.000237/0.2668, allocations: 0.8156 MB / 422.9 MB, free: 9.203 MB / 298.7 MB
Notification: Performance of simCode: alias equations: time 0.0002982/0.2671, allocations: 59.25 kB / 422.9 MB, free: 9.148 MB / 298.7 MB
Notification: Performance of simCode: all other stuff during SimCode phase: time 0.0001155/0.2672, allocations: 31.44 kB / 423 MB, free: 9.117 MB / 298.7 MB
Notification: Performance of SimCode: time 2.91e-07/0.2672, allocations: 0 / 423 MB, free: 9.117 MB / 298.7 MB
Notification: Performance of Templates: time 0.009085/0.2763, allocations: 4.654 MB / 427.6 MB, free: 4.512 MB / 298.7 MB
make -j1 -f MyLibrary_pr-12_MyLibrary.Blocks.Examples.PID_Controller.makefile
(rm -f MyLibrary_pr-12_MyLibrary.Blocks.Examples.PID_Controller.pipe ; mkfifo MyLibrary_pr-12_MyLibrary.Blocks.Examples.PID_Controller.pipe ; head -c 1048576 < MyLibrary_pr-12_MyLibrary.Blocks.Examples.PID_Controller.pipe >> ../files/MyLibrary_pr-12_MyLibrary.Blocks.Examples.PID_Controller.sim & ./MyLibrary_pr-12_MyLibrary.Blocks.Examples.PID_Controller  -abortSlowSimulation -alarm=480  -emit_protected -lv LOG_STATS > MyLibrary_pr-12_MyLibrary.Blocks.Examples.PID_Controller.pipe 2>&1)
diffSimulationResults("MyLibrary_pr-12_MyLibrary.Blocks.Examples.PID_Controller_res.mat","/home/runner/work/openmodelica-library-testing-action/openmodelica-library-testing-action/examples/ReferenceFiles/MyLibrary.Blocks.Examples.PID_Controller.csv","../files/MyLibrary_pr-12_MyLibrary.Blocks.Examples.PID_Controller.diff",relTol=0.003,relTolDiffMinMax=0.003,rangeDelta=0.001)
""

Variables in the reference:time,PI.I.y,inertia1.phi,inertia1.w,integrator.y,spring.phi_rel,spring.w_rel

Variables in the result:PI.Dzero.k,PI.Dzero.y,PI.FFzero.k,PI.FFzero.y,PI.I.initType,PI.I.k,PI.I.y,PI.I.y_start,PI.Nd,PI.Ni,PI.P.k,PI.Td,PI.Ti,PI.addFF.k1,PI.addFF.k2,PI.addFF.u2,PI.addI.k1,PI.addI.k2,PI.addI.k3,PI.addP.k1,PI.addP.k2,PI.addPID.k1,PI.addPID.k2,PI.addPID.k3,PI.addPID.u2,PI.addSat.k1,PI.addSat.k2,PI.controllerType,PI.gainPID.k,PI.gainTrack.k,PI.homotopyType,PI.initType,PI.k,PI.kFF,PI.limiter.homotopyType,PI.limiter.strict,PI.limiter.uMax,PI.limiter.uMin,PI.strict,PI.wd,PI.withFeedForward,PI.with_D,PI.with_I,PI.wp,PI.xd_start,PI.xi_start,PI.yMax,PI.yMin,PI.y_start,driveAngle,inertia1.J,inertia1.phi,inertia1.w,inertia2.J,inertia2.flange_b.tau,integrator.initType,integrator.k,integrator.y,integrator.y_start,kinematicPTP.deltaq[1],kinematicPTP.nout,kinematicPTP.p_deltaq[1],kinematicPTP.p_qd_max[1],kinematicPTP.p_qdd_max[1],kinematicPTP.qd_max[1],kinematicPTP.qdd_max[1],kinematicPTP.startTime,loadTorque.flange.tau,loadTorque.tau,loadTorque.tau_constant,spring.c,spring.d,spring.phi_nominal,spring.phi_rel,spring.phi_rel0,spring.w_rel,time
