Running: ./testmodel.py --libraries=/home/runner/.openmodelica/libraries/ --ompython_omhome= MyLibrary_pr-12_MyLibrary.Mechanics.MultiBody.Examples.Pendulum.conf.json
loadFile("/home/runner/.openmodelica/libraries/ModelicaServices 4.0.0+maint.om/package.mo", uses=false)
loadFile("/home/runner/.openmodelica/libraries/Complex 4.0.0+maint.om/package.mo", uses=false)
loadFile("/home/runner/.openmodelica/libraries/Modelica 4.0.0+maint.om/package.mo", uses=false)
loadFile("/home/runner/work/openmodelica-library-testing-action/openmodelica-library-testing-action/examples/MyLibrary/package.mo", uses=false)
Using package MyLibrary with version 1.0.0 (/home/runner/work/openmodelica-library-testing-action/openmodelica-library-testing-action/examples/MyLibrary/package.mo)
Using package Modelica with version 4.0.0 (/home/runner/.openmodelica/libraries/Modelica 4.0.0+maint.om/package.mo)
Using package Complex with version 4.0.0 (/home/runner/.openmodelica/libraries/Complex 4.0.0+maint.om/package.mo)
Using package ModelicaServices with version 4.0.0 (/home/runner/.openmodelica/libraries/ModelicaServices 4.0.0+maint.om/package.mo)
Running command: translateModel(MyLibrary.Mechanics.MultiBody.Examples.Pendulum,tolerance=1e-06,outputFormat="mat",numberOfIntervals=5000,variableFilter="time|rev.phi|rev.w",fileNamePrefix="MyLibrary_pr-12_MyLibrary.Mechanics.MultiBody.Examples.Pendulum")
translateModel(MyLibrary.Mechanics.MultiBody.Examples.Pendulum,tolerance=1e-06,outputFormat="mat",numberOfIntervals=5000,variableFilter="time|rev.phi|rev.w",fileNamePrefix="MyLibrary_pr-12_MyLibrary.Mechanics.MultiBody.Examples.Pendulum")
Notification: Performance of loadFile(/home/runner/.openmodelica/libraries/ModelicaServices 4.0.0+maint.om/package.mo): time 0.001182/0.001182, allocations: 97.31 kB / 15.6 MB, free: 4.855 MB / 13.93 MB
Notification: Performance of loadFile(/home/runner/.openmodelica/libraries/Complex 4.0.0+maint.om/package.mo): time 0.001003/0.001003, allocations: 177.2 kB / 16.51 MB, free: 4.395 MB / 13.93 MB
Notification: Performance of loadFile(/home/runner/.openmodelica/libraries/Modelica 4.0.0+maint.om/package.mo): time 1.625/1.625, allocations: 222.1 MB / 239.4 MB, free: 11.07 MB / 202.7 MB
Notification: Performance of loadFile(/home/runner/work/openmodelica-library-testing-action/openmodelica-library-testing-action/examples/MyLibrary/package.mo): time 0.0002884/0.0002883, allocations: 13.91 kB / 289.6 MB, free: 11.12 MB / 234.7 MB
Notification: Performance of FrontEnd - loaded program: time 0.0004605/0.0004605, allocations: 8 kB / 350 MB, free: 14.81 MB / 298.7 MB
Notification: Performance of FrontEnd - Absyn->SCode: time 0.224/0.2245, allocations: 49.45 MB / 399.5 MB, free: 33.46 MB / 298.7 MB
Notification: Performance of NFInst.instantiate(MyLibrary.Mechanics.MultiBody.Examples.Pendulum): time 0.006947/0.2315, allocations: 7.118 MB / 406.6 MB, free: 26.32 MB / 298.7 MB
Notification: Performance of NFInst.instExpressions: time 0.004381/0.2359, allocations: 3.154 MB / 409.7 MB, free: 23.15 MB / 298.7 MB
Notification: Performance of NFInst.updateImplicitVariability: time 0.0003869/0.2363, allocations: 31.94 kB / 409.8 MB, free: 23.12 MB / 298.7 MB
Notification: Performance of NFTyping.typeComponents: time 0.001417/0.2377, allocations: 0.7742 MB / 410.6 MB, free: 22.34 MB / 298.7 MB
Notification: Performance of NFTyping.typeBindings: time 0.002113/0.2398, allocations: 1.327 MB / 411.9 MB, free: 21.01 MB / 298.7 MB
Notification: Performance of NFTyping.typeClassSections: time 0.0007769/0.2406, allocations: 498.9 kB / 412.4 MB, free: 20.52 MB / 298.7 MB
Notification: Performance of NFFlatten.flatten: time 0.002122/0.2428, allocations: 2.523 MB / 414.9 MB, free: 18 MB / 298.7 MB
Notification: Performance of NFFlatten.resolveConnections: time 0.0009871/0.2438, allocations: 1.165 MB / 416.1 MB, free: 16.82 MB / 298.7 MB
Notification: Performance of NFEvalConstants.evaluate: time 0.0005176/0.2443, allocations: 0.7588 MB / 416.8 MB, free: 16.06 MB / 298.7 MB
Notification: Performance of NFSimplifyModel.simplify: time 0.001038/0.2453, allocations: 1.098 MB / 417.9 MB, free: 14.96 MB / 298.7 MB
Notification: Performance of NFPackage.collectConstants: time 0.0002104/0.2456, allocations: 136 kB / 418 MB, free: 14.82 MB / 298.7 MB
Notification: Performance of NFFlatten.collectFunctions: time 0.001219/0.2468, allocations: 0.8853 MB / 418.9 MB, free: 13.94 MB / 298.7 MB
Notification: Performance of NFScalarize.scalarize: time 0.0005846/0.2474, allocations: 0.9894 MB / 419.9 MB, free: 12.95 MB / 298.7 MB
Notification: Performance of NFVerifyModel.verify: time 0.0007564/0.2482, allocations: 1.199 MB / 421.1 MB, free: 11.74 MB / 298.7 MB
Notification: Performance of NFConvertDAE.convert: time 0.002501/0.2507, allocations: 3.791 MB / 424.9 MB, free: 7.938 MB / 298.7 MB
Notification: Performance of FrontEnd - DAE generated: time 3.908e-06/0.2507, allocations: 3.938 kB / 424.9 MB, free: 7.934 MB / 298.7 MB
Notification: Performance of FrontEnd: time 1.482e-06/0.2507, allocations: 0 / 424.9 MB, free: 7.934 MB / 298.7 MB
Notification: Performance of Transformations before backend: time 2.461e-05/0.2507, allocations: 0 / 424.9 MB, free: 7.934 MB / 298.7 MB
Notification: Model statistics after passing the front-end and creating the data structures used by the back-end:
 * Number of equations: 934
 * Number of variables: 934
Notification: Performance of Generate backend data structure: time 0.004092/0.2548, allocations: 2.879 MB / 427.8 MB, free: 4.996 MB / 298.7 MB
Notification: Performance of prepare preOptimizeDAE: time 3.415e-05/0.2549, allocations: 8.031 kB / 427.8 MB, free: 4.988 MB / 298.7 MB
Notification: Performance of preOpt normalInlineFunction (simulation): time 0.006548/0.2614, allocations: 1.647 MB / 429.4 MB, free: 3.336 MB / 298.7 MB
Notification: Performance of preOpt evaluateParameters (simulation): time 0.001978/0.2634, allocations: 1.309 MB / 430.8 MB, free: 1.984 MB / 298.7 MB
Notification: Performance of preOpt simplifyIfEquations (simulation): time 7.048e-05/0.2635, allocations: 122.8 kB / 430.9 MB, free: 1.863 MB / 298.7 MB
Notification: Performance of preOpt expandDerOperator (simulation): time 0.0003103/0.2638, allocations: 163.8 kB / 431 MB, free: 1.703 MB / 298.7 MB
Notification: Performance of preOpt clockPartitioning (simulation): time 0.008149/0.272, allocations: 6.359 MB / 437.4 MB, free: 10.82 MB / 314.7 MB
Notification: Performance of preOpt findStateOrder (simulation): time 5.991e-05/0.2721, allocations: 35.66 kB / 437.4 MB, free: 10.78 MB / 314.7 MB
Notification: Performance of preOpt replaceEdgeChange (simulation): time 0.0002509/0.2723, allocations: 83.89 kB / 437.5 MB, free: 10.7 MB / 314.7 MB
Notification: Performance of preOpt inlineArrayEqn (simulation): time 0.002361/0.2747, allocations: 1.441 MB / 439 MB, free: 9.25 MB / 314.7 MB
Notification: Performance of preOpt removeEqualRHS (simulation): time 0.008868/0.2836, allocations: 5.666 MB / 444.6 MB, free: 3.578 MB / 314.7 MB
Notification: Performance of preOpt removeSimpleEquations (simulation): time 0.02544/0.309, allocations: 26.29 MB / 470.9 MB, free: 8.449 MB / 346.7 MB
Notification: Performance of preOpt comSubExp (simulation): time 0.004645/0.3137, allocations: 2.267 MB / 473.2 MB, free: 6.039 MB / 346.7 MB
Notification: Performance of preOpt resolveLoops (simulation): time 0.001389/0.3151, allocations: 1.03 MB / 474.2 MB, free: 4.996 MB / 346.7 MB
Notification: Performance of preOpt evalFunc (simulation): time 5.366e-05/0.3152, allocations: 11.98 kB / 474.2 MB, free: 4.984 MB / 346.7 MB
Notification: Performance of preOpt encapsulateWhenConditions (simulation): time 1.985e-05/0.3152, allocations: 46.5 kB / 474.3 MB, free: 4.93 MB / 346.7 MB
Notification: Performance of pre-optimization done (n=98): time 3.376e-06/0.3152, allocations: 0 / 474.3 MB, free: 4.93 MB / 346.7 MB
Notification: Performance of matching and sorting (n=106): time 0.02365/0.3389, allocations: 8.567 MB / 482.8 MB, free: 12.22 MB / 362.7 MB
Notification: Performance of inlineWhenForInitialization (initialization): time 3.51e-05/0.3389, allocations: 140.5 kB / 483 MB, free: 12.05 MB / 362.7 MB
Notification: Performance of selectInitializationVariablesDAE (initialization): time 0.003422/0.3423, allocations: 2.823 MB / 485.8 MB, free: 9.211 MB / 362.7 MB
Notification: Performance of collectPreVariables (initialization): time 6.897e-05/0.3424, allocations: 37.7 kB / 485.8 MB, free: 9.168 MB / 362.7 MB
Notification: Performance of collectInitialEqns (initialization): time 0.001125/0.3436, allocations: 2.071 MB / 487.9 MB, free: 7.066 MB / 362.7 MB
Notification: Performance of collectInitialBindings (initialization): time 0.0002596/0.3438, allocations: 442.6 kB / 488.3 MB, free: 6.629 MB / 362.7 MB
Notification: Performance of simplifyInitialFunctions (initialization): time 0.001178/0.345, allocations: 0.881 MB / 489.2 MB, free: 5.734 MB / 362.7 MB
Notification: Performance of setup shared object (initialization): time 3.01e-05/0.3451, allocations: 305.1 kB / 489.5 MB, free: 5.434 MB / 362.7 MB
Notification: Performance of preBalanceInitialSystem (initialization): time 0.002165/0.3472, allocations: 1.422 MB / 490.9 MB, free: 4.004 MB / 362.7 MB
Notification: Performance of partitionIndependentBlocks (initialization): time 0.00379/0.351, allocations: 4.242 MB / 495.2 MB, free: 14.33 MB / 378.7 MB
Notification: Performance of analyzeInitialSystem (initialization): time 0.009274/0.3603, allocations: 6.141 MB / 0.4896 GB, free: 6.777 MB / 378.7 MB
Notification: Performance of solveInitialSystemEqSystem (initialization): time 6.693e-05/0.3604, allocations: 36 kB / 0.4896 GB, free: 6.742 MB / 378.7 MB
Notification: Performance of matching and sorting (n=573) (initialization): time 0.01157/0.372, allocations: 6.1 MB / 0.4956 GB, free: 0.6289 MB / 378.7 MB
Notification: Performance of prepare postOptimizeDAE: time 7.903e-05/0.3721, allocations: 48 kB / 0.4956 GB, free: 0.582 MB / 378.7 MB
Notification: Performance of postOpt simplifyComplexFunction (initialization): time 0.0001195/0.3723, allocations: 100 kB / 0.4957 GB, free: 496 kB / 378.7 MB
Notification: Performance of postOpt tearingSystem (initialization): time 0.2015/0.5738, allocations: 0.8012 MB / 0.4965 GB, free: 93.29 MB / 378.7 MB
Notification: Performance of postOpt solveSimpleEquations (initialization): time 0.003633/0.5774, allocations: 0.9911 MB / 0.4974 GB, free: 93.29 MB / 378.7 MB
Notification: Performance of postOpt calculateStrongComponentJacobians (initialization): time 0.005562/0.583, allocations: 4.463 MB / 0.5018 GB, free: 91.45 MB / 378.7 MB
Notification: Performance of postOpt simplifyAllExpressions (initialization): time 0.003201/0.5862, allocations: 249 kB / 0.502 GB, free: 91.39 MB / 378.7 MB
Notification: Performance of postOpt collapseArrayExpressions (initialization): time 0.0003946/0.5866, allocations: 278.9 kB / 0.5023 GB, free: 91.35 MB / 378.7 MB
Notification: Model statistics after passing the back-end for initialization:
 * Number of independent subsystems: 459
 * Number of states: 0 ()
 * Number of discrete variables: 18 (body.sphereColor[3],body.sphereColor[2],body.sphereColor[1],rev.cylinderColor[3],rev.cylinderColor[2],rev.cylinderColor[1],world.gravityArrowColor[3],world.gravityArrowColor[2],world.gravityArrowColor[1],world.axisColor_x[3],world.axisColor_x[2],world.axisColor_x[1],world.groundColor[3],world.groundColor[2],world.groundColor[1],world.gravitySphereColor[3],world.gravitySphereColor[2],world.gravitySphereColor[1])
 * Number of discrete states: 0 ()
 * Number of clocked states: 0 ()
 * Top-level inputs: 0
Notification: Strong component statistics for initialization (537):
 * Single equations (assignments): 533
 * Array equations: 3
 * Algorithm blocks: 0
 * Record equations: 0
 * When equations: 0
 * If-equations: 0
 * Equation systems (not torn): 0
 * Torn equation systems: 1
 * Mixed (continuous/discrete) equation systems: 0
Notification: Torn system details for strict tearing set:
 * Linear torn systems (#iteration vars, #inner vars, density): 1 system
   {(2,11,100.0%)}
 * Non-linear torn systems (#iteration vars, #inner vars): 0 systems
Notification: Performance of prepare postOptimizeDAE: time 0.001902/0.5886, allocations: 1.366 MB / 0.5036 GB, free: 90.73 MB / 378.7 MB
Notification: Performance of postOpt lateInlineFunction (simulation): time 0.0003363/0.5889, allocations: 234.9 kB / 0.5039 GB, free: 90.72 MB / 378.7 MB
Notification: Performance of postOpt wrapFunctionCalls (simulation): time 0.004174/0.5931, allocations: 1.856 MB / 0.5057 GB, free: 90.16 MB / 378.7 MB
Notification: Performance of postOpt inlineArrayEqn (simulation): time 2.051e-05/0.5931, allocations: 11.16 kB / 0.5057 GB, free: 90.16 MB / 378.7 MB
Notification: Performance of postOpt constantLinearSystem (simulation): time 1.026e-05/0.5931, allocations: 7.547 kB / 0.5057 GB, free: 90.16 MB / 378.7 MB
Notification: Performance of postOpt simplifysemiLinear (simulation): time 1.13e-05/0.5932, allocations: 5.031 kB / 0.5057 GB, free: 90.16 MB / 378.7 MB
Notification: Performance of postOpt removeSimpleEquations (simulation): time 0.008064/0.6012, allocations: 4.796 MB / 0.5104 GB, free: 88.49 MB / 378.7 MB
Notification: Performance of postOpt simplifyComplexFunction (simulation): time 7.464e-06/0.6013, allocations: 7.125 kB / 0.5104 GB, free: 88.49 MB / 378.7 MB
Notification: Performance of postOpt solveSimpleEquations (simulation): time 0.0007102/0.602, allocations: 136.5 kB / 0.5105 GB, free: 88.48 MB / 378.7 MB
Notification: Performance of postOpt tearingSystem (simulation): time 0.002276/0.6043, allocations: 0.6501 MB / 0.5112 GB, free: 88.39 MB / 378.7 MB
Notification: Performance of postOpt inputDerivativesUsed (simulation): time 8.134e-05/0.6044, allocations: 18.05 kB / 0.5112 GB, free: 88.39 MB / 378.7 MB
Notification: Performance of postOpt calculateStrongComponentJacobians (simulation): time 0.004771/0.6091, allocations: 3.953 MB / 0.515 GB, free: 85.25 MB / 378.7 MB
Notification: Performance of postOpt calculateStateSetsJacobians (simulation): time 3.276e-06/0.6092, allocations: 0 / 0.515 GB, free: 85.25 MB / 378.7 MB
Notification: Performance of postOpt symbolicJacobian (simulation): time 0.005476/0.6146, allocations: 3.697 MB / 0.5186 GB, free: 81.66 MB / 378.7 MB
Notification: Performance of postOpt removeConstants (simulation): time 0.0004073/0.6151, allocations: 287.7 kB / 0.5189 GB, free: 81.4 MB / 378.7 MB
Notification: Performance of postOpt simplifyTimeIndepFuncCalls (simulation): time 0.000272/0.6153, allocations: 20 kB / 0.5189 GB, free: 81.38 MB / 378.7 MB
Notification: Performance of postOpt simplifyAllExpressions (simulation): time 0.00107/0.6164, allocations: 59.91 kB / 0.519 GB, free: 81.32 MB / 378.7 MB
Notification: Performance of postOpt findZeroCrossings (simulation): time 0.0002039/0.6166, allocations: 64.7 kB / 0.5191 GB, free: 81.27 MB / 378.7 MB
Notification: Performance of postOpt collapseArrayExpressions (simulation): time 8.629e-05/0.6167, allocations: 28 kB / 0.5191 GB, free: 81.24 MB / 378.7 MB
Notification: Performance of sorting global known variables: time 0.002204/0.6189, allocations: 1.754 MB / 0.5208 GB, free: 79.48 MB / 378.7 MB
Notification: Performance of sort global known variables: time 2.7e-07/0.6189, allocations: 0 / 0.5208 GB, free: 79.48 MB / 378.7 MB
Notification: Performance of remove unused functions: time 0.0031/0.6221, allocations: 0.6465 MB / 0.5214 GB, free: 78.84 MB / 378.7 MB
Notification: Model statistics after passing the back-end for simulation:
 * Number of independent subsystems: 6
 * Number of states: 2 (rev.phi,rev.w)
 * Number of discrete variables: 0 ()
 * Number of discrete states: 0 ()
 * Number of clocked states: 0 ()
 * Top-level inputs: 0
Notification: Strong component statistics for simulation (75):
 * Single equations (assignments): 71
 * Array equations: 3
 * Algorithm blocks: 0
 * Record equations: 0
 * When equations: 0
 * If-equations: 0
 * Equation systems (not torn): 0
 * Torn equation systems: 1
 * Mixed (continuous/discrete) equation systems: 0
Notification: Torn system details for strict tearing set:
 * Linear torn systems (#iteration vars, #inner vars, density): 1 system
   {(1,9,100.0%)}
 * Non-linear torn systems (#iteration vars, #inner vars): 0 systems
Notification: Performance of Backend phase and start with SimCode phase: time 0.0002944/0.6224, allocations: 148.5 kB / 0.5216 GB, free: 78.69 MB / 378.7 MB
Notification: Performance of simCode: created initialization part: time 0.004712/0.6271, allocations: 3.633 MB / 0.5251 GB, free: 75.12 MB / 378.7 MB
Notification: Performance of simCode: created event and clocks part: time 3.297e-06/0.6271, allocations: 0 / 0.5251 GB, free: 75.12 MB / 378.7 MB
Notification: Performance of simCode: created simulation system equations: time 0.001088/0.6282, allocations: 0.9284 MB / 0.526 GB, free: 74.18 MB / 378.7 MB
Notification: Performance of simCode: created of all other equations (e.g. parameter, nominal, assert, etc): time 0.001557/0.6298, allocations: 273.3 kB / 0.5263 GB, free: 73.92 MB / 378.7 MB
Notification: Performance of simCode: created linear, non-linear and system jacobian parts: time 0.006808/0.6366, allocations: 5.486 MB / 0.5316 GB, free: 68.41 MB / 378.7 MB
Notification: Performance of simCode: some other stuff during SimCode phase: time 0.001708/0.6383, allocations: 2.184 MB / 0.5338 GB, free: 66.19 MB / 378.7 MB
Notification: Performance of simCode: alias equations: time 0.002997/0.6413, allocations: 1.392 MB / 0.5351 GB, free: 64.79 MB / 378.7 MB
Notification: Performance of simCode: all other stuff during SimCode phase: time 0.0003913/0.6417, allocations: 163.4 kB / 0.5353 GB, free: 64.64 MB / 378.7 MB
Notification: Performance of SimCode: time 6.01e-07/0.6417, allocations: 3.609 kB / 0.5353 GB, free: 64.64 MB / 378.7 MB
Notification: Performance of Templates: time 0.03643/0.6782, allocations: 22.93 MB / 0.5577 GB, free: 41.82 MB / 378.7 MB
make -j1 -f MyLibrary_pr-12_MyLibrary.Mechanics.MultiBody.Examples.Pendulum.makefile
(rm -f MyLibrary_pr-12_MyLibrary.Mechanics.MultiBody.Examples.Pendulum.pipe ; mkfifo MyLibrary_pr-12_MyLibrary.Mechanics.MultiBody.Examples.Pendulum.pipe ; head -c 1048576 < MyLibrary_pr-12_MyLibrary.Mechanics.MultiBody.Examples.Pendulum.pipe >> ../files/MyLibrary_pr-12_MyLibrary.Mechanics.MultiBody.Examples.Pendulum.sim & ./MyLibrary_pr-12_MyLibrary.Mechanics.MultiBody.Examples.Pendulum  -abortSlowSimulation -alarm=480  -emit_protected -lv LOG_STATS > MyLibrary_pr-12_MyLibrary.Mechanics.MultiBody.Examples.Pendulum.pipe 2>&1)
diffSimulationResults("MyLibrary_pr-12_MyLibrary.Mechanics.MultiBody.Examples.Pendulum_res.mat","/home/runner/work/openmodelica-library-testing-action/openmodelica-library-testing-action/examples/ReferenceFiles/MyLibrary.Mechanics.MultiBody.Examples.Pendulum.csv","../files/MyLibrary_pr-12_MyLibrary.Mechanics.MultiBody.Examples.Pendulum.diff",relTol=0.003,relTolDiffMinMax=0.003,rangeDelta=0.001)
Reference file matches
