Running: ./testmodel.py --libraries=/home/runner/.openmodelica/libraries/ --ompython_omhome= MyLibrary_pr-7_MyLibrary.Blocks.Examples.PID_Controller.conf.json
loadFile("/home/runner/.openmodelica/libraries/ModelicaServices 4.0.0+maint.om/package.mo", uses=false)
loadFile("/home/runner/.openmodelica/libraries/Complex 4.0.0+maint.om/package.mo", uses=false)
loadFile("/home/runner/.openmodelica/libraries/Modelica 4.0.0+maint.om/package.mo", uses=false)
loadFile("/home/runner/work/openmodelica-library-testing-action/openmodelica-library-testing-action/examples/MyLibrary/package.mo", uses=false)
Using package MyLibrary with version 1.0.0 (/home/runner/work/openmodelica-library-testing-action/openmodelica-library-testing-action/examples/MyLibrary/package.mo)
Using package Modelica with version 4.0.0 (/home/runner/.openmodelica/libraries/Modelica 4.0.0+maint.om/package.mo)
Using package Complex with version 4.0.0 (/home/runner/.openmodelica/libraries/Complex 4.0.0+maint.om/package.mo)
Using package ModelicaServices with version 4.0.0 (/home/runner/.openmodelica/libraries/ModelicaServices 4.0.0+maint.om/package.mo)
Running command: translateModel(MyLibrary.Blocks.Examples.PID_Controller,tolerance=1e-06,outputFormat="mat",numberOfIntervals=5000,variableFilter="time|PI.I.y|inertia1.phi|inertia1.w|integrator.y|spring.phi_rel|spring.w_rel",fileNamePrefix="MyLibrary_pr-7_MyLibrary.Blocks.Examples.PID_Controller")
translateModel(MyLibrary.Blocks.Examples.PID_Controller,tolerance=1e-06,outputFormat="mat",numberOfIntervals=5000,variableFilter="time|PI.I.y|inertia1.phi|inertia1.w|integrator.y|spring.phi_rel|spring.w_rel",fileNamePrefix="MyLibrary_pr-7_MyLibrary.Blocks.Examples.PID_Controller")
Notification: Performance of loadFile(/home/runner/.openmodelica/libraries/ModelicaServices 4.0.0+maint.om/package.mo): time 0.0008462/0.0008463, allocations: 103.1 kB / 15.6 MB, free: 5.273 MB / 13.93 MB
Notification: Performance of loadFile(/home/runner/.openmodelica/libraries/Complex 4.0.0+maint.om/package.mo): time 0.00103/0.00103, allocations: 175.8 kB / 16.51 MB, free: 4.668 MB / 13.93 MB
Notification: Performance of loadFile(/home/runner/.openmodelica/libraries/Modelica 4.0.0+maint.om/package.mo): time 1.737/1.737, allocations: 222.2 MB / 239.5 MB, free: 11.11 MB / 202.7 MB
Notification: Performance of loadFile(/home/runner/work/openmodelica-library-testing-action/openmodelica-library-testing-action/examples/MyLibrary/package.mo): time 0.0003041/0.0003041, allocations: 16.41 kB / 289.6 MB, free: 11.13 MB / 234.7 MB
Notification: Performance of FrontEnd - loaded program: time 0.0004572/0.0004572, allocations: 8 kB / 350 MB, free: 14.82 MB / 298.7 MB
Notification: Performance of FrontEnd - Absyn->SCode: time 0.2275/0.228, allocations: 49.45 MB / 399.5 MB, free: 33.47 MB / 298.7 MB
Notification: Performance of NFInst.instantiate(MyLibrary.Blocks.Examples.PID_Controller): time 0.003869/0.2319, allocations: 3.114 MB / 402.6 MB, free: 30.34 MB / 298.7 MB
Notification: Performance of NFInst.instExpressions: time 0.001462/0.2334, allocations: 0.9572 MB / 403.5 MB, free: 29.39 MB / 298.7 MB
Notification: Performance of NFInst.updateImplicitVariability: time 0.0002211/0.2336, allocations: 15.94 kB / 403.6 MB, free: 29.37 MB / 298.7 MB
Notification: Performance of NFTyping.typeComponents: time 0.0003245/0.234, allocations: 91.11 kB / 403.7 MB, free: 29.28 MB / 298.7 MB
Notification: Performance of NFTyping.typeBindings: time 0.0002314/0.2342, allocations: 111 kB / 403.8 MB, free: 29.17 MB / 298.7 MB
Notification: Performance of NFTyping.typeClassSections: time 0.0005067/0.2347, allocations: 226.8 kB / 404 MB, free: 28.95 MB / 298.7 MB
Notification: Performance of NFFlatten.flatten: time 0.0004145/0.2352, allocations: 0.5146 MB / 404.5 MB, free: 28.43 MB / 298.7 MB
Notification: Performance of NFFlatten.resolveConnections: time 0.0002782/0.2354, allocations: 165.2 kB / 404.7 MB, free: 28.27 MB / 298.7 MB
Notification: Performance of NFEvalConstants.evaluate: time 0.0001749/0.2356, allocations: 199.1 kB / 404.9 MB, free: 28.07 MB / 298.7 MB
Notification: Performance of NFSimplifyModel.simplify: time 0.0002419/0.2359, allocations: 207 kB / 405.1 MB, free: 27.87 MB / 298.7 MB
Notification: Performance of NFPackage.collectConstants: time 6.41e-05/0.236, allocations: 40 kB / 405.1 MB, free: 27.83 MB / 298.7 MB
Notification: Performance of NFFlatten.collectFunctions: time 6.528e-05/0.236, allocations: 40 kB / 405.1 MB, free: 27.79 MB / 298.7 MB
Notification: Performance of NFScalarize.scalarize: time 9.049e-05/0.2361, allocations: 107.5 kB / 405.2 MB, free: 27.68 MB / 298.7 MB
Notification: Performance of NFVerifyModel.verify: time 0.0001462/0.2363, allocations: 218.8 kB / 405.5 MB, free: 27.47 MB / 298.7 MB
Notification: Performance of NFConvertDAE.convert: time 0.0003474/0.2366, allocations: 488.4 kB / 405.9 MB, free: 26.99 MB / 298.7 MB
Notification: Performance of FrontEnd - DAE generated: time 3.617e-06/0.2366, allocations: 0 / 405.9 MB, free: 26.99 MB / 298.7 MB
Notification: Performance of FrontEnd: time 1.342e-06/0.2366, allocations: 0 / 405.9 MB, free: 26.99 MB / 298.7 MB
Notification: Performance of Transformations before backend: time 8.656e-06/0.2367, allocations: 4 kB / 405.9 MB, free: 26.99 MB / 298.7 MB
Notification: Model statistics after passing the front-end and creating the data structures used by the back-end:
 * Number of equations: 89
 * Number of variables: 89
Notification: Performance of Generate backend data structure: time 0.001268/0.2379, allocations: 0.7561 MB / 406.7 MB, free: 26.18 MB / 298.7 MB
Notification: Performance of prepare preOptimizeDAE: time 3.349e-05/0.238, allocations: 16.02 kB / 406.7 MB, free: 26.17 MB / 298.7 MB
Notification: Performance of preOpt normalInlineFunction (simulation): time 8.622e-05/0.2381, allocations: 48.38 kB / 406.8 MB, free: 26.12 MB / 298.7 MB
Notification: Performance of preOpt evaluateParameters (simulation): time 0.0003876/0.2385, allocations: 359.7 kB / 407.1 MB, free: 25.73 MB / 298.7 MB
Notification: Performance of preOpt simplifyIfEquations (simulation): time 2.584e-05/0.2385, allocations: 29.38 kB / 407.1 MB, free: 25.7 MB / 298.7 MB
Notification: Performance of preOpt expandDerOperator (simulation): time 6.493e-05/0.2386, allocations: 44.11 kB / 407.2 MB, free: 25.66 MB / 298.7 MB
Notification: Performance of preOpt clockPartitioning (simulation): time 0.0008677/0.2394, allocations: 446.4 kB / 407.6 MB, free: 25.2 MB / 298.7 MB
Notification: Performance of preOpt findStateOrder (simulation): time 2.206e-05/0.2395, allocations: 0 / 407.6 MB, free: 25.2 MB / 298.7 MB
Notification: Performance of preOpt replaceEdgeChange (simulation): time 3.974e-05/0.2395, allocations: 16 kB / 407.6 MB, free: 25.18 MB / 298.7 MB
Notification: Performance of preOpt inlineArrayEqn (simulation): time 1.13e-05/0.2395, allocations: 19.92 kB / 407.6 MB, free: 25.16 MB / 298.7 MB
Notification: Performance of preOpt removeEqualRHS (simulation): time 0.00106/0.2406, allocations: 371.7 kB / 408 MB, free: 24.8 MB / 298.7 MB
Notification: Performance of preOpt removeSimpleEquations (simulation): time 0.001893/0.2425, allocations: 1.575 MB / 409.6 MB, free: 23.13 MB / 298.7 MB
Notification: Performance of preOpt comSubExp (simulation): time 0.0008936/0.2434, allocations: 320.2 kB / 409.9 MB, free: 22.81 MB / 298.7 MB
Notification: Performance of preOpt resolveLoops (simulation): time 0.0006482/0.2441, allocations: 164.8 kB / 410.1 MB, free: 22.64 MB / 298.7 MB
Notification: Performance of preOpt evalFunc (simulation): time 3.273e-05/0.2441, allocations: 11.92 kB / 410.1 MB, free: 22.63 MB / 298.7 MB
Notification: Performance of preOpt encapsulateWhenConditions (simulation): time 1.517e-05/0.2442, allocations: 34.56 kB / 410.1 MB, free: 22.59 MB / 298.7 MB
Notification: Performance of pre-optimization done (n=30): time 1.733e-06/0.2442, allocations: 0 / 410.1 MB, free: 22.59 MB / 298.7 MB
Notification: Performance of matching and sorting (n=32): time 0.003299/0.2475, allocations: 1.377 MB / 411.5 MB, free: 21.12 MB / 298.7 MB
Notification: Performance of inlineWhenForInitialization (initialization): time 3.694e-05/0.2475, allocations: 81.11 kB / 411.6 MB, free: 21.02 MB / 298.7 MB
Notification: Performance of selectInitializationVariablesDAE (initialization): time 0.0003466/0.2479, allocations: 357.6 kB / 411.9 MB, free: 20.66 MB / 298.7 MB
Notification: Performance of collectPreVariables (initialization): time 2.562e-05/0.2479, allocations: 29.7 kB / 411.9 MB, free: 20.63 MB / 298.7 MB
Notification: Performance of collectInitialEqns (initialization): time 0.000122/0.248, allocations: 239.9 kB / 412.2 MB, free: 20.39 MB / 298.7 MB
Notification: Performance of collectInitialBindings (initialization): time 6.442e-05/0.2481, allocations: 118.4 kB / 412.3 MB, free: 20.27 MB / 298.7 MB
Notification: Performance of simplifyInitialFunctions (initialization): time 0.000125/0.2482, allocations: 82.03 kB / 412.4 MB, free: 20.19 MB / 298.7 MB
Notification: Performance of setup shared object (initialization): time 6.811e-05/0.2483, allocations: 358.7 kB / 412.7 MB, free: 19.83 MB / 298.7 MB
Notification: Performance of preBalanceInitialSystem (initialization): time 0.0004983/0.2488, allocations: 174.5 kB / 412.9 MB, free: 19.65 MB / 298.7 MB
Notification: Performance of partitionIndependentBlocks (initialization): time 0.0005077/0.2493, allocations: 248.8 kB / 413.1 MB, free: 19.38 MB / 298.7 MB
Notification: Performance of analyzeInitialSystem (initialization): time 0.000922/0.2503, allocations: 396.3 kB / 413.5 MB, free: 18.97 MB / 298.7 MB
Notification: Performance of solveInitialSystemEqSystem (initialization): time 2.054e-06/0.2503, allocations: 0 / 413.5 MB, free: 18.97 MB / 298.7 MB
Notification: Performance of matching and sorting (n=51) (initialization): time 0.001146/0.2514, allocations: 492.8 kB / 414 MB, free: 18.48 MB / 298.7 MB
Notification: Performance of prepare postOptimizeDAE: time 1.558e-05/0.2515, allocations: 4 kB / 414 MB, free: 18.48 MB / 298.7 MB
Notification: Performance of postOpt simplifyComplexFunction (initialization): time 7.163e-06/0.2515, allocations: 4 kB / 414 MB, free: 18.47 MB / 298.7 MB
Notification: Performance of postOpt tearingSystem (initialization): time 1.789e-05/0.2515, allocations: 4 kB / 414 MB, free: 18.47 MB / 298.7 MB
Notification: Performance of postOpt solveSimpleEquations (initialization): time 0.001082/0.2526, allocations: 215.9 kB / 414.2 MB, free: 18.26 MB / 298.7 MB
Notification: Performance of postOpt calculateStrongComponentJacobians (initialization): time 0.00151/0.2541, allocations: 1.568 MB / 415.8 MB, free: 16.55 MB / 298.7 MB
Notification: Performance of postOpt simplifyAllExpressions (initialization): time 0.0003979/0.2545, allocations: 44.02 kB / 415.8 MB, free: 16.51 MB / 298.7 MB
Notification: Performance of postOpt collapseArrayExpressions (initialization): time 2.913e-05/0.2546, allocations: 12 kB / 415.8 MB, free: 16.5 MB / 298.7 MB
Notification: Performance of preBalanceInitialSystem (initialization_lambda0): time 0.000528/0.2551, allocations: 272.9 kB / 416.1 MB, free: 16.22 MB / 298.7 MB
Notification: Performance of partitionIndependentBlocks (initialization_lambda0): time 0.0004546/0.2556, allocations: 240.8 kB / 416.3 MB, free: 15.96 MB / 298.7 MB
Notification: Performance of analyzeInitialSystem (initialization_lambda0): time 0.0008381/0.2564, allocations: 371.7 kB / 416.7 MB, free: 15.57 MB / 298.7 MB
Notification: Performance of solveInitialSystemEqSystem (initialization_lambda0): time 2.685e-06/0.2564, allocations: 3.984 kB / 416.7 MB, free: 15.57 MB / 298.7 MB
Notification: Performance of matching and sorting (n=51) (initialization_lambda0): time 0.001019/0.2574, allocations: 468.9 kB / 417.2 MB, free: 15.1 MB / 298.7 MB
Notification: Performance of prepare postOptimizeDAE: time 8.506e-06/0.2575, allocations: 8 kB / 417.2 MB, free: 15.09 MB / 298.7 MB
Notification: Performance of postOpt simplifyComplexFunction (initialization): time 3.968e-06/0.2575, allocations: 3.984 kB / 417.2 MB, free: 15.09 MB / 298.7 MB
Notification: Performance of postOpt tearingSystem (initialization): time 5.38e-06/0.2575, allocations: 7.938 kB / 417.2 MB, free: 15.08 MB / 298.7 MB
Notification: Performance of postOpt solveSimpleEquations (initialization): time 0.0006008/0.2581, allocations: 119.8 kB / 417.3 MB, free: 14.96 MB / 298.7 MB
Notification: Performance of postOpt calculateStrongComponentJacobians (initialization): time 5.901e-06/0.2581, allocations: 4 kB / 417.3 MB, free: 14.96 MB / 298.7 MB
Notification: Performance of postOpt simplifyAllExpressions (initialization): time 0.0003675/0.2585, allocations: 40.11 kB / 417.3 MB, free: 14.92 MB / 298.7 MB
Notification: Performance of postOpt collapseArrayExpressions (initialization): time 2.601e-05/0.2585, allocations: 12 kB / 417.4 MB, free: 14.91 MB / 298.7 MB
Notification: Model statistics after passing the back-end for initialization:
 * Number of independent subsystems: 9
 * Number of states: 0 ()
 * Number of discrete variables: 3 (kinematicPTP.noWphase,integrator.local_reset,PI.I.local_reset)
 * Number of discrete states: 0 ()
 * Number of clocked states: 0 ()
 * Top-level inputs: 0
Notification: Strong component statistics for initialization (51):
 * Single equations (assignments): 50
 * Array equations: 0
 * Algorithm blocks: 0
 * Record equations: 0
 * When equations: 0
 * If-equations: 0
 * Equation systems (not torn): 1
 * Torn equation systems: 0
 * Mixed (continuous/discrete) equation systems: 0
Notification: Equation system details (not torn):
 * Constant Jacobian (size): 0 systems
 * Linear Jacobian (size,density): 0 systems
 * Non-linear Jacobian (size): 1 system
   {1}
 * Without analytic Jacobian (size): 0 systems
Notification: Performance of prepare postOptimizeDAE: time 0.0001108/0.2586, allocations: 212 kB / 417.6 MB, free: 14.7 MB / 298.7 MB
Notification: Performance of postOpt lateInlineFunction (simulation): time 7.24e-05/0.2587, allocations: 39.47 kB / 417.6 MB, free: 14.66 MB / 298.7 MB
Notification: Performance of postOpt wrapFunctionCalls (simulation): time 9.227e-05/0.2588, allocations: 48.25 kB / 417.7 MB, free: 14.61 MB / 298.7 MB
Notification: Performance of postOpt inlineArrayEqn (simulation): time 3.557e-06/0.2588, allocations: 4 kB / 417.7 MB, free: 14.61 MB / 298.7 MB
Notification: Performance of postOpt constantLinearSystem (simulation): time 2.144e-06/0.2588, allocations: 0 / 417.7 MB, free: 14.61 MB / 298.7 MB
Notification: Performance of postOpt simplifysemiLinear (simulation): time 6.232e-06/0.2588, allocations: 7.984 kB / 417.7 MB, free: 14.6 MB / 298.7 MB
Notification: Performance of postOpt removeSimpleEquations (simulation): time 0.001634/0.2605, allocations: 0.9165 MB / 418.6 MB, free: 13.62 MB / 298.7 MB
Notification: Performance of postOpt simplifyComplexFunction (simulation): time 2.956e-06/0.2605, allocations: 0 / 418.6 MB, free: 13.62 MB / 298.7 MB
Notification: Performance of postOpt solveSimpleEquations (simulation): time 0.0005264/0.261, allocations: 83.94 kB / 418.7 MB, free: 13.54 MB / 298.7 MB
Notification: Performance of postOpt tearingSystem (simulation): time 4.488e-06/0.2611, allocations: 0 / 418.7 MB, free: 13.54 MB / 298.7 MB
Notification: Performance of postOpt inputDerivativesUsed (simulation): time 2.757e-05/0.2611, allocations: 15.92 kB / 418.7 MB, free: 13.52 MB / 298.7 MB
Notification: Performance of postOpt calculateStrongComponentJacobians (simulation): time 8.576e-06/0.2611, allocations: 7.938 kB / 418.7 MB, free: 13.51 MB / 298.7 MB
Notification: Performance of postOpt calculateStateSetsJacobians (simulation): time 1.592e-06/0.2611, allocations: 4.125 kB / 418.7 MB, free: 13.51 MB / 298.7 MB
Notification: Performance of postOpt symbolicJacobian (simulation): time 0.001412/0.2625, allocations: 0.6663 MB / 419.4 MB, free: 12.81 MB / 298.7 MB
Notification: Performance of postOpt removeConstants (simulation): time 0.0001234/0.2627, allocations: 136.7 kB / 419.5 MB, free: 12.66 MB / 298.7 MB
Notification: Performance of postOpt simplifyTimeIndepFuncCalls (simulation): time 5.747e-05/0.2627, allocations: 12 kB / 419.5 MB, free: 12.65 MB / 298.7 MB
Notification: Performance of postOpt simplifyAllExpressions (simulation): time 0.0003694/0.2631, allocations: 39.95 kB / 419.5 MB, free: 12.61 MB / 298.7 MB
Notification: Performance of postOpt findZeroCrossings (simulation): time 9.37e-05/0.2632, allocations: 27.91 kB / 419.6 MB, free: 12.58 MB / 298.7 MB
Notification: Performance of postOpt collapseArrayExpressions (simulation): time 1.967e-05/0.2632, allocations: 4 kB / 419.6 MB, free: 12.58 MB / 298.7 MB
Notification: Performance of sorting global known variables: time 0.0002192/0.2635, allocations: 255.2 kB / 419.8 MB, free: 12.33 MB / 298.7 MB
Notification: Performance of sort global known variables: time 1.8e-07/0.2635, allocations: 0 / 419.8 MB, free: 12.33 MB / 298.7 MB
Notification: Performance of remove unused functions: time 0.0006337/0.2641, allocations: 132 kB / 420 MB, free: 12.2 MB / 298.7 MB
Notification: Model statistics after passing the back-end for simulation:
 * Number of independent subsystems: 5
 * Number of states: 6 (PI.I.y,inertia1.phi,spring.phi_rel,spring.w_rel,inertia2.w,integrator.y)
 * Number of discrete variables: 1 (kinematicPTP.noWphase)
 * Number of discrete states: 0 ()
 * Number of clocked states: 0 ()
 * Top-level inputs: 0
Notification: Strong component statistics for simulation (32):
 * Single equations (assignments): 32
 * Array equations: 0
 * Algorithm blocks: 0
 * Record equations: 0
 * When equations: 0
 * If-equations: 0
 * Equation systems (not torn): 0
 * Torn equation systems: 0
 * Mixed (continuous/discrete) equation systems: 0
Notification: Performance of Backend phase and start with SimCode phase: time 8.702e-05/0.2642, allocations: 107.2 kB / 420.1 MB, free: 12.08 MB / 298.7 MB
Notification: Performance of simCode: created initialization part: time 0.002076/0.2663, allocations: 0.7113 MB / 420.8 MB, free: 11.37 MB / 298.7 MB
Notification: Performance of simCode: created event and clocks part: time 2.815e-06/0.2663, allocations: 0 / 420.8 MB, free: 11.37 MB / 298.7 MB
Notification: Performance of simCode: created simulation system equations: time 0.0004838/0.2668, allocations: 179.8 kB / 420.9 MB, free: 11.2 MB / 298.7 MB
Notification: Performance of simCode: created of all other equations (e.g. parameter, nominal, assert, etc): time 0.0007545/0.2676, allocations: 99.88 kB / 421 MB, free: 11.11 MB / 298.7 MB
Notification: Performance of simCode: created linear, non-linear and system jacobian parts: time 0.001717/0.2693, allocations: 1.014 MB / 422.1 MB, free: 10.05 MB / 298.7 MB
Notification: Performance of simCode: some other stuff during SimCode phase: time 0.0002414/0.2695, allocations: 0.8234 MB / 422.9 MB, free: 9.199 MB / 298.7 MB
Notification: Performance of simCode: alias equations: time 0.0002693/0.2698, allocations: 63.25 kB / 422.9 MB, free: 9.141 MB / 298.7 MB
Notification: Performance of simCode: all other stuff during SimCode phase: time 0.0001204/0.2699, allocations: 27.44 kB / 423 MB, free: 9.113 MB / 298.7 MB
Notification: Performance of SimCode: time 2.91e-07/0.27, allocations: 0 / 423 MB, free: 9.113 MB / 298.7 MB
Notification: Performance of Templates: time 0.00903/0.279, allocations: 4.645 MB / 427.6 MB, free: 4.516 MB / 298.7 MB
make -j1 -f MyLibrary_pr-7_MyLibrary.Blocks.Examples.PID_Controller.makefile
(rm -f MyLibrary_pr-7_MyLibrary.Blocks.Examples.PID_Controller.pipe ; mkfifo MyLibrary_pr-7_MyLibrary.Blocks.Examples.PID_Controller.pipe ; head -c 1048576 < MyLibrary_pr-7_MyLibrary.Blocks.Examples.PID_Controller.pipe >> ../files/MyLibrary_pr-7_MyLibrary.Blocks.Examples.PID_Controller.sim & ./MyLibrary_pr-7_MyLibrary.Blocks.Examples.PID_Controller  -abortSlowSimulation -alarm=480  -emit_protected -lv LOG_STATS > MyLibrary_pr-7_MyLibrary.Blocks.Examples.PID_Controller.pipe 2>&1)
diffSimulationResults("MyLibrary_pr-7_MyLibrary.Blocks.Examples.PID_Controller_res.mat","/home/runner/work/openmodelica-library-testing-action/openmodelica-library-testing-action/examples/ReferenceFiles/MyLibrary.Blocks.Examples.PID_Controller.csv","../files/MyLibrary_pr-7_MyLibrary.Blocks.Examples.PID_Controller.diff",relTol=0.003,relTolDiffMinMax=0.003,rangeDelta=0.001)
""

Variables in the reference:time,PI.I.y,inertia1.phi,inertia1.w,integrator.y,spring.phi_rel,spring.w_rel

Variables in the result:PI.Dzero.k,PI.Dzero.y,PI.FFzero.k,PI.FFzero.y,PI.I.initType,PI.I.k,PI.I.y,PI.I.y_start,PI.Nd,PI.Ni,PI.P.k,PI.Td,PI.Ti,PI.addFF.k1,PI.addFF.k2,PI.addFF.u2,PI.addI.k1,PI.addI.k2,PI.addI.k3,PI.addP.k1,PI.addP.k2,PI.addPID.k1,PI.addPID.k2,PI.addPID.k3,PI.addPID.u2,PI.addSat.k1,PI.addSat.k2,PI.controllerType,PI.gainPID.k,PI.gainTrack.k,PI.homotopyType,PI.initType,PI.k,PI.kFF,PI.limiter.homotopyType,PI.limiter.strict,PI.limiter.uMax,PI.limiter.uMin,PI.strict,PI.wd,PI.withFeedForward,PI.with_D,PI.with_I,PI.wp,PI.xd_start,PI.xi_start,PI.yMax,PI.yMin,PI.y_start,driveAngle,inertia1.J,inertia1.phi,inertia1.w,inertia2.J,inertia2.flange_b.tau,integrator.initType,integrator.k,integrator.y,integrator.y_start,kinematicPTP.deltaq[1],kinematicPTP.nout,kinematicPTP.p_deltaq[1],kinematicPTP.p_qd_max[1],kinematicPTP.p_qdd_max[1],kinematicPTP.qd_max[1],kinematicPTP.qdd_max[1],kinematicPTP.startTime,loadTorque.flange.tau,loadTorque.tau,loadTorque.tau_constant,spring.c,spring.d,spring.phi_nominal,spring.phi_rel,spring.phi_rel0,spring.w_rel,time
