Running: ./testmodel.py --libraries=/home/runner/.openmodelica/libraries/ --ompython_omhome= MyLibrary_pr-7_MyLibrary.Mechanics.MultiBody.Examples.Pendulum.conf.json
loadFile("/home/runner/.openmodelica/libraries/ModelicaServices 4.0.0+maint.om/package.mo", uses=false)
loadFile("/home/runner/.openmodelica/libraries/Complex 4.0.0+maint.om/package.mo", uses=false)
loadFile("/home/runner/.openmodelica/libraries/Modelica 4.0.0+maint.om/package.mo", uses=false)
loadFile("/home/runner/work/openmodelica-library-testing-action/openmodelica-library-testing-action/examples/MyLibrary/package.mo", uses=false)
Using package MyLibrary with version 1.0.0 (/home/runner/work/openmodelica-library-testing-action/openmodelica-library-testing-action/examples/MyLibrary/package.mo)
Using package Modelica with version 4.0.0 (/home/runner/.openmodelica/libraries/Modelica 4.0.0+maint.om/package.mo)
Using package Complex with version 4.0.0 (/home/runner/.openmodelica/libraries/Complex 4.0.0+maint.om/package.mo)
Using package ModelicaServices with version 4.0.0 (/home/runner/.openmodelica/libraries/ModelicaServices 4.0.0+maint.om/package.mo)
Running command: translateModel(MyLibrary.Mechanics.MultiBody.Examples.Pendulum,tolerance=1e-06,outputFormat="mat",numberOfIntervals=5000,variableFilter="time|rev.phi|rev.w",fileNamePrefix="MyLibrary_pr-7_MyLibrary.Mechanics.MultiBody.Examples.Pendulum")
translateModel(MyLibrary.Mechanics.MultiBody.Examples.Pendulum,tolerance=1e-06,outputFormat="mat",numberOfIntervals=5000,variableFilter="time|rev.phi|rev.w",fileNamePrefix="MyLibrary_pr-7_MyLibrary.Mechanics.MultiBody.Examples.Pendulum")
Notification: Performance of loadFile(/home/runner/.openmodelica/libraries/ModelicaServices 4.0.0+maint.om/package.mo): time 0.0009752/0.0009753, allocations: 100.9 kB / 15.6 MB, free: 5.273 MB / 13.93 MB
Notification: Performance of loadFile(/home/runner/.openmodelica/libraries/Complex 4.0.0+maint.om/package.mo): time 0.0009891/0.000989, allocations: 175.8 kB / 16.51 MB, free: 4.668 MB / 13.93 MB
Notification: Performance of loadFile(/home/runner/.openmodelica/libraries/Modelica 4.0.0+maint.om/package.mo): time 1.725/1.725, allocations: 222.2 MB / 239.4 MB, free: 11.11 MB / 202.7 MB
Notification: Performance of loadFile(/home/runner/work/openmodelica-library-testing-action/openmodelica-library-testing-action/examples/MyLibrary/package.mo): time 0.0003068/0.000307, allocations: 25.75 kB / 289.6 MB, free: 11.14 MB / 234.7 MB
Notification: Performance of FrontEnd - loaded program: time 0.0004435/0.0004436, allocations: 11.94 kB / 350 MB, free: 14.83 MB / 298.7 MB
Notification: Performance of FrontEnd - Absyn->SCode: time 0.2229/0.2233, allocations: 49.44 MB / 399.5 MB, free: 33.5 MB / 298.7 MB
Notification: Performance of NFInst.instantiate(MyLibrary.Mechanics.MultiBody.Examples.Pendulum): time 0.00691/0.2303, allocations: 7.127 MB / 406.6 MB, free: 26.34 MB / 298.7 MB
Notification: Performance of NFInst.instExpressions: time 0.004637/0.235, allocations: 3.154 MB / 409.8 MB, free: 23.18 MB / 298.7 MB
Notification: Performance of NFInst.updateImplicitVariability: time 0.0004726/0.2354, allocations: 31.94 kB / 409.8 MB, free: 23.15 MB / 298.7 MB
Notification: Performance of NFTyping.typeComponents: time 0.001485/0.2369, allocations: 0.7859 MB / 410.6 MB, free: 22.36 MB / 298.7 MB
Notification: Performance of NFTyping.typeBindings: time 0.002304/0.2393, allocations: 1.315 MB / 411.9 MB, free: 21.04 MB / 298.7 MB
Notification: Performance of NFTyping.typeClassSections: time 0.0008633/0.2402, allocations: 499 kB / 412.4 MB, free: 20.55 MB / 298.7 MB
Notification: Performance of NFFlatten.flatten: time 0.002118/0.2423, allocations: 2.522 MB / 414.9 MB, free: 18.02 MB / 298.7 MB
Notification: Performance of NFFlatten.resolveConnections: time 0.001029/0.2433, allocations: 1.161 MB / 416.1 MB, free: 16.85 MB / 298.7 MB
Notification: Performance of NFEvalConstants.evaluate: time 0.0005508/0.2439, allocations: 0.7549 MB / 416.8 MB, free: 16.09 MB / 298.7 MB
Notification: Performance of NFSimplifyModel.simplify: time 0.001066/0.245, allocations: 1.102 MB / 417.9 MB, free: 14.99 MB / 298.7 MB
Notification: Performance of NFPackage.collectConstants: time 0.0002186/0.2452, allocations: 136 kB / 418 MB, free: 14.86 MB / 298.7 MB
Notification: Performance of NFFlatten.collectFunctions: time 0.001258/0.2465, allocations: 0.8814 MB / 418.9 MB, free: 13.97 MB / 298.7 MB
Notification: Performance of NFScalarize.scalarize: time 0.0005974/0.2471, allocations: 0.9972 MB / 419.9 MB, free: 12.97 MB / 298.7 MB
Notification: Performance of NFVerifyModel.verify: time 0.000833/0.2479, allocations: 1.203 MB / 421.1 MB, free: 11.76 MB / 298.7 MB
Notification: Performance of NFConvertDAE.convert: time 0.002586/0.2505, allocations: 3.779 MB / 424.9 MB, free: 7.973 MB / 298.7 MB
Notification: Performance of FrontEnd - DAE generated: time 4.378e-06/0.2505, allocations: 0 / 424.9 MB, free: 7.973 MB / 298.7 MB
Notification: Performance of FrontEnd: time 1.923e-06/0.2505, allocations: 3.938 kB / 424.9 MB, free: 7.969 MB / 298.7 MB
Notification: Performance of Transformations before backend: time 2.672e-05/0.2506, allocations: 0 / 424.9 MB, free: 7.969 MB / 298.7 MB
Notification: Model statistics after passing the front-end and creating the data structures used by the back-end:
 * Number of equations: 934
 * Number of variables: 934
Notification: Performance of Generate backend data structure: time 0.004361/0.2549, allocations: 2.886 MB / 427.8 MB, free: 5.023 MB / 298.7 MB
Notification: Performance of prepare preOptimizeDAE: time 3.725e-05/0.255, allocations: 16.03 kB / 427.8 MB, free: 5.008 MB / 298.7 MB
Notification: Performance of preOpt normalInlineFunction (simulation): time 0.006921/0.2619, allocations: 1.635 MB / 429.4 MB, free: 3.367 MB / 298.7 MB
Notification: Performance of preOpt evaluateParameters (simulation): time 0.00223/0.2642, allocations: 1.32 MB / 430.8 MB, free: 2.004 MB / 298.7 MB
Notification: Performance of preOpt simplifyIfEquations (simulation): time 7.036e-05/0.2643, allocations: 122.7 kB / 430.9 MB, free: 1.883 MB / 298.7 MB
Notification: Performance of preOpt expandDerOperator (simulation): time 0.000331/0.2646, allocations: 155.8 kB / 431 MB, free: 1.73 MB / 298.7 MB
Notification: Performance of preOpt clockPartitioning (simulation): time 0.008641/0.2732, allocations: 6.359 MB / 437.4 MB, free: 10.84 MB / 314.7 MB
Notification: Performance of preOpt findStateOrder (simulation): time 6.645e-05/0.2733, allocations: 39.64 kB / 437.4 MB, free: 10.8 MB / 314.7 MB
Notification: Performance of preOpt replaceEdgeChange (simulation): time 0.0002628/0.2736, allocations: 75.89 kB / 437.5 MB, free: 10.73 MB / 314.7 MB
Notification: Performance of preOpt inlineArrayEqn (simulation): time 0.002621/0.2762, allocations: 1.441 MB / 439 MB, free: 9.281 MB / 314.7 MB
Notification: Performance of preOpt removeEqualRHS (simulation): time 0.009174/0.2854, allocations: 5.67 MB / 444.6 MB, free: 3.605 MB / 314.7 MB
Notification: Performance of preOpt removeSimpleEquations (simulation): time 0.02672/0.3122, allocations: 26.29 MB / 470.9 MB, free: 8.484 MB / 346.7 MB
Notification: Performance of preOpt comSubExp (simulation): time 0.004875/0.3171, allocations: 2.27 MB / 473.2 MB, free: 6.066 MB / 346.7 MB
Notification: Performance of preOpt resolveLoops (simulation): time 0.001197/0.3183, allocations: 1.022 MB / 474.2 MB, free: 5.035 MB / 346.7 MB
Notification: Performance of preOpt evalFunc (simulation): time 5.47e-05/0.3183, allocations: 19.92 kB / 474.2 MB, free: 5.016 MB / 346.7 MB
Notification: Performance of preOpt encapsulateWhenConditions (simulation): time 2.001e-05/0.3184, allocations: 42.56 kB / 474.3 MB, free: 4.965 MB / 346.7 MB
Notification: Performance of pre-optimization done (n=98): time 3.056e-06/0.3184, allocations: 0 / 474.3 MB, free: 4.965 MB / 346.7 MB
Notification: Performance of matching and sorting (n=106): time 0.02414/0.3425, allocations: 8.573 MB / 482.8 MB, free: 12.25 MB / 362.7 MB
Notification: Performance of inlineWhenForInitialization (initialization): time 3.892e-05/0.3426, allocations: 144.5 kB / 483 MB, free: 12.08 MB / 362.7 MB
Notification: Performance of selectInitializationVariablesDAE (initialization): time 0.003336/0.3459, allocations: 2.823 MB / 485.8 MB, free: 9.238 MB / 362.7 MB
Notification: Performance of collectPreVariables (initialization): time 7.851e-05/0.346, allocations: 37.7 kB / 485.8 MB, free: 9.195 MB / 362.7 MB
Notification: Performance of collectInitialEqns (initialization): time 0.001093/0.3471, allocations: 2.071 MB / 487.9 MB, free: 7.094 MB / 362.7 MB
Notification: Performance of collectInitialBindings (initialization): time 0.0002671/0.3474, allocations: 446.6 kB / 488.3 MB, free: 6.652 MB / 362.7 MB
Notification: Performance of simplifyInitialFunctions (initialization): time 0.0009535/0.3484, allocations: 0.8769 MB / 489.2 MB, free: 5.762 MB / 362.7 MB
Notification: Performance of setup shared object (initialization): time 3.467e-05/0.3484, allocations: 305.1 kB / 489.5 MB, free: 5.461 MB / 362.7 MB
Notification: Performance of preBalanceInitialSystem (initialization): time 0.002181/0.3506, allocations: 1.418 MB / 490.9 MB, free: 4.035 MB / 362.7 MB
Notification: Performance of partitionIndependentBlocks (initialization): time 0.004344/0.3549, allocations: 4.242 MB / 495.2 MB, free: 14.36 MB / 378.7 MB
Notification: Performance of analyzeInitialSystem (initialization): time 0.006046/0.361, allocations: 6.141 MB / 0.4896 GB, free: 6.809 MB / 378.7 MB
Notification: Performance of solveInitialSystemEqSystem (initialization): time 3.764e-05/0.3611, allocations: 39.92 kB / 0.4896 GB, free: 6.77 MB / 378.7 MB
Notification: Performance of matching and sorting (n=573) (initialization): time 0.01248/0.3736, allocations: 6.096 MB / 0.4956 GB, free: 0.6602 MB / 378.7 MB
Notification: Performance of prepare postOptimizeDAE: time 8.571e-05/0.3737, allocations: 54.91 kB / 0.4956 GB, free: 0.6094 MB / 378.7 MB
Notification: Performance of postOpt simplifyComplexFunction (initialization): time 0.000117/0.3738, allocations: 100 kB / 0.4957 GB, free: 0.5117 MB / 378.7 MB
Notification: Performance of postOpt tearingSystem (initialization): time 0.2041/0.5779, allocations: 0.7961 MB / 0.4965 GB, free: 93.38 MB / 378.7 MB
Notification: Performance of postOpt solveSimpleEquations (initialization): time 0.003717/0.5816, allocations: 0.9926 MB / 0.4975 GB, free: 93.38 MB / 378.7 MB
Notification: Performance of postOpt calculateStrongComponentJacobians (initialization): time 0.005809/0.5875, allocations: 4.463 MB / 0.5018 GB, free: 91.53 MB / 378.7 MB
Notification: Performance of postOpt simplifyAllExpressions (initialization): time 0.003101/0.5906, allocations: 247.5 kB / 0.502 GB, free: 91.46 MB / 378.7 MB
Notification: Performance of postOpt collapseArrayExpressions (initialization): time 0.000353/0.5909, allocations: 282.6 kB / 0.5023 GB, free: 91.43 MB / 378.7 MB
Notification: Model statistics after passing the back-end for initialization:
 * Number of independent subsystems: 459
 * Number of states: 0 ()
 * Number of discrete variables: 18 (body.sphereColor[3],body.sphereColor[2],body.sphereColor[1],rev.cylinderColor[3],rev.cylinderColor[2],rev.cylinderColor[1],world.gravityArrowColor[3],world.gravityArrowColor[2],world.gravityArrowColor[1],world.axisColor_x[3],world.axisColor_x[2],world.axisColor_x[1],world.groundColor[3],world.groundColor[2],world.groundColor[1],world.gravitySphereColor[3],world.gravitySphereColor[2],world.gravitySphereColor[1])
 * Number of discrete states: 0 ()
 * Number of clocked states: 0 ()
 * Top-level inputs: 0
Notification: Strong component statistics for initialization (537):
 * Single equations (assignments): 533
 * Array equations: 3
 * Algorithm blocks: 0
 * Record equations: 0
 * When equations: 0
 * If-equations: 0
 * Equation systems (not torn): 0
 * Torn equation systems: 1
 * Mixed (continuous/discrete) equation systems: 0
Notification: Torn system details for strict tearing set:
 * Linear torn systems (#iteration vars, #inner vars, density): 1 system
   {(2,11,100.0%)}
 * Non-linear torn systems (#iteration vars, #inner vars): 0 systems
Notification: Performance of prepare postOptimizeDAE: time 0.001854/0.5928, allocations: 1.366 MB / 0.5037 GB, free: 90.8 MB / 378.7 MB
Notification: Performance of postOpt lateInlineFunction (simulation): time 0.0003687/0.5932, allocations: 232.7 kB / 0.5039 GB, free: 90.79 MB / 378.7 MB
Notification: Performance of postOpt wrapFunctionCalls (simulation): time 0.004282/0.5975, allocations: 1.859 MB / 0.5057 GB, free: 90.23 MB / 378.7 MB
Notification: Performance of postOpt inlineArrayEqn (simulation): time 2.029e-05/0.5975, allocations: 11.72 kB / 0.5057 GB, free: 90.23 MB / 378.7 MB
Notification: Performance of postOpt constantLinearSystem (simulation): time 9.378e-06/0.5975, allocations: 3.906 kB / 0.5057 GB, free: 90.23 MB / 378.7 MB
Notification: Performance of postOpt simplifysemiLinear (simulation): time 1.094e-05/0.5975, allocations: 8.844 kB / 0.5057 GB, free: 90.23 MB / 378.7 MB
Notification: Performance of postOpt removeSimpleEquations (simulation): time 0.008048/0.6056, allocations: 4.803 MB / 0.5104 GB, free: 88.55 MB / 378.7 MB
Notification: Performance of postOpt simplifyComplexFunction (simulation): time 6.542e-06/0.6056, allocations: 3 kB / 0.5104 GB, free: 88.55 MB / 378.7 MB
Notification: Performance of postOpt solveSimpleEquations (simulation): time 0.0007276/0.6064, allocations: 129 kB / 0.5105 GB, free: 88.55 MB / 378.7 MB
Notification: Performance of postOpt tearingSystem (simulation): time 0.002336/0.6087, allocations: 0.6485 MB / 0.5112 GB, free: 88.47 MB / 378.7 MB
Notification: Performance of postOpt inputDerivativesUsed (simulation): time 8.304e-05/0.6088, allocations: 28.58 kB / 0.5112 GB, free: 88.45 MB / 378.7 MB
Notification: Performance of postOpt calculateStrongComponentJacobians (simulation): time 0.004724/0.6135, allocations: 3.947 MB / 0.515 GB, free: 85.29 MB / 378.7 MB
Notification: Performance of postOpt calculateStateSetsJacobians (simulation): time 2.335e-06/0.6136, allocations: 0 / 0.515 GB, free: 85.29 MB / 378.7 MB
Notification: Performance of postOpt symbolicJacobian (simulation): time 0.005582/0.6191, allocations: 3.688 MB / 0.5186 GB, free: 81.7 MB / 378.7 MB
Notification: Performance of postOpt removeConstants (simulation): time 0.0003491/0.6195, allocations: 291.7 kB / 0.5189 GB, free: 81.44 MB / 378.7 MB
Notification: Performance of postOpt simplifyTimeIndepFuncCalls (simulation): time 0.0002754/0.6198, allocations: 20 kB / 0.5189 GB, free: 81.42 MB / 378.7 MB
Notification: Performance of postOpt simplifyAllExpressions (simulation): time 0.001066/0.6209, allocations: 72.45 kB / 0.519 GB, free: 81.36 MB / 378.7 MB
Notification: Performance of postOpt findZeroCrossings (simulation): time 0.0001899/0.6211, allocations: 51.92 kB / 0.5191 GB, free: 81.3 MB / 378.7 MB
Notification: Performance of postOpt collapseArrayExpressions (simulation): time 8.636e-05/0.6212, allocations: 28 kB / 0.5191 GB, free: 81.28 MB / 378.7 MB
Notification: Performance of sorting global known variables: time 0.002123/0.6233, allocations: 1.757 MB / 0.5208 GB, free: 79.52 MB / 378.7 MB
Notification: Performance of sort global known variables: time 2.61e-07/0.6233, allocations: 0 / 0.5208 GB, free: 79.52 MB / 378.7 MB
Notification: Performance of remove unused functions: time 0.003071/0.6264, allocations: 0.6459 MB / 0.5214 GB, free: 78.88 MB / 378.7 MB
Notification: Model statistics after passing the back-end for simulation:
 * Number of independent subsystems: 6
 * Number of states: 2 (rev.phi,rev.w)
 * Number of discrete variables: 0 ()
 * Number of discrete states: 0 ()
 * Number of clocked states: 0 ()
 * Top-level inputs: 0
Notification: Strong component statistics for simulation (75):
 * Single equations (assignments): 71
 * Array equations: 3
 * Algorithm blocks: 0
 * Record equations: 0
 * When equations: 0
 * If-equations: 0
 * Equation systems (not torn): 0
 * Torn equation systems: 1
 * Mixed (continuous/discrete) equation systems: 0
Notification: Torn system details for strict tearing set:
 * Linear torn systems (#iteration vars, #inner vars, density): 1 system
   {(1,9,100.0%)}
 * Non-linear torn systems (#iteration vars, #inner vars): 0 systems
Notification: Performance of Backend phase and start with SimCode phase: time 0.0003167/0.6267, allocations: 141 kB / 0.5216 GB, free: 78.73 MB / 378.7 MB
Notification: Performance of simCode: created initialization part: time 0.004607/0.6313, allocations: 3.639 MB / 0.5251 GB, free: 75.15 MB / 378.7 MB
Notification: Performance of simCode: created event and clocks part: time 3.106e-06/0.6313, allocations: 0 / 0.5251 GB, free: 75.15 MB / 378.7 MB
Notification: Performance of simCode: created simulation system equations: time 0.001122/0.6325, allocations: 0.9327 MB / 0.526 GB, free: 74.21 MB / 378.7 MB
Notification: Performance of simCode: created of all other equations (e.g. parameter, nominal, assert, etc): time 0.001561/0.634, allocations: 260 kB / 0.5263 GB, free: 73.96 MB / 378.7 MB
Notification: Performance of simCode: created linear, non-linear and system jacobian parts: time 0.006637/0.6407, allocations: 5.488 MB / 0.5316 GB, free: 68.46 MB / 378.7 MB
Notification: Performance of simCode: some other stuff during SimCode phase: time 0.001758/0.6425, allocations: 2.192 MB / 0.5338 GB, free: 66.23 MB / 378.7 MB
Notification: Performance of simCode: alias equations: time 0.003025/0.6455, allocations: 1.396 MB / 0.5351 GB, free: 64.82 MB / 378.7 MB
Notification: Performance of simCode: all other stuff during SimCode phase: time 0.000398/0.6459, allocations: 163.4 kB / 0.5353 GB, free: 64.67 MB / 378.7 MB
Notification: Performance of SimCode: time 4.51e-07/0.6459, allocations: 0 / 0.5353 GB, free: 64.67 MB / 378.7 MB
Notification: Performance of Templates: time 0.036/0.6819, allocations: 22.94 MB / 0.5577 GB, free: 41.86 MB / 378.7 MB
make -j1 -f MyLibrary_pr-7_MyLibrary.Mechanics.MultiBody.Examples.Pendulum.makefile
(rm -f MyLibrary_pr-7_MyLibrary.Mechanics.MultiBody.Examples.Pendulum.pipe ; mkfifo MyLibrary_pr-7_MyLibrary.Mechanics.MultiBody.Examples.Pendulum.pipe ; head -c 1048576 < MyLibrary_pr-7_MyLibrary.Mechanics.MultiBody.Examples.Pendulum.pipe >> ../files/MyLibrary_pr-7_MyLibrary.Mechanics.MultiBody.Examples.Pendulum.sim & ./MyLibrary_pr-7_MyLibrary.Mechanics.MultiBody.Examples.Pendulum  -abortSlowSimulation -alarm=480  -emit_protected -lv LOG_STATS > MyLibrary_pr-7_MyLibrary.Mechanics.MultiBody.Examples.Pendulum.pipe 2>&1)
diffSimulationResults("MyLibrary_pr-7_MyLibrary.Mechanics.MultiBody.Examples.Pendulum_res.mat","/home/runner/work/openmodelica-library-testing-action/openmodelica-library-testing-action/examples/ReferenceFiles/MyLibrary.Mechanics.MultiBody.Examples.Pendulum.csv","../files/MyLibrary_pr-7_MyLibrary.Mechanics.MultiBody.Examples.Pendulum.diff",relTol=0.003,relTolDiffMinMax=0.003,rangeDelta=0.001)
Reference file matches
