Running: ./testmodel.py --libraries=/home/runner/.openmodelica/libraries/ --ompython_omhome= MyLibrary_heads-main_MyLibrary.Blocks.Examples.PID_Controller.conf.json
loadFile("/home/runner/.openmodelica/libraries/ModelicaServices 4.0.0+maint.om/package.mo", uses=false)
loadFile("/home/runner/.openmodelica/libraries/Complex 4.0.0+maint.om/package.mo", uses=false)
loadFile("/home/runner/.openmodelica/libraries/Modelica 4.0.0+maint.om/package.mo", uses=false)
loadFile("/home/runner/work/openmodelica-library-testing-action/openmodelica-library-testing-action/examples/MyLibrary/package.mo", uses=false)
Using package MyLibrary with version 1.0.0 (/home/runner/work/openmodelica-library-testing-action/openmodelica-library-testing-action/examples/MyLibrary/package.mo)
Using package Modelica with version 4.0.0 (/home/runner/.openmodelica/libraries/Modelica 4.0.0+maint.om/package.mo)
Using package Complex with version 4.0.0 (/home/runner/.openmodelica/libraries/Complex 4.0.0+maint.om/package.mo)
Using package ModelicaServices with version 4.0.0 (/home/runner/.openmodelica/libraries/ModelicaServices 4.0.0+maint.om/package.mo)
Running command: translateModel(MyLibrary.Blocks.Examples.PID_Controller,tolerance=1e-06,outputFormat="mat",numberOfIntervals=5000,variableFilter="time|PI.I.y|inertia1.phi|inertia1.w|integrator.y|spring.phi_rel|spring.w_rel",fileNamePrefix="MyLibrary_heads-main_MyLibrary.Blocks.Examples.PID_Controller")
translateModel(MyLibrary.Blocks.Examples.PID_Controller,tolerance=1e-06,outputFormat="mat",numberOfIntervals=5000,variableFilter="time|PI.I.y|inertia1.phi|inertia1.w|integrator.y|spring.phi_rel|spring.w_rel",fileNamePrefix="MyLibrary_heads-main_MyLibrary.Blocks.Examples.PID_Controller")
Notification: Performance of loadFile(/home/runner/.openmodelica/libraries/ModelicaServices 4.0.0+maint.om/package.mo): time 0.0009725/0.0009726, allocations: 103.1 kB / 15.6 MB, free: 5.273 MB / 13.93 MB
Notification: Performance of loadFile(/home/runner/.openmodelica/libraries/Complex 4.0.0+maint.om/package.mo): time 0.0009995/0.0009995, allocations: 175.8 kB / 16.51 MB, free: 4.668 MB / 13.93 MB
Notification: Performance of loadFile(/home/runner/.openmodelica/libraries/Modelica 4.0.0+maint.om/package.mo): time 1.611/1.611, allocations: 222.1 MB / 239.4 MB, free: 11.12 MB / 202.7 MB
Notification: Performance of loadFile(/home/runner/work/openmodelica-library-testing-action/openmodelica-library-testing-action/examples/MyLibrary/package.mo): time 0.0003/0.0003001, allocations: 20.41 kB / 289.6 MB, free: 11.14 MB / 234.7 MB
Notification: Performance of FrontEnd - loaded program: time 0.0004628/0.0004628, allocations: 8 kB / 350 MB, free: 14.84 MB / 298.7 MB
Notification: Performance of FrontEnd - Absyn->SCode: time 0.2208/0.2213, allocations: 49.45 MB / 399.5 MB, free: 33.48 MB / 298.7 MB
Notification: Performance of NFInst.instantiate(MyLibrary.Blocks.Examples.PID_Controller): time 0.003784/0.2251, allocations: 3.106 MB / 402.6 MB, free: 30.36 MB / 298.7 MB
Notification: Performance of NFInst.instExpressions: time 0.00146/0.2266, allocations: 0.965 MB / 403.5 MB, free: 29.39 MB / 298.7 MB
Notification: Performance of NFInst.updateImplicitVariability: time 0.0002136/0.2268, allocations: 19.88 kB / 403.6 MB, free: 29.38 MB / 298.7 MB
Notification: Performance of NFTyping.typeComponents: time 0.0003169/0.2271, allocations: 83.19 kB / 403.6 MB, free: 29.29 MB / 298.7 MB
Notification: Performance of NFTyping.typeBindings: time 0.0002297/0.2274, allocations: 103.1 kB / 403.7 MB, free: 29.19 MB / 298.7 MB
Notification: Performance of NFTyping.typeClassSections: time 0.0004995/0.2279, allocations: 226.7 kB / 404 MB, free: 28.98 MB / 298.7 MB
Notification: Performance of NFFlatten.flatten: time 0.0004175/0.2283, allocations: 0.5185 MB / 404.5 MB, free: 28.45 MB / 298.7 MB
Notification: Performance of NFFlatten.resolveConnections: time 0.0002719/0.2286, allocations: 165.2 kB / 404.6 MB, free: 28.29 MB / 298.7 MB
Notification: Performance of NFEvalConstants.evaluate: time 0.0001734/0.2288, allocations: 199.1 kB / 404.8 MB, free: 28.09 MB / 298.7 MB
Notification: Performance of NFSimplifyModel.simplify: time 0.0002147/0.229, allocations: 199 kB / 405 MB, free: 27.89 MB / 298.7 MB
Notification: Performance of NFPackage.collectConstants: time 6.556e-05/0.2291, allocations: 48 kB / 405.1 MB, free: 27.85 MB / 298.7 MB
Notification: Performance of NFFlatten.collectFunctions: time 6.691e-05/0.2291, allocations: 40 kB / 405.1 MB, free: 27.81 MB / 298.7 MB
Notification: Performance of NFScalarize.scalarize: time 8.96e-05/0.2292, allocations: 107.6 kB / 405.2 MB, free: 27.7 MB / 298.7 MB
Notification: Performance of NFVerifyModel.verify: time 0.0001418/0.2294, allocations: 210.8 kB / 405.4 MB, free: 27.5 MB / 298.7 MB
Notification: Performance of NFConvertDAE.convert: time 0.0003974/0.2298, allocations: 496.3 kB / 405.9 MB, free: 27.01 MB / 298.7 MB
Notification: Performance of FrontEnd - DAE generated: time 3.226e-06/0.2298, allocations: 0 / 405.9 MB, free: 27.01 MB / 298.7 MB
Notification: Performance of FrontEnd: time 1.332e-06/0.2298, allocations: 0 / 405.9 MB, free: 27.01 MB / 298.7 MB
Notification: Performance of Transformations before backend: time 8.896e-06/0.2298, allocations: 0 / 405.9 MB, free: 27.01 MB / 298.7 MB
Notification: Model statistics after passing the front-end and creating the data structures used by the back-end:
 * Number of equations: 89
 * Number of variables: 89
Notification: Performance of Generate backend data structure: time 0.001225/0.2311, allocations: 0.7639 MB / 406.7 MB, free: 26.2 MB / 298.7 MB
Notification: Performance of prepare preOptimizeDAE: time 3.016e-05/0.2311, allocations: 11.97 kB / 406.7 MB, free: 26.19 MB / 298.7 MB
Notification: Performance of preOpt normalInlineFunction (simulation): time 7.875e-05/0.2312, allocations: 56.31 kB / 406.7 MB, free: 26.13 MB / 298.7 MB
Notification: Performance of preOpt evaluateParameters (simulation): time 0.000388/0.2316, allocations: 359.7 kB / 407.1 MB, free: 25.74 MB / 298.7 MB
Notification: Performance of preOpt simplifyIfEquations (simulation): time 2.48e-05/0.2316, allocations: 33.38 kB / 407.1 MB, free: 25.71 MB / 298.7 MB
Notification: Performance of preOpt expandDerOperator (simulation): time 5.986e-05/0.2317, allocations: 40.12 kB / 407.2 MB, free: 25.67 MB / 298.7 MB
Notification: Performance of preOpt clockPartitioning (simulation): time 0.0008645/0.2326, allocations: 446.3 kB / 407.6 MB, free: 25.21 MB / 298.7 MB
Notification: Performance of preOpt findStateOrder (simulation): time 2.325e-05/0.2326, allocations: 0 / 407.6 MB, free: 25.21 MB / 298.7 MB
Notification: Performance of preOpt replaceEdgeChange (simulation): time 3.788e-05/0.2326, allocations: 16 kB / 407.6 MB, free: 25.19 MB / 298.7 MB
Notification: Performance of preOpt inlineArrayEqn (simulation): time 8.987e-06/0.2326, allocations: 8 kB / 407.6 MB, free: 25.18 MB / 298.7 MB
Notification: Performance of preOpt removeEqualRHS (simulation): time 0.001063/0.2337, allocations: 379.6 kB / 408 MB, free: 24.81 MB / 298.7 MB
Notification: Performance of preOpt removeSimpleEquations (simulation): time 0.001919/0.2356, allocations: 1.579 MB / 409.6 MB, free: 23.14 MB / 298.7 MB
Notification: Performance of preOpt comSubExp (simulation): time 0.0008634/0.2365, allocations: 320 kB / 409.9 MB, free: 22.82 MB / 298.7 MB
Notification: Performance of preOpt resolveLoops (simulation): time 0.0004711/0.237, allocations: 176.7 kB / 410.1 MB, free: 22.64 MB / 298.7 MB
Notification: Performance of preOpt evalFunc (simulation): time 3.157e-05/0.2371, allocations: 0 / 410.1 MB, free: 22.64 MB / 298.7 MB
Notification: Performance of preOpt encapsulateWhenConditions (simulation): time 1.453e-05/0.2371, allocations: 34.56 kB / 410.1 MB, free: 22.6 MB / 298.7 MB
Notification: Performance of pre-optimization done (n=30): time 1.472e-06/0.2371, allocations: 0 / 410.1 MB, free: 22.6 MB / 298.7 MB
Notification: Performance of matching and sorting (n=32): time 0.003395/0.2405, allocations: 1.384 MB / 411.5 MB, free: 21.12 MB / 298.7 MB
Notification: Performance of inlineWhenForInitialization (initialization): time 3.741e-05/0.2405, allocations: 81.11 kB / 411.6 MB, free: 21.02 MB / 298.7 MB
Notification: Performance of selectInitializationVariablesDAE (initialization): time 0.0003176/0.2409, allocations: 357.6 kB / 411.9 MB, free: 20.67 MB / 298.7 MB
Notification: Performance of collectPreVariables (initialization): time 2.918e-05/0.2409, allocations: 29.7 kB / 411.9 MB, free: 20.63 MB / 298.7 MB
Notification: Performance of collectInitialEqns (initialization): time 0.0001215/0.241, allocations: 239.9 kB / 412.2 MB, free: 20.39 MB / 298.7 MB
Notification: Performance of collectInitialBindings (initialization): time 6.295e-05/0.2411, allocations: 114.5 kB / 412.3 MB, free: 20.28 MB / 298.7 MB
Notification: Performance of simplifyInitialFunctions (initialization): time 0.0001246/0.2412, allocations: 82.03 kB / 412.4 MB, free: 20.2 MB / 298.7 MB
Notification: Performance of setup shared object (initialization): time 6.165e-05/0.2413, allocations: 354.7 kB / 412.7 MB, free: 19.84 MB / 298.7 MB
Notification: Performance of preBalanceInitialSystem (initialization): time 0.0005188/0.2418, allocations: 170.5 kB / 412.9 MB, free: 19.67 MB / 298.7 MB
Notification: Performance of partitionIndependentBlocks (initialization): time 0.0005108/0.2423, allocations: 256.7 kB / 413.1 MB, free: 19.39 MB / 298.7 MB
Notification: Performance of analyzeInitialSystem (initialization): time 0.0009117/0.2433, allocations: 388 kB / 413.5 MB, free: 18.98 MB / 298.7 MB
Notification: Performance of solveInitialSystemEqSystem (initialization): time 2.004e-06/0.2433, allocations: 0 / 413.5 MB, free: 18.98 MB / 298.7 MB
Notification: Performance of matching and sorting (n=51) (initialization): time 0.001128/0.2444, allocations: 492.8 kB / 414 MB, free: 18.49 MB / 298.7 MB
Notification: Performance of prepare postOptimizeDAE: time 1.474e-05/0.2444, allocations: 4 kB / 414 MB, free: 18.49 MB / 298.7 MB
Notification: Performance of postOpt simplifyComplexFunction (initialization): time 7.033e-06/0.2445, allocations: 4 kB / 414 MB, free: 18.48 MB / 298.7 MB
Notification: Performance of postOpt tearingSystem (initialization): time 1.73e-05/0.2445, allocations: 4 kB / 414 MB, free: 18.48 MB / 298.7 MB
Notification: Performance of postOpt solveSimpleEquations (initialization): time 0.00108/0.2456, allocations: 211.9 kB / 414.2 MB, free: 18.27 MB / 298.7 MB
Notification: Performance of postOpt calculateStrongComponentJacobians (initialization): time 0.001494/0.2471, allocations: 1.564 MB / 415.8 MB, free: 16.57 MB / 298.7 MB
Notification: Performance of postOpt simplifyAllExpressions (initialization): time 0.0004008/0.2475, allocations: 40.05 kB / 415.8 MB, free: 16.53 MB / 298.7 MB
Notification: Performance of postOpt collapseArrayExpressions (initialization): time 2.964e-05/0.2475, allocations: 12 kB / 415.8 MB, free: 16.52 MB / 298.7 MB
Notification: Performance of preBalanceInitialSystem (initialization_lambda0): time 0.0005418/0.2481, allocations: 280.8 kB / 416.1 MB, free: 16.24 MB / 298.7 MB
Notification: Performance of partitionIndependentBlocks (initialization_lambda0): time 0.000469/0.2485, allocations: 240.8 kB / 416.3 MB, free: 15.98 MB / 298.7 MB
Notification: Performance of analyzeInitialSystem (initialization_lambda0): time 0.0008277/0.2494, allocations: 375.7 kB / 416.7 MB, free: 15.58 MB / 298.7 MB
Notification: Performance of solveInitialSystemEqSystem (initialization_lambda0): time 1.954e-06/0.2494, allocations: 0 / 416.7 MB, free: 15.58 MB / 298.7 MB
Notification: Performance of matching and sorting (n=51) (initialization_lambda0): time 0.001099/0.2505, allocations: 468.9 kB / 417.2 MB, free: 15.12 MB / 298.7 MB
Notification: Performance of prepare postOptimizeDAE: time 1.038e-05/0.2505, allocations: 10.5 kB / 417.2 MB, free: 15.11 MB / 298.7 MB
Notification: Performance of postOpt simplifyComplexFunction (initialization): time 3.526e-06/0.2505, allocations: 0 / 417.2 MB, free: 15.11 MB / 298.7 MB
Notification: Performance of postOpt tearingSystem (initialization): time 5.751e-06/0.2506, allocations: 7.938 kB / 417.2 MB, free: 15.1 MB / 298.7 MB
Notification: Performance of postOpt solveSimpleEquations (initialization): time 0.0006161/0.2512, allocations: 115.9 kB / 417.3 MB, free: 14.99 MB / 298.7 MB
Notification: Performance of postOpt calculateStrongComponentJacobians (initialization): time 6.241e-06/0.2512, allocations: 4 kB / 417.3 MB, free: 14.98 MB / 298.7 MB
Notification: Performance of postOpt simplifyAllExpressions (initialization): time 0.0003763/0.2516, allocations: 43.98 kB / 417.3 MB, free: 14.94 MB / 298.7 MB
Notification: Performance of postOpt collapseArrayExpressions (initialization): time 2.681e-05/0.2516, allocations: 23.92 kB / 417.4 MB, free: 14.92 MB / 298.7 MB
Notification: Model statistics after passing the back-end for initialization:
 * Number of independent subsystems: 9
 * Number of states: 0 ()
 * Number of discrete variables: 3 (kinematicPTP.noWphase,integrator.local_reset,PI.I.local_reset)
 * Number of discrete states: 0 ()
 * Number of clocked states: 0 ()
 * Top-level inputs: 0
Notification: Strong component statistics for initialization (51):
 * Single equations (assignments): 50
 * Array equations: 0
 * Algorithm blocks: 0
 * Record equations: 0
 * When equations: 0
 * If-equations: 0
 * Equation systems (not torn): 1
 * Torn equation systems: 0
 * Mixed (continuous/discrete) equation systems: 0
Notification: Equation system details (not torn):
 * Constant Jacobian (size): 0 systems
 * Linear Jacobian (size,density): 0 systems
 * Non-linear Jacobian (size): 1 system
   {1}
 * Without analytic Jacobian (size): 0 systems
Notification: Performance of prepare postOptimizeDAE: time 0.0001038/0.2517, allocations: 208.1 kB / 417.6 MB, free: 14.71 MB / 298.7 MB
Notification: Performance of postOpt lateInlineFunction (simulation): time 6.77e-05/0.2518, allocations: 43.47 kB / 417.6 MB, free: 14.66 MB / 298.7 MB
Notification: Performance of postOpt wrapFunctionCalls (simulation): time 8.684e-05/0.2519, allocations: 48.25 kB / 417.7 MB, free: 14.62 MB / 298.7 MB
Notification: Performance of postOpt inlineArrayEqn (simulation): time 3.467e-06/0.2519, allocations: 4 kB / 417.7 MB, free: 14.61 MB / 298.7 MB
Notification: Performance of postOpt constantLinearSystem (simulation): time 3.256e-06/0.2519, allocations: 7.984 kB / 417.7 MB, free: 14.61 MB / 298.7 MB
Notification: Performance of postOpt simplifysemiLinear (simulation): time 5.76e-06/0.2519, allocations: 0 / 417.7 MB, free: 14.61 MB / 298.7 MB
Notification: Performance of postOpt removeSimpleEquations (simulation): time 0.001597/0.2535, allocations: 0.9166 MB / 418.6 MB, free: 13.62 MB / 298.7 MB
Notification: Performance of postOpt simplifyComplexFunction (simulation): time 3.566e-06/0.2536, allocations: 0 / 418.6 MB, free: 13.62 MB / 298.7 MB
Notification: Performance of postOpt solveSimpleEquations (simulation): time 0.0006188/0.2542, allocations: 91.86 kB / 418.7 MB, free: 13.54 MB / 298.7 MB
Notification: Performance of postOpt tearingSystem (simulation): time 4.999e-06/0.2542, allocations: 0 / 418.7 MB, free: 13.54 MB / 298.7 MB
Notification: Performance of postOpt inputDerivativesUsed (simulation): time 3.007e-05/0.2542, allocations: 8 kB / 418.7 MB, free: 13.53 MB / 298.7 MB
Notification: Performance of postOpt calculateStrongComponentJacobians (simulation): time 4.609e-06/0.2542, allocations: 4 kB / 418.7 MB, free: 13.52 MB / 298.7 MB
Notification: Performance of postOpt calculateStateSetsJacobians (simulation): time 2.024e-06/0.2543, allocations: 0 / 418.7 MB, free: 13.52 MB / 298.7 MB
Notification: Performance of postOpt symbolicJacobian (simulation): time 0.001442/0.2557, allocations: 0.6702 MB / 419.4 MB, free: 12.82 MB / 298.7 MB
Notification: Performance of postOpt removeConstants (simulation): time 0.0001208/0.2558, allocations: 140.7 kB / 419.5 MB, free: 12.67 MB / 298.7 MB
Notification: Performance of postOpt simplifyTimeIndepFuncCalls (simulation): time 5.432e-05/0.2559, allocations: 8 kB / 419.5 MB, free: 12.66 MB / 298.7 MB
Notification: Performance of postOpt simplifyAllExpressions (simulation): time 0.0003771/0.2563, allocations: 31.97 kB / 419.5 MB, free: 12.63 MB / 298.7 MB
Notification: Performance of postOpt findZeroCrossings (simulation): time 9.536e-05/0.2564, allocations: 27.91 kB / 419.6 MB, free: 12.6 MB / 298.7 MB
Notification: Performance of postOpt collapseArrayExpressions (simulation): time 2.097e-05/0.2564, allocations: 15.92 kB / 419.6 MB, free: 12.59 MB / 298.7 MB
Notification: Performance of sorting global known variables: time 0.0002181/0.2566, allocations: 243.2 kB / 419.8 MB, free: 12.35 MB / 298.7 MB
Notification: Performance of sort global known variables: time 1.7e-07/0.2566, allocations: 4 kB / 419.8 MB, free: 12.34 MB / 298.7 MB
Notification: Performance of remove unused functions: time 0.000583/0.2572, allocations: 132 kB / 419.9 MB, free: 12.21 MB / 298.7 MB
Notification: Model statistics after passing the back-end for simulation:
 * Number of independent subsystems: 5
 * Number of states: 6 (PI.I.y,inertia1.phi,spring.phi_rel,spring.w_rel,inertia2.w,integrator.y)
 * Number of discrete variables: 1 (kinematicPTP.noWphase)
 * Number of discrete states: 0 ()
 * Number of clocked states: 0 ()
 * Top-level inputs: 0
Notification: Strong component statistics for simulation (32):
 * Single equations (assignments): 32
 * Array equations: 0
 * Algorithm blocks: 0
 * Record equations: 0
 * When equations: 0
 * If-equations: 0
 * Equation systems (not torn): 0
 * Torn equation systems: 0
 * Mixed (continuous/discrete) equation systems: 0
Notification: Performance of Backend phase and start with SimCode phase: time 9.283e-05/0.2573, allocations: 111.2 kB / 420 MB, free: 12.09 MB / 298.7 MB
Notification: Performance of simCode: created initialization part: time 0.002112/0.2595, allocations: 0.715 MB / 420.8 MB, free: 11.38 MB / 298.7 MB
Notification: Performance of simCode: created event and clocks part: time 3.046e-06/0.2595, allocations: 0 / 420.8 MB, free: 11.38 MB / 298.7 MB
Notification: Performance of simCode: created simulation system equations: time 0.0005121/0.26, allocations: 179.8 kB / 420.9 MB, free: 11.21 MB / 298.7 MB
Notification: Performance of simCode: created of all other equations (e.g. parameter, nominal, assert, etc): time 0.0007638/0.2608, allocations: 105.8 kB / 421 MB, free: 11.11 MB / 298.7 MB
Notification: Performance of simCode: created linear, non-linear and system jacobian parts: time 0.001728/0.2625, allocations: 1.01 MB / 422.1 MB, free: 10.05 MB / 298.7 MB
Notification: Performance of simCode: some other stuff during SimCode phase: time 0.00024/0.2628, allocations: 0.8156 MB / 422.9 MB, free: 9.211 MB / 298.7 MB
Notification: Performance of simCode: alias equations: time 0.0002747/0.2631, allocations: 59.23 kB / 422.9 MB, free: 9.156 MB / 298.7 MB
Notification: Performance of simCode: all other stuff during SimCode phase: time 0.0001152/0.2632, allocations: 27.44 kB / 423 MB, free: 9.129 MB / 298.7 MB
Notification: Performance of SimCode: time 3.61e-07/0.2632, allocations: 4 kB / 423 MB, free: 9.125 MB / 298.7 MB
Notification: Performance of Templates: time 0.00912/0.2723, allocations: 4.647 MB / 427.6 MB, free: 4.523 MB / 298.7 MB
make -j1 -f MyLibrary_heads-main_MyLibrary.Blocks.Examples.PID_Controller.makefile
(rm -f MyLibrary_heads-main_MyLibrary.Blocks.Examples.PID_Controller.pipe ; mkfifo MyLibrary_heads-main_MyLibrary.Blocks.Examples.PID_Controller.pipe ; head -c 1048576 < MyLibrary_heads-main_MyLibrary.Blocks.Examples.PID_Controller.pipe >> ../files/MyLibrary_heads-main_MyLibrary.Blocks.Examples.PID_Controller.sim & ./MyLibrary_heads-main_MyLibrary.Blocks.Examples.PID_Controller  -abortSlowSimulation -alarm=480  -emit_protected -lv LOG_STATS > MyLibrary_heads-main_MyLibrary.Blocks.Examples.PID_Controller.pipe 2>&1)
diffSimulationResults("MyLibrary_heads-main_MyLibrary.Blocks.Examples.PID_Controller_res.mat","/home/runner/work/openmodelica-library-testing-action/openmodelica-library-testing-action/examples/ReferenceFiles/MyLibrary.Blocks.Examples.PID_Controller.csv","../files/MyLibrary_heads-main_MyLibrary.Blocks.Examples.PID_Controller.diff",relTol=0.003,relTolDiffMinMax=0.003,rangeDelta=0.001)
""

Variables in the reference:time,PI.I.y,inertia1.phi,inertia1.w,integrator.y,spring.phi_rel,spring.w_rel

Variables in the result:PI.Dzero.k,PI.Dzero.y,PI.FFzero.k,PI.FFzero.y,PI.I.initType,PI.I.k,PI.I.y,PI.I.y_start,PI.Nd,PI.Ni,PI.P.k,PI.Td,PI.Ti,PI.addFF.k1,PI.addFF.k2,PI.addFF.u2,PI.addI.k1,PI.addI.k2,PI.addI.k3,PI.addP.k1,PI.addP.k2,PI.addPID.k1,PI.addPID.k2,PI.addPID.k3,PI.addPID.u2,PI.addSat.k1,PI.addSat.k2,PI.controllerType,PI.gainPID.k,PI.gainTrack.k,PI.homotopyType,PI.initType,PI.k,PI.kFF,PI.limiter.homotopyType,PI.limiter.strict,PI.limiter.uMax,PI.limiter.uMin,PI.strict,PI.wd,PI.withFeedForward,PI.with_D,PI.with_I,PI.wp,PI.xd_start,PI.xi_start,PI.yMax,PI.yMin,PI.y_start,driveAngle,inertia1.J,inertia1.phi,inertia1.w,inertia2.J,inertia2.flange_b.tau,integrator.initType,integrator.k,integrator.y,integrator.y_start,kinematicPTP.deltaq[1],kinematicPTP.nout,kinematicPTP.p_deltaq[1],kinematicPTP.p_qd_max[1],kinematicPTP.p_qdd_max[1],kinematicPTP.qd_max[1],kinematicPTP.qdd_max[1],kinematicPTP.startTime,loadTorque.flange.tau,loadTorque.tau,loadTorque.tau_constant,spring.c,spring.d,spring.phi_nominal,spring.phi_rel,spring.phi_rel0,spring.w_rel,time
