Running: ./testmodel.py --libraries=/home/runner/.openmodelica/libraries/ --ompython_omhome= MyLibrary_1.0.0_MyLibrary.Blocks.Examples.PID_Controller.conf.json
loadFile("/home/runner/.openmodelica/libraries/ModelicaServices 4.0.0+maint.om/package.mo", uses=false)
loadFile("/home/runner/.openmodelica/libraries/Complex 4.0.0+maint.om/package.mo", uses=false)
loadFile("/home/runner/.openmodelica/libraries/Modelica 4.0.0+maint.om/package.mo", uses=false)
loadFile("/home/runner/work/openmodelica-library-testing-action/openmodelica-library-testing-action/examples/MyLibrary/package.mo", uses=false)
Using package MyLibrary with version 1.0.0 (/home/runner/work/openmodelica-library-testing-action/openmodelica-library-testing-action/examples/MyLibrary/package.mo)
Using package Modelica with version 4.0.0 (/home/runner/.openmodelica/libraries/Modelica 4.0.0+maint.om/package.mo)
Using package Complex with version 4.0.0 (/home/runner/.openmodelica/libraries/Complex 4.0.0+maint.om/package.mo)
Using package ModelicaServices with version 4.0.0 (/home/runner/.openmodelica/libraries/ModelicaServices 4.0.0+maint.om/package.mo)
Running command: translateModel(MyLibrary.Blocks.Examples.PID_Controller,tolerance=1e-06,outputFormat="mat",numberOfIntervals=5000,variableFilter="time|PI.I.y|inertia1.phi|inertia1.w|integrator.y|spring.phi_rel|spring.w_rel",fileNamePrefix="MyLibrary_1.0.0_MyLibrary.Blocks.Examples.PID_Controller")
translateModel(MyLibrary.Blocks.Examples.PID_Controller,tolerance=1e-06,outputFormat="mat",numberOfIntervals=5000,variableFilter="time|PI.I.y|inertia1.phi|inertia1.w|integrator.y|spring.phi_rel|spring.w_rel",fileNamePrefix="MyLibrary_1.0.0_MyLibrary.Blocks.Examples.PID_Controller")
Notification: Performance of loadFile(/home/runner/.openmodelica/libraries/ModelicaServices 4.0.0+maint.om/package.mo): time 0.0009682/0.0009683, allocations: 100.7 kB / 15.59 MB, free: 5.234 MB / 13.93 MB
Notification: Performance of loadFile(/home/runner/.openmodelica/libraries/Complex 4.0.0+maint.om/package.mo): time 0.0009969/0.000997, allocations: 179.7 kB / 16.51 MB, free: 4.645 MB / 13.93 MB
Notification: Performance of loadFile(/home/runner/.openmodelica/libraries/Modelica 4.0.0+maint.om/package.mo): time 1.649/1.649, allocations: 222.2 MB / 239.5 MB, free: 11.1 MB / 202.7 MB
Notification: Performance of loadFile(/home/runner/work/openmodelica-library-testing-action/openmodelica-library-testing-action/examples/MyLibrary/package.mo): time 0.000331/0.0003308, allocations: 20.95 kB / 289.6 MB, free: 11.15 MB / 234.7 MB
Notification: Performance of FrontEnd - loaded program: time 0.0005141/0.0005142, allocations: 8 kB / 350 MB, free: 14.84 MB / 298.7 MB
Notification: Performance of FrontEnd - Absyn->SCode: time 0.2265/0.227, allocations: 49.44 MB / 399.5 MB, free: 33.51 MB / 298.7 MB
Notification: Performance of NFInst.instantiate(MyLibrary.Blocks.Examples.PID_Controller): time 0.0038/0.2309, allocations: 3.123 MB / 402.6 MB, free: 30.37 MB / 298.7 MB
Notification: Performance of NFInst.instExpressions: time 0.001459/0.2324, allocations: 0.9572 MB / 403.5 MB, free: 29.41 MB / 298.7 MB
Notification: Performance of NFInst.updateImplicitVariability: time 0.0002332/0.2326, allocations: 15.88 kB / 403.6 MB, free: 29.39 MB / 298.7 MB
Notification: Performance of NFTyping.typeComponents: time 0.0002708/0.2329, allocations: 91.22 kB / 403.7 MB, free: 29.3 MB / 298.7 MB
Notification: Performance of NFTyping.typeBindings: time 0.0002232/0.2331, allocations: 99.08 kB / 403.7 MB, free: 29.21 MB / 298.7 MB
Notification: Performance of NFTyping.typeClassSections: time 0.0004717/0.2336, allocations: 238.6 kB / 404 MB, free: 28.98 MB / 298.7 MB
Notification: Performance of NFFlatten.flatten: time 0.0003892/0.234, allocations: 0.5146 MB / 404.5 MB, free: 28.46 MB / 298.7 MB
Notification: Performance of NFFlatten.resolveConnections: time 0.0002767/0.2343, allocations: 169.2 kB / 404.7 MB, free: 28.29 MB / 298.7 MB
Notification: Performance of NFEvalConstants.evaluate: time 0.0001782/0.2345, allocations: 187.2 kB / 404.8 MB, free: 28.1 MB / 298.7 MB
Notification: Performance of NFSimplifyModel.simplify: time 0.0002106/0.2347, allocations: 207 kB / 405 MB, free: 27.9 MB / 298.7 MB
Notification: Performance of NFPackage.collectConstants: time 6.337e-05/0.2348, allocations: 40 kB / 405.1 MB, free: 27.86 MB / 298.7 MB
Notification: Performance of NFFlatten.collectFunctions: time 6.663e-05/0.2349, allocations: 44 kB / 405.1 MB, free: 27.82 MB / 298.7 MB
Notification: Performance of NFScalarize.scalarize: time 9.083e-05/0.235, allocations: 107.6 kB / 405.2 MB, free: 27.71 MB / 298.7 MB
Notification: Performance of NFVerifyModel.verify: time 0.0001471/0.2351, allocations: 214.8 kB / 405.4 MB, free: 27.5 MB / 298.7 MB
Notification: Performance of NFConvertDAE.convert: time 0.0003615/0.2355, allocations: 492.3 kB / 405.9 MB, free: 27.02 MB / 298.7 MB
Notification: Performance of FrontEnd - DAE generated: time 3.576e-06/0.2355, allocations: 0 / 405.9 MB, free: 27.02 MB / 298.7 MB
Notification: Performance of FrontEnd: time 1.413e-06/0.2355, allocations: 0 / 405.9 MB, free: 27.02 MB / 298.7 MB
Notification: Performance of Transformations before backend: time 9.407e-06/0.2355, allocations: 0 / 405.9 MB, free: 27.02 MB / 298.7 MB
Notification: Model statistics after passing the front-end and creating the data structures used by the back-end:
 * Number of equations: 89
 * Number of variables: 89
Notification: Performance of Generate backend data structure: time 0.001378/0.2369, allocations: 0.7677 MB / 406.7 MB, free: 26.2 MB / 298.7 MB
Notification: Performance of prepare preOptimizeDAE: time 3.202e-05/0.2369, allocations: 11.97 kB / 406.7 MB, free: 26.19 MB / 298.7 MB
Notification: Performance of preOpt normalInlineFunction (simulation): time 8.846e-05/0.237, allocations: 48.38 kB / 406.8 MB, free: 26.14 MB / 298.7 MB
Notification: Performance of preOpt evaluateParameters (simulation): time 0.0004079/0.2374, allocations: 359.7 kB / 407.1 MB, free: 25.75 MB / 298.7 MB
Notification: Performance of preOpt simplifyIfEquations (simulation): time 2.663e-05/0.2375, allocations: 29.38 kB / 407.1 MB, free: 25.73 MB / 298.7 MB
Notification: Performance of preOpt expandDerOperator (simulation): time 6.446e-05/0.2376, allocations: 40.12 kB / 407.2 MB, free: 25.69 MB / 298.7 MB
Notification: Performance of preOpt clockPartitioning (simulation): time 0.0008829/0.2384, allocations: 450.4 kB / 407.6 MB, free: 25.22 MB / 298.7 MB
Notification: Performance of preOpt findStateOrder (simulation): time 2.39e-05/0.2385, allocations: 3.984 kB / 407.6 MB, free: 25.21 MB / 298.7 MB
Notification: Performance of preOpt replaceEdgeChange (simulation): time 4.066e-05/0.2385, allocations: 23.94 kB / 407.6 MB, free: 25.19 MB / 298.7 MB
Notification: Performance of preOpt inlineArrayEqn (simulation): time 9.298e-06/0.2385, allocations: 8 kB / 407.6 MB, free: 25.18 MB / 298.7 MB
Notification: Performance of preOpt removeEqualRHS (simulation): time 0.00104/0.2396, allocations: 371.6 kB / 408 MB, free: 24.82 MB / 298.7 MB
Notification: Performance of preOpt removeSimpleEquations (simulation): time 0.002032/0.2416, allocations: 1.575 MB / 409.6 MB, free: 23.16 MB / 298.7 MB
Notification: Performance of preOpt comSubExp (simulation): time 0.0008681/0.2425, allocations: 332.1 kB / 409.9 MB, free: 22.82 MB / 298.7 MB
Notification: Performance of preOpt resolveLoops (simulation): time 0.0004516/0.243, allocations: 160.7 kB / 410.1 MB, free: 22.66 MB / 298.7 MB
Notification: Performance of preOpt evalFunc (simulation): time 3.322e-05/0.243, allocations: 4 kB / 410.1 MB, free: 22.66 MB / 298.7 MB
Notification: Performance of preOpt encapsulateWhenConditions (simulation): time 1.534e-05/0.243, allocations: 42.56 kB / 410.1 MB, free: 22.61 MB / 298.7 MB
Notification: Performance of pre-optimization done (n=30): time 1.794e-06/0.2431, allocations: 0 / 410.1 MB, free: 22.61 MB / 298.7 MB
Notification: Performance of matching and sorting (n=32): time 0.003283/0.2463, allocations: 1.373 MB / 411.5 MB, free: 21.14 MB / 298.7 MB
Notification: Performance of inlineWhenForInitialization (initialization): time 3.752e-05/0.2464, allocations: 81.11 kB / 411.6 MB, free: 21.04 MB / 298.7 MB
Notification: Performance of selectInitializationVariablesDAE (initialization): time 0.000316/0.2467, allocations: 361.6 kB / 411.9 MB, free: 20.68 MB / 298.7 MB
Notification: Performance of collectPreVariables (initialization): time 2.441e-05/0.2468, allocations: 33.7 kB / 411.9 MB, free: 20.64 MB / 298.7 MB
Notification: Performance of collectInitialEqns (initialization): time 0.0001191/0.2469, allocations: 235.9 kB / 412.2 MB, free: 20.41 MB / 298.7 MB
Notification: Performance of collectInitialBindings (initialization): time 6.397e-05/0.2469, allocations: 118.3 kB / 412.3 MB, free: 20.29 MB / 298.7 MB
Notification: Performance of simplifyInitialFunctions (initialization): time 0.0001246/0.2471, allocations: 82.03 kB / 412.4 MB, free: 20.2 MB / 298.7 MB
Notification: Performance of setup shared object (initialization): time 6.732e-05/0.2472, allocations: 350.7 kB / 412.7 MB, free: 19.85 MB / 298.7 MB
Notification: Performance of preBalanceInitialSystem (initialization): time 0.0004927/0.2477, allocations: 170.5 kB / 412.9 MB, free: 19.68 MB / 298.7 MB
Notification: Performance of partitionIndependentBlocks (initialization): time 0.0005085/0.2482, allocations: 264.7 kB / 413.1 MB, free: 19.39 MB / 298.7 MB
Notification: Performance of analyzeInitialSystem (initialization): time 0.0009584/0.2491, allocations: 380 kB / 413.5 MB, free: 18.99 MB / 298.7 MB
Notification: Performance of solveInitialSystemEqSystem (initialization): time 2.104e-06/0.2492, allocations: 4 kB / 413.5 MB, free: 18.99 MB / 298.7 MB
Notification: Performance of matching and sorting (n=51) (initialization): time 0.00113/0.2503, allocations: 492.9 kB / 414 MB, free: 18.5 MB / 298.7 MB
Notification: Performance of prepare postOptimizeDAE: time 1.479e-05/0.2503, allocations: 4 kB / 414 MB, free: 18.5 MB / 298.7 MB
Notification: Performance of postOpt simplifyComplexFunction (initialization): time 6.562e-06/0.2503, allocations: 4 kB / 414 MB, free: 18.49 MB / 298.7 MB
Notification: Performance of postOpt tearingSystem (initialization): time 1.791e-05/0.2504, allocations: 4 kB / 414 MB, free: 18.49 MB / 298.7 MB
Notification: Performance of postOpt solveSimpleEquations (initialization): time 0.00105/0.2514, allocations: 207.8 kB / 414.2 MB, free: 18.29 MB / 298.7 MB
Notification: Performance of postOpt calculateStrongComponentJacobians (initialization): time 0.001495/0.2529, allocations: 1.568 MB / 415.8 MB, free: 16.58 MB / 298.7 MB
Notification: Performance of postOpt simplifyAllExpressions (initialization): time 0.000396/0.2533, allocations: 39.98 kB / 415.8 MB, free: 16.54 MB / 298.7 MB
Notification: Performance of postOpt collapseArrayExpressions (initialization): time 2.958e-05/0.2534, allocations: 20.09 kB / 415.8 MB, free: 16.52 MB / 298.7 MB
Notification: Performance of preBalanceInitialSystem (initialization_lambda0): time 0.0005416/0.2539, allocations: 276.8 kB / 416.1 MB, free: 16.24 MB / 298.7 MB
Notification: Performance of partitionIndependentBlocks (initialization_lambda0): time 0.0004665/0.2544, allocations: 240.8 kB / 416.3 MB, free: 15.98 MB / 298.7 MB
Notification: Performance of analyzeInitialSystem (initialization_lambda0): time 0.0008407/0.2552, allocations: 371.6 kB / 416.7 MB, free: 15.59 MB / 298.7 MB
Notification: Performance of solveInitialSystemEqSystem (initialization_lambda0): time 2.254e-06/0.2553, allocations: 0 / 416.7 MB, free: 15.59 MB / 298.7 MB
Notification: Performance of matching and sorting (n=51) (initialization_lambda0): time 0.001053/0.2563, allocations: 468.8 kB / 417.2 MB, free: 15.13 MB / 298.7 MB
Notification: Performance of prepare postOptimizeDAE: time 8.957e-06/0.2563, allocations: 11.92 kB / 417.2 MB, free: 15.12 MB / 298.7 MB
Notification: Performance of postOpt simplifyComplexFunction (initialization): time 4.048e-06/0.2564, allocations: 4.219 kB / 417.2 MB, free: 15.11 MB / 298.7 MB
Notification: Performance of postOpt tearingSystem (initialization): time 5.46e-06/0.2564, allocations: 11.94 kB / 417.2 MB, free: 15.1 MB / 298.7 MB
Notification: Performance of postOpt solveSimpleEquations (initialization): time 0.0006402/0.257, allocations: 111.9 kB / 417.3 MB, free: 14.99 MB / 298.7 MB
Notification: Performance of postOpt calculateStrongComponentJacobians (initialization): time 6.202e-06/0.257, allocations: 4 kB / 417.3 MB, free: 14.99 MB / 298.7 MB
Notification: Performance of postOpt simplifyAllExpressions (initialization): time 0.0003732/0.2574, allocations: 39.89 kB / 417.3 MB, free: 14.95 MB / 298.7 MB
Notification: Performance of postOpt collapseArrayExpressions (initialization): time 2.762e-05/0.2574, allocations: 16 kB / 417.4 MB, free: 14.93 MB / 298.7 MB
Notification: Model statistics after passing the back-end for initialization:
 * Number of independent subsystems: 9
 * Number of states: 0 ()
 * Number of discrete variables: 3 (kinematicPTP.noWphase,integrator.local_reset,PI.I.local_reset)
 * Number of discrete states: 0 ()
 * Number of clocked states: 0 ()
 * Top-level inputs: 0
Notification: Strong component statistics for initialization (51):
 * Single equations (assignments): 50
 * Array equations: 0
 * Algorithm blocks: 0
 * Record equations: 0
 * When equations: 0
 * If-equations: 0
 * Equation systems (not torn): 1
 * Torn equation systems: 0
 * Mixed (continuous/discrete) equation systems: 0
Notification: Equation system details (not torn):
 * Constant Jacobian (size): 0 systems
 * Linear Jacobian (size,density): 0 systems
 * Non-linear Jacobian (size): 1 system
   {1}
 * Without analytic Jacobian (size): 0 systems
Notification: Performance of prepare postOptimizeDAE: time 0.000116/0.2576, allocations: 216 kB / 417.6 MB, free: 14.71 MB / 298.7 MB
Notification: Performance of postOpt lateInlineFunction (simulation): time 7.222e-05/0.2576, allocations: 43.47 kB / 417.6 MB, free: 14.67 MB / 298.7 MB
Notification: Performance of postOpt wrapFunctionCalls (simulation): time 9.451e-05/0.2577, allocations: 44.25 kB / 417.7 MB, free: 14.63 MB / 298.7 MB
Notification: Performance of postOpt inlineArrayEqn (simulation): time 3.747e-06/0.2578, allocations: 4 kB / 417.7 MB, free: 14.62 MB / 298.7 MB
Notification: Performance of postOpt constantLinearSystem (simulation): time 2.375e-06/0.2578, allocations: 0 / 417.7 MB, free: 14.62 MB / 298.7 MB
Notification: Performance of postOpt simplifysemiLinear (simulation): time 5.921e-06/0.2578, allocations: 3.984 kB / 417.7 MB, free: 14.62 MB / 298.7 MB
Notification: Performance of postOpt removeSimpleEquations (simulation): time 0.001645/0.2594, allocations: 0.9127 MB / 418.6 MB, free: 13.64 MB / 298.7 MB
Notification: Performance of postOpt simplifyComplexFunction (simulation): time 4.458e-06/0.2594, allocations: 4.125 kB / 418.6 MB, free: 13.64 MB / 298.7 MB
Notification: Performance of postOpt solveSimpleEquations (simulation): time 0.0005295/0.26, allocations: 87.88 kB / 418.7 MB, free: 13.55 MB / 298.7 MB
Notification: Performance of postOpt tearingSystem (simulation): time 5.941e-06/0.26, allocations: 11.97 kB / 418.7 MB, free: 13.54 MB / 298.7 MB
Notification: Performance of postOpt inputDerivativesUsed (simulation): time 2.726e-05/0.26, allocations: 8 kB / 418.7 MB, free: 13.54 MB / 298.7 MB
Notification: Performance of postOpt calculateStrongComponentJacobians (simulation): time 2.935e-06/0.26, allocations: 0 / 418.7 MB, free: 13.54 MB / 298.7 MB
Notification: Performance of postOpt calculateStateSetsJacobians (simulation): time 2.364e-06/0.2601, allocations: 4 kB / 418.7 MB, free: 13.53 MB / 298.7 MB
Notification: Performance of postOpt symbolicJacobian (simulation): time 0.001484/0.2615, allocations: 0.674 MB / 419.4 MB, free: 12.83 MB / 298.7 MB
Notification: Performance of postOpt removeConstants (simulation): time 0.0001215/0.2617, allocations: 128.8 kB / 419.5 MB, free: 12.68 MB / 298.7 MB
Notification: Performance of postOpt simplifyTimeIndepFuncCalls (simulation): time 5.842e-05/0.2617, allocations: 15.98 kB / 419.5 MB, free: 12.67 MB / 298.7 MB
Notification: Performance of postOpt simplifyAllExpressions (simulation): time 0.0003695/0.2621, allocations: 31.97 kB / 419.5 MB, free: 12.64 MB / 298.7 MB
Notification: Performance of postOpt findZeroCrossings (simulation): time 9.491e-05/0.2622, allocations: 31.91 kB / 419.6 MB, free: 12.61 MB / 298.7 MB
Notification: Performance of postOpt collapseArrayExpressions (simulation): time 2.023e-05/0.2622, allocations: 8 kB / 419.6 MB, free: 12.6 MB / 298.7 MB
Notification: Performance of sorting global known variables: time 0.0002238/0.2625, allocations: 251.2 kB / 419.8 MB, free: 12.35 MB / 298.7 MB
Notification: Performance of sort global known variables: time 1.51e-07/0.2625, allocations: 3.938 kB / 419.8 MB, free: 12.35 MB / 298.7 MB
Notification: Performance of remove unused functions: time 0.0006071/0.2631, allocations: 136 kB / 420 MB, free: 12.21 MB / 298.7 MB
Notification: Model statistics after passing the back-end for simulation:
 * Number of independent subsystems: 5
 * Number of states: 6 (PI.I.y,inertia1.phi,spring.phi_rel,spring.w_rel,inertia2.w,integrator.y)
 * Number of discrete variables: 1 (kinematicPTP.noWphase)
 * Number of discrete states: 0 ()
 * Number of clocked states: 0 ()
 * Top-level inputs: 0
Notification: Strong component statistics for simulation (32):
 * Single equations (assignments): 32
 * Array equations: 0
 * Algorithm blocks: 0
 * Record equations: 0
 * When equations: 0
 * If-equations: 0
 * Equation systems (not torn): 0
 * Torn equation systems: 0
 * Mixed (continuous/discrete) equation systems: 0
Notification: Performance of Backend phase and start with SimCode phase: time 8.516e-05/0.2632, allocations: 99.25 kB / 420.1 MB, free: 12.11 MB / 298.7 MB
Notification: Performance of simCode: created initialization part: time 0.002114/0.2653, allocations: 0.7071 MB / 420.8 MB, free: 11.4 MB / 298.7 MB
Notification: Performance of simCode: created event and clocks part: time 3.647e-06/0.2653, allocations: 448 / 420.8 MB, free: 11.4 MB / 298.7 MB
Notification: Performance of simCode: created simulation system equations: time 0.0004793/0.2658, allocations: 187.8 kB / 420.9 MB, free: 11.21 MB / 298.7 MB
Notification: Performance of simCode: created of all other equations (e.g. parameter, nominal, assert, etc): time 0.0007573/0.2666, allocations: 92.45 kB / 421 MB, free: 11.13 MB / 298.7 MB
Notification: Performance of simCode: created linear, non-linear and system jacobian parts: time 0.001679/0.2683, allocations: 1.018 MB / 422.1 MB, free: 10.07 MB / 298.7 MB
Notification: Performance of simCode: some other stuff during SimCode phase: time 0.0002734/0.2686, allocations: 0.8195 MB / 422.9 MB, free: 9.227 MB / 298.7 MB
Notification: Performance of simCode: alias equations: time 0.0002713/0.2688, allocations: 63.23 kB / 422.9 MB, free: 9.168 MB / 298.7 MB
Notification: Performance of simCode: all other stuff during SimCode phase: time 0.0001186/0.269, allocations: 35.44 kB / 423 MB, free: 9.133 MB / 298.7 MB
Notification: Performance of SimCode: time 4.31e-07/0.269, allocations: 0 / 423 MB, free: 9.133 MB / 298.7 MB
Notification: Performance of Templates: time 0.009206/0.2782, allocations: 4.642 MB / 427.6 MB, free: 4.539 MB / 298.7 MB
make -j1 -f MyLibrary_1.0.0_MyLibrary.Blocks.Examples.PID_Controller.makefile
(rm -f MyLibrary_1.0.0_MyLibrary.Blocks.Examples.PID_Controller.pipe ; mkfifo MyLibrary_1.0.0_MyLibrary.Blocks.Examples.PID_Controller.pipe ; head -c 1048576 < MyLibrary_1.0.0_MyLibrary.Blocks.Examples.PID_Controller.pipe >> ../files/MyLibrary_1.0.0_MyLibrary.Blocks.Examples.PID_Controller.sim & ./MyLibrary_1.0.0_MyLibrary.Blocks.Examples.PID_Controller  -abortSlowSimulation -alarm=480  -emit_protected -lv LOG_STATS > MyLibrary_1.0.0_MyLibrary.Blocks.Examples.PID_Controller.pipe 2>&1)
diffSimulationResults("MyLibrary_1.0.0_MyLibrary.Blocks.Examples.PID_Controller_res.mat","/home/runner/work/openmodelica-library-testing-action/openmodelica-library-testing-action/examples/ReferenceFiles/MyLibrary.Blocks.Examples.PID_Controller.csv","../files/MyLibrary_1.0.0_MyLibrary.Blocks.Examples.PID_Controller.diff",relTol=0.003,relTolDiffMinMax=0.003,rangeDelta=0.001)
""

Variables in the reference:time,PI.I.y,inertia1.phi,inertia1.w,integrator.y,spring.phi_rel,spring.w_rel

Variables in the result:PI.Dzero.k,PI.Dzero.y,PI.FFzero.k,PI.FFzero.y,PI.I.initType,PI.I.k,PI.I.y,PI.I.y_start,PI.Nd,PI.Ni,PI.P.k,PI.Td,PI.Ti,PI.addFF.k1,PI.addFF.k2,PI.addFF.u2,PI.addI.k1,PI.addI.k2,PI.addI.k3,PI.addP.k1,PI.addP.k2,PI.addPID.k1,PI.addPID.k2,PI.addPID.k3,PI.addPID.u2,PI.addSat.k1,PI.addSat.k2,PI.controllerType,PI.gainPID.k,PI.gainTrack.k,PI.homotopyType,PI.initType,PI.k,PI.kFF,PI.limiter.homotopyType,PI.limiter.strict,PI.limiter.uMax,PI.limiter.uMin,PI.strict,PI.wd,PI.withFeedForward,PI.with_D,PI.with_I,PI.wp,PI.xd_start,PI.xi_start,PI.yMax,PI.yMin,PI.y_start,driveAngle,inertia1.J,inertia1.phi,inertia1.w,inertia2.J,inertia2.flange_b.tau,integrator.initType,integrator.k,integrator.y,integrator.y_start,kinematicPTP.deltaq[1],kinematicPTP.nout,kinematicPTP.p_deltaq[1],kinematicPTP.p_qd_max[1],kinematicPTP.p_qdd_max[1],kinematicPTP.qd_max[1],kinematicPTP.qdd_max[1],kinematicPTP.startTime,loadTorque.flange.tau,loadTorque.tau,loadTorque.tau_constant,spring.c,spring.d,spring.phi_nominal,spring.phi_rel,spring.phi_rel0,spring.w_rel,time
