Running: ./testmodel.py --libraries=/home/runner/.openmodelica/libraries/ --ompython_omhome= MyLibrary_pr-8_MyLibrary.Mechanics.MultiBody.Examples.Pendulum.conf.json
loadFile("/home/runner/.openmodelica/libraries/ModelicaServices 4.0.0+maint.om/package.mo", uses=false)
loadFile("/home/runner/.openmodelica/libraries/Complex 4.0.0+maint.om/package.mo", uses=false)
loadFile("/home/runner/.openmodelica/libraries/Modelica 4.0.0+maint.om/package.mo", uses=false)
loadFile("/home/runner/work/openmodelica-library-testing-action/openmodelica-library-testing-action/examples/MyLibrary/package.mo", uses=false)
Using package MyLibrary with version 1.0.0 (/home/runner/work/openmodelica-library-testing-action/openmodelica-library-testing-action/examples/MyLibrary/package.mo)
Using package Modelica with version 4.0.0 (/home/runner/.openmodelica/libraries/Modelica 4.0.0+maint.om/package.mo)
Using package Complex with version 4.0.0 (/home/runner/.openmodelica/libraries/Complex 4.0.0+maint.om/package.mo)
Using package ModelicaServices with version 4.0.0 (/home/runner/.openmodelica/libraries/ModelicaServices 4.0.0+maint.om/package.mo)
Running command: translateModel(MyLibrary.Mechanics.MultiBody.Examples.Pendulum,tolerance=1e-06,outputFormat="mat",numberOfIntervals=5000,variableFilter="time|rev.phi|rev.w",fileNamePrefix="MyLibrary_pr-8_MyLibrary.Mechanics.MultiBody.Examples.Pendulum")
translateModel(MyLibrary.Mechanics.MultiBody.Examples.Pendulum,tolerance=1e-06,outputFormat="mat",numberOfIntervals=5000,variableFilter="time|rev.phi|rev.w",fileNamePrefix="MyLibrary_pr-8_MyLibrary.Mechanics.MultiBody.Examples.Pendulum")
Notification: Performance of loadFile(/home/runner/.openmodelica/libraries/ModelicaServices 4.0.0+maint.om/package.mo): time 0.001267/0.001268, allocations: 99.56 kB / 15.59 MB, free: 5.234 MB / 13.93 MB
Notification: Performance of loadFile(/home/runner/.openmodelica/libraries/Complex 4.0.0+maint.om/package.mo): time 0.001426/0.001426, allocations: 179.7 kB / 16.51 MB, free: 4.645 MB / 13.93 MB
Notification: Performance of loadFile(/home/runner/.openmodelica/libraries/Modelica 4.0.0+maint.om/package.mo): time 1.644/1.644, allocations: 222.2 MB / 239.4 MB, free: 11.11 MB / 202.7 MB
Notification: Performance of loadFile(/home/runner/work/openmodelica-library-testing-action/openmodelica-library-testing-action/examples/MyLibrary/package.mo): time 0.0003078/0.0003078, allocations: 22.25 kB / 289.6 MB, free: 11.16 MB / 234.7 MB
Notification: Performance of FrontEnd - loaded program: time 0.0004635/0.0004635, allocations: 12 kB / 350 MB, free: 14.84 MB / 298.7 MB
Notification: Performance of FrontEnd - Absyn->SCode: time 0.2257/0.2261, allocations: 49.44 MB / 399.5 MB, free: 33.51 MB / 298.7 MB
Notification: Performance of NFInst.instantiate(MyLibrary.Mechanics.MultiBody.Examples.Pendulum): time 0.007117/0.2333, allocations: 7.13 MB / 406.6 MB, free: 26.35 MB / 298.7 MB
Notification: Performance of NFInst.instExpressions: time 0.005147/0.2385, allocations: 3.154 MB / 409.8 MB, free: 23.18 MB / 298.7 MB
Notification: Performance of NFInst.updateImplicitVariability: time 0.0007067/0.2392, allocations: 27.94 kB / 409.8 MB, free: 23.16 MB / 298.7 MB
Notification: Performance of NFTyping.typeComponents: time 0.001591/0.2408, allocations: 0.7859 MB / 410.6 MB, free: 22.37 MB / 298.7 MB
Notification: Performance of NFTyping.typeBindings: time 0.002678/0.2436, allocations: 1.319 MB / 411.9 MB, free: 21.04 MB / 298.7 MB
Notification: Performance of NFTyping.typeClassSections: time 0.0009792/0.2446, allocations: 495 kB / 412.4 MB, free: 20.56 MB / 298.7 MB
Notification: Performance of NFFlatten.flatten: time 0.00252/0.2471, allocations: 2.522 MB / 414.9 MB, free: 18.03 MB / 298.7 MB
Notification: Performance of NFFlatten.resolveConnections: time 0.001139/0.2482, allocations: 1.157 MB / 416.1 MB, free: 16.86 MB / 298.7 MB
Notification: Performance of NFEvalConstants.evaluate: time 0.000746/0.249, allocations: 0.7666 MB / 416.8 MB, free: 16.09 MB / 298.7 MB
Notification: Performance of NFSimplifyModel.simplify: time 0.001181/0.2502, allocations: 1.094 MB / 417.9 MB, free: 15 MB / 298.7 MB
Notification: Performance of NFPackage.collectConstants: time 0.0002549/0.2505, allocations: 136 kB / 418 MB, free: 14.86 MB / 298.7 MB
Notification: Performance of NFFlatten.collectFunctions: time 0.001386/0.2519, allocations: 0.8814 MB / 418.9 MB, free: 13.98 MB / 298.7 MB
Notification: Performance of NFScalarize.scalarize: time 0.0006417/0.2525, allocations: 1.001 MB / 419.9 MB, free: 12.98 MB / 298.7 MB
Notification: Performance of NFVerifyModel.verify: time 0.0008146/0.2534, allocations: 1.195 MB / 421.1 MB, free: 11.77 MB / 298.7 MB
Notification: Performance of NFConvertDAE.convert: time 0.002868/0.2562, allocations: 3.779 MB / 424.9 MB, free: 7.984 MB / 298.7 MB
Notification: Performance of FrontEnd - DAE generated: time 3.457e-06/0.2563, allocations: 7.938 kB / 424.9 MB, free: 7.977 MB / 298.7 MB
Notification: Performance of FrontEnd: time 2.233e-06/0.2563, allocations: 3.984 kB / 424.9 MB, free: 7.973 MB / 298.7 MB
Notification: Performance of Transformations before backend: time 3.373e-05/0.2563, allocations: 0 / 424.9 MB, free: 7.973 MB / 298.7 MB
Notification: Model statistics after passing the front-end and creating the data structures used by the back-end:
 * Number of equations: 934
 * Number of variables: 934
Notification: Performance of Generate backend data structure: time 0.004693/0.261, allocations: 2.882 MB / 427.8 MB, free: 5.031 MB / 298.7 MB
Notification: Performance of prepare preOptimizeDAE: time 3.768e-05/0.2611, allocations: 8.031 kB / 427.8 MB, free: 5.023 MB / 298.7 MB
Notification: Performance of preOpt normalInlineFunction (simulation): time 0.006993/0.2681, allocations: 1.643 MB / 429.4 MB, free: 3.375 MB / 298.7 MB
Notification: Performance of preOpt evaluateParameters (simulation): time 0.00267/0.2708, allocations: 1.316 MB / 430.8 MB, free: 2.016 MB / 298.7 MB
Notification: Performance of preOpt simplifyIfEquations (simulation): time 7.796e-05/0.2709, allocations: 122.8 kB / 430.9 MB, free: 1.895 MB / 298.7 MB
Notification: Performance of preOpt expandDerOperator (simulation): time 0.0003663/0.2712, allocations: 151.8 kB / 431 MB, free: 1.746 MB / 298.7 MB
Notification: Performance of preOpt clockPartitioning (simulation): time 0.009127/0.2804, allocations: 6.37 MB / 437.4 MB, free: 10.85 MB / 314.7 MB
Notification: Performance of preOpt findStateOrder (simulation): time 0.0002344/0.2806, allocations: 31.66 kB / 437.4 MB, free: 10.82 MB / 314.7 MB
Notification: Performance of preOpt replaceEdgeChange (simulation): time 0.000258/0.2809, allocations: 79.89 kB / 437.5 MB, free: 10.74 MB / 314.7 MB
Notification: Performance of preOpt inlineArrayEqn (simulation): time 0.002474/0.2834, allocations: 1.437 MB / 438.9 MB, free: 9.293 MB / 314.7 MB
Notification: Performance of preOpt removeEqualRHS (simulation): time 0.009564/0.293, allocations: 5.677 MB / 444.6 MB, free: 3.609 MB / 314.7 MB
Notification: Performance of preOpt removeSimpleEquations (simulation): time 0.02815/0.3211, allocations: 26.29 MB / 470.9 MB, free: 8.484 MB / 346.7 MB
Notification: Performance of preOpt comSubExp (simulation): time 0.00501/0.3262, allocations: 2.267 MB / 473.2 MB, free: 6.07 MB / 346.7 MB
Notification: Performance of preOpt resolveLoops (simulation): time 0.001214/0.3274, allocations: 1.03 MB / 474.2 MB, free: 5.031 MB / 346.7 MB
Notification: Performance of preOpt evalFunc (simulation): time 5.442e-05/0.3275, allocations: 7.984 kB / 474.2 MB, free: 5.023 MB / 346.7 MB
Notification: Performance of preOpt encapsulateWhenConditions (simulation): time 2.985e-05/0.3275, allocations: 46.5 kB / 474.3 MB, free: 4.969 MB / 346.7 MB
Notification: Performance of pre-optimization done (n=98): time 3.336e-06/0.3275, allocations: 4 kB / 474.3 MB, free: 4.965 MB / 346.7 MB
Notification: Performance of matching and sorting (n=106): time 0.02463/0.3522, allocations: 8.575 MB / 482.8 MB, free: 12.25 MB / 362.7 MB
Notification: Performance of inlineWhenForInitialization (initialization): time 4.144e-05/0.3522, allocations: 136.5 kB / 483 MB, free: 12.08 MB / 362.7 MB
Notification: Performance of selectInitializationVariablesDAE (initialization): time 0.003566/0.3558, allocations: 2.819 MB / 485.8 MB, free: 9.246 MB / 362.7 MB
Notification: Performance of collectPreVariables (initialization): time 0.0001358/0.356, allocations: 41.7 kB / 485.8 MB, free: 9.199 MB / 362.7 MB
Notification: Performance of collectInitialEqns (initialization): time 0.00113/0.3571, allocations: 2.071 MB / 487.9 MB, free: 7.098 MB / 362.7 MB
Notification: Performance of collectInitialBindings (initialization): time 0.0003065/0.3574, allocations: 442.6 kB / 488.3 MB, free: 6.66 MB / 362.7 MB
Notification: Performance of simplifyInitialFunctions (initialization): time 0.001169/0.3586, allocations: 0.8808 MB / 489.2 MB, free: 5.766 MB / 362.7 MB
Notification: Performance of setup shared object (initialization): time 3.473e-05/0.3586, allocations: 305.1 kB / 489.5 MB, free: 5.465 MB / 362.7 MB
Notification: Performance of preBalanceInitialSystem (initialization): time 0.00239/0.361, allocations: 1.418 MB / 490.9 MB, free: 4.039 MB / 362.7 MB
Notification: Performance of partitionIndependentBlocks (initialization): time 0.00731/0.3684, allocations: 4.242 MB / 495.2 MB, free: 14.37 MB / 378.7 MB
Notification: Performance of analyzeInitialSystem (initialization): time 0.007883/0.3763, allocations: 6.141 MB / 0.4896 GB, free: 6.812 MB / 378.7 MB
Notification: Performance of solveInitialSystemEqSystem (initialization): time 5.315e-05/0.3764, allocations: 28 kB / 0.4896 GB, free: 6.785 MB / 378.7 MB
Notification: Performance of matching and sorting (n=573) (initialization): time 0.01111/0.3875, allocations: 6.099 MB / 0.4955 GB, free: 0.6719 MB / 378.7 MB
Notification: Performance of prepare postOptimizeDAE: time 6.369e-05/0.3876, allocations: 48 kB / 0.4956 GB, free: 0.625 MB / 378.7 MB
Notification: Performance of postOpt simplifyComplexFunction (initialization): time 0.0001011/0.3877, allocations: 100 kB / 0.4957 GB, free: 0.5273 MB / 378.7 MB
Notification: Performance of postOpt tearingSystem (initialization): time 0.2019/0.5896, allocations: 0.8041 MB / 0.4965 GB, free: 93.38 MB / 378.7 MB
Notification: Performance of postOpt solveSimpleEquations (initialization): time 0.003713/0.5934, allocations: 0.9875 MB / 0.4974 GB, free: 93.38 MB / 378.7 MB
Notification: Performance of postOpt calculateStrongComponentJacobians (initialization): time 0.005708/0.5991, allocations: 4.475 MB / 0.5018 GB, free: 91.51 MB / 378.7 MB
Notification: Performance of postOpt simplifyAllExpressions (initialization): time 0.00333/0.6024, allocations: 250.5 kB / 0.502 GB, free: 91.45 MB / 378.7 MB
Notification: Performance of postOpt collapseArrayExpressions (initialization): time 0.0004459/0.6029, allocations: 271.5 kB / 0.5023 GB, free: 91.41 MB / 378.7 MB
Notification: Model statistics after passing the back-end for initialization:
 * Number of independent subsystems: 459
 * Number of states: 0 ()
 * Number of discrete variables: 18 (body.sphereColor[3],body.sphereColor[2],body.sphereColor[1],rev.cylinderColor[3],rev.cylinderColor[2],rev.cylinderColor[1],world.gravityArrowColor[3],world.gravityArrowColor[2],world.gravityArrowColor[1],world.axisColor_x[3],world.axisColor_x[2],world.axisColor_x[1],world.groundColor[3],world.groundColor[2],world.groundColor[1],world.gravitySphereColor[3],world.gravitySphereColor[2],world.gravitySphereColor[1])
 * Number of discrete states: 0 ()
 * Number of clocked states: 0 ()
 * Top-level inputs: 0
Notification: Strong component statistics for initialization (537):
 * Single equations (assignments): 533
 * Array equations: 3
 * Algorithm blocks: 0
 * Record equations: 0
 * When equations: 0
 * If-equations: 0
 * Equation systems (not torn): 0
 * Torn equation systems: 1
 * Mixed (continuous/discrete) equation systems: 0
Notification: Torn system details for strict tearing set:
 * Linear torn systems (#iteration vars, #inner vars, density): 1 system
   {(2,11,100.0%)}
 * Non-linear torn systems (#iteration vars, #inner vars): 0 systems
Notification: Performance of prepare postOptimizeDAE: time 0.00204/0.6049, allocations: 1.378 MB / 0.5037 GB, free: 90.79 MB / 378.7 MB
Notification: Performance of postOpt lateInlineFunction (simulation): time 0.0004027/0.6054, allocations: 237.5 kB / 0.5039 GB, free: 90.78 MB / 378.7 MB
Notification: Performance of postOpt wrapFunctionCalls (simulation): time 0.004411/0.6098, allocations: 1.851 MB / 0.5057 GB, free: 90.23 MB / 378.7 MB
Notification: Performance of postOpt inlineArrayEqn (simulation): time 2.38e-05/0.6098, allocations: 15.12 kB / 0.5057 GB, free: 90.23 MB / 378.7 MB
Notification: Performance of postOpt constantLinearSystem (simulation): time 1.141e-05/0.6098, allocations: 7.938 kB / 0.5057 GB, free: 90.22 MB / 378.7 MB
Notification: Performance of postOpt simplifysemiLinear (simulation): time 1.735e-05/0.6099, allocations: 3.703 kB / 0.5057 GB, free: 90.22 MB / 378.7 MB
Notification: Performance of postOpt removeSimpleEquations (simulation): time 0.00837/0.6182, allocations: 4.803 MB / 0.5104 GB, free: 88.54 MB / 378.7 MB
Notification: Performance of postOpt simplifyComplexFunction (simulation): time 7.084e-06/0.6183, allocations: 0 / 0.5104 GB, free: 88.54 MB / 378.7 MB
Notification: Performance of postOpt solveSimpleEquations (simulation): time 0.0007434/0.619, allocations: 136.1 kB / 0.5105 GB, free: 88.53 MB / 378.7 MB
Notification: Performance of postOpt tearingSystem (simulation): time 0.002349/0.6214, allocations: 0.647 MB / 0.5112 GB, free: 88.46 MB / 378.7 MB
Notification: Performance of postOpt inputDerivativesUsed (simulation): time 8.718e-05/0.6215, allocations: 19.33 kB / 0.5112 GB, free: 88.45 MB / 378.7 MB
Notification: Performance of postOpt calculateStrongComponentJacobians (simulation): time 0.004873/0.6264, allocations: 3.955 MB / 0.515 GB, free: 85.32 MB / 378.7 MB
Notification: Performance of postOpt calculateStateSetsJacobians (simulation): time 2.946e-06/0.6264, allocations: 0 / 0.515 GB, free: 85.32 MB / 378.7 MB
Notification: Performance of postOpt symbolicJacobian (simulation): time 0.00583/0.6322, allocations: 3.687 MB / 0.5186 GB, free: 81.73 MB / 378.7 MB
Notification: Performance of postOpt removeConstants (simulation): time 0.0005096/0.6328, allocations: 295.4 kB / 0.5189 GB, free: 81.47 MB / 378.7 MB
Notification: Performance of postOpt simplifyTimeIndepFuncCalls (simulation): time 0.000299/0.6331, allocations: 16 kB / 0.5189 GB, free: 81.46 MB / 378.7 MB
Notification: Performance of postOpt simplifyAllExpressions (simulation): time 0.001123/0.6342, allocations: 67.19 kB / 0.519 GB, free: 81.39 MB / 378.7 MB
Notification: Performance of postOpt findZeroCrossings (simulation): time 0.0002238/0.6344, allocations: 52.95 kB / 0.5191 GB, free: 81.34 MB / 378.7 MB
Notification: Performance of postOpt collapseArrayExpressions (simulation): time 0.0001222/0.6346, allocations: 31.98 kB / 0.5191 GB, free: 81.31 MB / 378.7 MB
Notification: Performance of sorting global known variables: time 0.002256/0.6368, allocations: 1.753 MB / 0.5208 GB, free: 79.55 MB / 378.7 MB
Notification: Performance of sort global known variables: time 2.5e-07/0.6368, allocations: 0 / 0.5208 GB, free: 79.55 MB / 378.7 MB
Notification: Performance of remove unused functions: time 0.003314/0.6402, allocations: 0.6498 MB / 0.5214 GB, free: 78.91 MB / 378.7 MB
Notification: Model statistics after passing the back-end for simulation:
 * Number of independent subsystems: 6
 * Number of states: 2 (rev.phi,rev.w)
 * Number of discrete variables: 0 ()
 * Number of discrete states: 0 ()
 * Number of clocked states: 0 ()
 * Top-level inputs: 0
Notification: Strong component statistics for simulation (75):
 * Single equations (assignments): 71
 * Array equations: 3
 * Algorithm blocks: 0
 * Record equations: 0
 * When equations: 0
 * If-equations: 0
 * Equation systems (not torn): 0
 * Torn equation systems: 1
 * Mixed (continuous/discrete) equation systems: 0
Notification: Torn system details for strict tearing set:
 * Linear torn systems (#iteration vars, #inner vars, density): 1 system
   {(1,9,100.0%)}
 * Non-linear torn systems (#iteration vars, #inner vars): 0 systems
Notification: Performance of Backend phase and start with SimCode phase: time 0.0003219/0.6405, allocations: 144.9 kB / 0.5216 GB, free: 78.77 MB / 378.7 MB
Notification: Performance of simCode: created initialization part: time 0.005086/0.6456, allocations: 3.634 MB / 0.5251 GB, free: 75.19 MB / 378.7 MB
Notification: Performance of simCode: created event and clocks part: time 3.666e-06/0.6456, allocations: 0 / 0.5251 GB, free: 75.19 MB / 378.7 MB
Notification: Performance of simCode: created simulation system equations: time 0.001189/0.6468, allocations: 0.9316 MB / 0.526 GB, free: 74.25 MB / 378.7 MB
Notification: Performance of simCode: created of all other equations (e.g. parameter, nominal, assert, etc): time 0.001711/0.6485, allocations: 258.3 kB / 0.5263 GB, free: 74 MB / 378.7 MB
Notification: Performance of simCode: created linear, non-linear and system jacobian parts: time 0.007323/0.6559, allocations: 5.494 MB / 0.5316 GB, free: 68.49 MB / 378.7 MB
Notification: Performance of simCode: some other stuff during SimCode phase: time 0.00178/0.6577, allocations: 2.188 MB / 0.5338 GB, free: 66.26 MB / 378.7 MB
Notification: Performance of simCode: alias equations: time 0.003163/0.6609, allocations: 1.4 MB / 0.5351 GB, free: 64.86 MB / 378.7 MB
Notification: Performance of simCode: all other stuff during SimCode phase: time 0.0004094/0.6613, allocations: 163.4 kB / 0.5353 GB, free: 64.7 MB / 378.7 MB
Notification: Performance of SimCode: time 9.52e-07/0.6613, allocations: 4 kB / 0.5353 GB, free: 64.7 MB / 378.7 MB
Notification: Performance of Templates: time 0.0384/0.6997, allocations: 22.93 MB / 0.5577 GB, free: 41.88 MB / 378.7 MB
make -j1 -f MyLibrary_pr-8_MyLibrary.Mechanics.MultiBody.Examples.Pendulum.makefile
(rm -f MyLibrary_pr-8_MyLibrary.Mechanics.MultiBody.Examples.Pendulum.pipe ; mkfifo MyLibrary_pr-8_MyLibrary.Mechanics.MultiBody.Examples.Pendulum.pipe ; head -c 1048576 < MyLibrary_pr-8_MyLibrary.Mechanics.MultiBody.Examples.Pendulum.pipe >> ../files/MyLibrary_pr-8_MyLibrary.Mechanics.MultiBody.Examples.Pendulum.sim & ./MyLibrary_pr-8_MyLibrary.Mechanics.MultiBody.Examples.Pendulum  -abortSlowSimulation -alarm=480  -emit_protected -lv LOG_STATS > MyLibrary_pr-8_MyLibrary.Mechanics.MultiBody.Examples.Pendulum.pipe 2>&1)
diffSimulationResults("MyLibrary_pr-8_MyLibrary.Mechanics.MultiBody.Examples.Pendulum_res.mat","/home/runner/work/openmodelica-library-testing-action/openmodelica-library-testing-action/examples/ReferenceFiles/MyLibrary.Mechanics.MultiBody.Examples.Pendulum.csv","../files/MyLibrary_pr-8_MyLibrary.Mechanics.MultiBody.Examples.Pendulum.diff",relTol=0.003,relTolDiffMinMax=0.003,rangeDelta=0.001)
Reference file matches
