Running: ./testmodel.py --libraries=/home/runner/.openmodelica/libraries/ --ompython_omhome= MyLibrary_tags-v0.1_MyLibrary.Mechanics.MultiBody.Examples.Pendulum.conf.json
loadFile("/home/runner/.openmodelica/libraries/ModelicaServices 4.0.0+maint.om/package.mo", uses=false)
loadFile("/home/runner/.openmodelica/libraries/Complex 4.0.0+maint.om/package.mo", uses=false)
loadFile("/home/runner/.openmodelica/libraries/Modelica 4.0.0+maint.om/package.mo", uses=false)
loadFile("/home/runner/work/openmodelica-library-testing-action/openmodelica-library-testing-action/examples/MyLibrary/package.mo", uses=false)
Using package MyLibrary with version 1.0.0 (/home/runner/work/openmodelica-library-testing-action/openmodelica-library-testing-action/examples/MyLibrary/package.mo)
Using package Modelica with version 4.0.0 (/home/runner/.openmodelica/libraries/Modelica 4.0.0+maint.om/package.mo)
Using package Complex with version 4.0.0 (/home/runner/.openmodelica/libraries/Complex 4.0.0+maint.om/package.mo)
Using package ModelicaServices with version 4.0.0 (/home/runner/.openmodelica/libraries/ModelicaServices 4.0.0+maint.om/package.mo)
Running command: translateModel(MyLibrary.Mechanics.MultiBody.Examples.Pendulum,tolerance=1e-06,outputFormat="mat",numberOfIntervals=5000,variableFilter="time|rev.phi|rev.w",fileNamePrefix="MyLibrary_tags-v0.1_MyLibrary.Mechanics.MultiBody.Examples.Pendulum")
translateModel(MyLibrary.Mechanics.MultiBody.Examples.Pendulum,tolerance=1e-06,outputFormat="mat",numberOfIntervals=5000,variableFilter="time|rev.phi|rev.w",fileNamePrefix="MyLibrary_tags-v0.1_MyLibrary.Mechanics.MultiBody.Examples.Pendulum")
Notification: Performance of loadFile(/home/runner/.openmodelica/libraries/ModelicaServices 4.0.0+maint.om/package.mo): time 0.0009649/0.000965, allocations: 93.2 kB / 15.59 MB, free: 5.227 MB / 13.93 MB
Notification: Performance of loadFile(/home/runner/.openmodelica/libraries/Complex 4.0.0+maint.om/package.mo): time 0.001004/0.001004, allocations: 176.4 kB / 16.51 MB, free: 4.648 MB / 13.93 MB
Notification: Performance of loadFile(/home/runner/.openmodelica/libraries/Modelica 4.0.0+maint.om/package.mo): time 1.698/1.698, allocations: 222.1 MB / 239.4 MB, free: 11.09 MB / 202.7 MB
Notification: Performance of loadFile(/home/runner/work/openmodelica-library-testing-action/openmodelica-library-testing-action/examples/MyLibrary/package.mo): time 0.0003039/0.0003039, allocations: 21.88 kB / 289.6 MB, free: 11.12 MB / 234.7 MB
Notification: Performance of FrontEnd - loaded program: time 0.000691/0.000691, allocations: 12 kB / 350 MB, free: 14.81 MB / 298.7 MB
Notification: Performance of FrontEnd - Absyn->SCode: time 0.2339/0.2346, allocations: 49.44 MB / 399.5 MB, free: 33.46 MB / 298.7 MB
Notification: Performance of NFInst.instantiate(MyLibrary.Mechanics.MultiBody.Examples.Pendulum): time 0.007416/0.2421, allocations: 7.123 MB / 406.6 MB, free: 26.32 MB / 298.7 MB
Notification: Performance of NFInst.instExpressions: time 0.005298/0.2474, allocations: 3.154 MB / 409.7 MB, free: 23.16 MB / 298.7 MB
Notification: Performance of NFInst.updateImplicitVariability: time 0.000716/0.2482, allocations: 35.88 kB / 409.8 MB, free: 23.12 MB / 298.7 MB
Notification: Performance of NFTyping.typeComponents: time 0.001591/0.2498, allocations: 0.782 MB / 410.6 MB, free: 22.34 MB / 298.7 MB
Notification: Performance of NFTyping.typeBindings: time 0.002388/0.2522, allocations: 1.315 MB / 411.9 MB, free: 21.02 MB / 298.7 MB
Notification: Performance of NFTyping.typeClassSections: time 0.0009018/0.2531, allocations: 0.495 MB / 412.4 MB, free: 20.52 MB / 298.7 MB
Notification: Performance of NFFlatten.flatten: time 0.002138/0.2553, allocations: 2.527 MB / 414.9 MB, free: 17.99 MB / 298.7 MB
Notification: Performance of NFFlatten.resolveConnections: time 0.001004/0.2563, allocations: 1.157 MB / 416.1 MB, free: 16.82 MB / 298.7 MB
Notification: Performance of NFEvalConstants.evaluate: time 0.000537/0.2568, allocations: 0.751 MB / 416.8 MB, free: 16.07 MB / 298.7 MB
Notification: Performance of NFSimplifyModel.simplify: time 0.001057/0.2579, allocations: 1.102 MB / 417.9 MB, free: 14.96 MB / 298.7 MB
Notification: Performance of NFPackage.collectConstants: time 0.0002126/0.2581, allocations: 136 kB / 418 MB, free: 14.83 MB / 298.7 MB
Notification: Performance of NFFlatten.collectFunctions: time 0.001241/0.2594, allocations: 0.8775 MB / 418.9 MB, free: 13.95 MB / 298.7 MB
Notification: Performance of NFScalarize.scalarize: time 0.0006442/0.26, allocations: 0.9972 MB / 419.9 MB, free: 12.95 MB / 298.7 MB
Notification: Performance of NFVerifyModel.verify: time 0.0007692/0.2608, allocations: 1.207 MB / 421.1 MB, free: 11.73 MB / 298.7 MB
Notification: Performance of NFConvertDAE.convert: time 0.002638/0.2635, allocations: 3.787 MB / 424.9 MB, free: 7.938 MB / 298.7 MB
Notification: Performance of FrontEnd - DAE generated: time 3.286e-06/0.2635, allocations: 0 / 424.9 MB, free: 7.938 MB / 298.7 MB
Notification: Performance of FrontEnd: time 1.733e-06/0.2635, allocations: 0 / 424.9 MB, free: 7.938 MB / 298.7 MB
Notification: Performance of Transformations before backend: time 3.104e-05/0.2635, allocations: 0 / 424.9 MB, free: 7.938 MB / 298.7 MB
Notification: Model statistics after passing the front-end and creating the data structures used by the back-end:
 * Number of equations: 934
 * Number of variables: 934
Notification: Performance of Generate backend data structure: time 0.004285/0.2678, allocations: 2.882 MB / 427.8 MB, free: 4.996 MB / 298.7 MB
Notification: Performance of prepare preOptimizeDAE: time 3.7e-05/0.2679, allocations: 8.031 kB / 427.8 MB, free: 4.988 MB / 298.7 MB
Notification: Performance of preOpt normalInlineFunction (simulation): time 0.006653/0.2745, allocations: 1.647 MB / 429.4 MB, free: 3.336 MB / 298.7 MB
Notification: Performance of preOpt evaluateParameters (simulation): time 0.002/0.2765, allocations: 1.309 MB / 430.8 MB, free: 1.984 MB / 298.7 MB
Notification: Performance of preOpt simplifyIfEquations (simulation): time 6.952e-05/0.2766, allocations: 122.8 kB / 430.9 MB, free: 1.863 MB / 298.7 MB
Notification: Performance of preOpt expandDerOperator (simulation): time 0.0003078/0.2769, allocations: 155.8 kB / 431 MB, free: 1.711 MB / 298.7 MB
Notification: Performance of preOpt clockPartitioning (simulation): time 0.008453/0.2854, allocations: 6.37 MB / 437.4 MB, free: 10.81 MB / 314.7 MB
Notification: Performance of preOpt findStateOrder (simulation): time 6.076e-05/0.2855, allocations: 31.66 kB / 437.4 MB, free: 10.78 MB / 314.7 MB
Notification: Performance of preOpt replaceEdgeChange (simulation): time 0.000252/0.2857, allocations: 83.88 kB / 437.5 MB, free: 10.7 MB / 314.7 MB
Notification: Performance of preOpt inlineArrayEqn (simulation): time 0.002581/0.2883, allocations: 1.433 MB / 438.9 MB, free: 9.258 MB / 314.7 MB
Notification: Performance of preOpt removeEqualRHS (simulation): time 0.008947/0.2973, allocations: 5.666 MB / 444.6 MB, free: 3.586 MB / 314.7 MB
Notification: Performance of preOpt removeSimpleEquations (simulation): time 0.0297/0.327, allocations: 26.29 MB / 470.9 MB, free: 8.457 MB / 346.7 MB
Notification: Performance of preOpt comSubExp (simulation): time 0.007475/0.3345, allocations: 2.267 MB / 473.2 MB, free: 6.047 MB / 346.7 MB
Notification: Performance of preOpt resolveLoops (simulation): time 0.001919/0.3365, allocations: 1.026 MB / 474.2 MB, free: 5.008 MB / 346.7 MB
Notification: Performance of preOpt evalFunc (simulation): time 6.632e-05/0.3366, allocations: 15.98 kB / 474.2 MB, free: 4.992 MB / 346.7 MB
Notification: Performance of preOpt encapsulateWhenConditions (simulation): time 4.07e-05/0.3366, allocations: 50.48 kB / 474.3 MB, free: 4.934 MB / 346.7 MB
Notification: Performance of pre-optimization done (n=98): time 5.41e-06/0.3367, allocations: 0 / 474.3 MB, free: 4.934 MB / 346.7 MB
Notification: Performance of matching and sorting (n=106): time 0.03446/0.3711, allocations: 8.575 MB / 482.8 MB, free: 12.21 MB / 362.7 MB
Notification: Performance of inlineWhenForInitialization (initialization): time 4.387e-05/0.3712, allocations: 140.5 kB / 483 MB, free: 12.04 MB / 362.7 MB
Notification: Performance of selectInitializationVariablesDAE (initialization): time 0.004131/0.3753, allocations: 2.823 MB / 485.8 MB, free: 9.203 MB / 362.7 MB
Notification: Performance of collectPreVariables (initialization): time 0.0001371/0.3755, allocations: 37.7 kB / 485.8 MB, free: 9.16 MB / 362.7 MB
Notification: Performance of collectInitialEqns (initialization): time 0.001398/0.3769, allocations: 2.071 MB / 487.9 MB, free: 7.062 MB / 362.7 MB
Notification: Performance of collectInitialBindings (initialization): time 0.0003443/0.3773, allocations: 438.6 kB / 488.3 MB, free: 6.629 MB / 362.7 MB
Notification: Performance of simplifyInitialFunctions (initialization): time 0.001344/0.3786, allocations: 0.8847 MB / 489.2 MB, free: 5.73 MB / 362.7 MB
Notification: Performance of setup shared object (initialization): time 3.951e-05/0.3787, allocations: 301.1 kB / 489.5 MB, free: 5.434 MB / 362.7 MB
Notification: Performance of preBalanceInitialSystem (initialization): time 0.002647/0.3813, allocations: 1.418 MB / 490.9 MB, free: 4.008 MB / 362.7 MB
Notification: Performance of partitionIndependentBlocks (initialization): time 0.0049/0.3863, allocations: 4.246 MB / 495.2 MB, free: 14.33 MB / 378.7 MB
Notification: Performance of analyzeInitialSystem (initialization): time 0.006964/0.3932, allocations: 6.137 MB / 0.4896 GB, free: 6.781 MB / 378.7 MB
Notification: Performance of solveInitialSystemEqSystem (initialization): time 5.805e-05/0.3933, allocations: 28 kB / 0.4896 GB, free: 6.754 MB / 378.7 MB
Notification: Performance of matching and sorting (n=573) (initialization): time 0.0122/0.4055, allocations: 6.1 MB / 0.4955 GB, free: 0.6406 MB / 378.7 MB
Notification: Performance of prepare postOptimizeDAE: time 6.388e-05/0.4056, allocations: 48 kB / 0.4956 GB, free: 0.5938 MB / 378.7 MB
Notification: Performance of postOpt simplifyComplexFunction (initialization): time 7.968e-05/0.4057, allocations: 100 kB / 0.4957 GB, free: 0.4961 MB / 378.7 MB
Notification: Performance of postOpt tearingSystem (initialization): time 0.2077/0.6134, allocations: 0.8013 MB / 0.4965 GB, free: 93.35 MB / 378.7 MB
Notification: Performance of postOpt solveSimpleEquations (initialization): time 0.003731/0.6172, allocations: 0.9913 MB / 0.4974 GB, free: 93.35 MB / 378.7 MB
Notification: Performance of postOpt calculateStrongComponentJacobians (initialization): time 0.005541/0.6228, allocations: 4.469 MB / 0.5018 GB, free: 91.5 MB / 378.7 MB
Notification: Performance of postOpt simplifyAllExpressions (initialization): time 0.003112/0.6259, allocations: 247.3 kB / 0.502 GB, free: 91.43 MB / 378.7 MB
Notification: Performance of postOpt collapseArrayExpressions (initialization): time 0.0003951/0.6263, allocations: 276.9 kB / 0.5023 GB, free: 91.4 MB / 378.7 MB
Notification: Model statistics after passing the back-end for initialization:
 * Number of independent subsystems: 459
 * Number of states: 0 ()
 * Number of discrete variables: 18 (body.sphereColor[3],body.sphereColor[2],body.sphereColor[1],rev.cylinderColor[3],rev.cylinderColor[2],rev.cylinderColor[1],world.gravityArrowColor[3],world.gravityArrowColor[2],world.gravityArrowColor[1],world.axisColor_x[3],world.axisColor_x[2],world.axisColor_x[1],world.groundColor[3],world.groundColor[2],world.groundColor[1],world.gravitySphereColor[3],world.gravitySphereColor[2],world.gravitySphereColor[1])
 * Number of discrete states: 0 ()
 * Number of clocked states: 0 ()
 * Top-level inputs: 0
Notification: Strong component statistics for initialization (537):
 * Single equations (assignments): 533
 * Array equations: 3
 * Algorithm blocks: 0
 * Record equations: 0
 * When equations: 0
 * If-equations: 0
 * Equation systems (not torn): 0
 * Torn equation systems: 1
 * Mixed (continuous/discrete) equation systems: 0
Notification: Torn system details for strict tearing set:
 * Linear torn systems (#iteration vars, #inner vars, density): 1 system
   {(2,11,100.0%)}
 * Non-linear torn systems (#iteration vars, #inner vars): 0 systems
Notification: Performance of prepare postOptimizeDAE: time 0.002032/0.6283, allocations: 1.366 MB / 0.5036 GB, free: 90.77 MB / 378.7 MB
Notification: Performance of postOpt lateInlineFunction (simulation): time 0.0003795/0.6287, allocations: 235.5 kB / 0.5039 GB, free: 90.77 MB / 378.7 MB
Notification: Performance of postOpt wrapFunctionCalls (simulation): time 0.004173/0.6329, allocations: 1.856 MB / 0.5057 GB, free: 90.21 MB / 378.7 MB
Notification: Performance of postOpt inlineArrayEqn (simulation): time 2.045e-05/0.6329, allocations: 16.48 kB / 0.5057 GB, free: 90.21 MB / 378.7 MB
Notification: Performance of postOpt constantLinearSystem (simulation): time 1.137e-05/0.633, allocations: 7.75 kB / 0.5057 GB, free: 90.21 MB / 378.7 MB
Notification: Performance of postOpt simplifysemiLinear (simulation): time 1.22e-05/0.633, allocations: 7.719 kB / 0.5057 GB, free: 90.21 MB / 378.7 MB
Notification: Performance of postOpt removeSimpleEquations (simulation): time 0.007996/0.641, allocations: 4.796 MB / 0.5104 GB, free: 88.53 MB / 378.7 MB
Notification: Performance of postOpt simplifyComplexFunction (simulation): time 7.444e-06/0.641, allocations: 9.312 kB / 0.5104 GB, free: 88.53 MB / 378.7 MB
Notification: Performance of postOpt solveSimpleEquations (simulation): time 0.0007262/0.6418, allocations: 131.8 kB / 0.5105 GB, free: 88.52 MB / 378.7 MB
Notification: Performance of postOpt tearingSystem (simulation): time 0.002281/0.644, allocations: 0.6466 MB / 0.5112 GB, free: 88.44 MB / 378.7 MB
Notification: Performance of postOpt inputDerivativesUsed (simulation): time 8.201e-05/0.6441, allocations: 29.42 kB / 0.5112 GB, free: 88.43 MB / 378.7 MB
Notification: Performance of postOpt calculateStrongComponentJacobians (simulation): time 0.004663/0.6488, allocations: 3.939 MB / 0.515 GB, free: 85.26 MB / 378.7 MB
Notification: Performance of postOpt calculateStateSetsJacobians (simulation): time 3.817e-06/0.6488, allocations: 15.02 kB / 0.515 GB, free: 85.25 MB / 378.7 MB
Notification: Performance of postOpt symbolicJacobian (simulation): time 0.005488/0.6543, allocations: 3.677 MB / 0.5186 GB, free: 81.67 MB / 378.7 MB
Notification: Performance of postOpt removeConstants (simulation): time 0.0003666/0.6547, allocations: 295.8 kB / 0.5189 GB, free: 81.41 MB / 378.7 MB
Notification: Performance of postOpt simplifyTimeIndepFuncCalls (simulation): time 0.0002701/0.655, allocations: 20 kB / 0.5189 GB, free: 81.39 MB / 378.7 MB
Notification: Performance of postOpt simplifyAllExpressions (simulation): time 0.00108/0.6561, allocations: 59.91 kB / 0.519 GB, free: 81.33 MB / 378.7 MB
Notification: Performance of postOpt findZeroCrossings (simulation): time 0.0001982/0.6563, allocations: 59.61 kB / 0.519 GB, free: 81.28 MB / 378.7 MB
Notification: Performance of postOpt collapseArrayExpressions (simulation): time 8.792e-05/0.6564, allocations: 35.27 kB / 0.5191 GB, free: 81.25 MB / 378.7 MB
Notification: Performance of sorting global known variables: time 0.002183/0.6586, allocations: 1.75 MB / 0.5208 GB, free: 79.49 MB / 378.7 MB
Notification: Performance of sort global known variables: time 2.61e-07/0.6586, allocations: 0 / 0.5208 GB, free: 79.49 MB / 378.7 MB
Notification: Performance of remove unused functions: time 0.003103/0.6617, allocations: 0.6535 MB / 0.5214 GB, free: 78.84 MB / 378.7 MB
Notification: Model statistics after passing the back-end for simulation:
 * Number of independent subsystems: 6
 * Number of states: 2 (rev.phi,rev.w)
 * Number of discrete variables: 0 ()
 * Number of discrete states: 0 ()
 * Number of clocked states: 0 ()
 * Top-level inputs: 0
Notification: Strong component statistics for simulation (75):
 * Single equations (assignments): 71
 * Array equations: 3
 * Algorithm blocks: 0
 * Record equations: 0
 * When equations: 0
 * If-equations: 0
 * Equation systems (not torn): 0
 * Torn equation systems: 1
 * Mixed (continuous/discrete) equation systems: 0
Notification: Torn system details for strict tearing set:
 * Linear torn systems (#iteration vars, #inner vars, density): 1 system
   {(1,9,100.0%)}
 * Non-linear torn systems (#iteration vars, #inner vars): 0 systems
Notification: Performance of Backend phase and start with SimCode phase: time 0.0002881/0.662, allocations: 148.3 kB / 0.5216 GB, free: 78.7 MB / 378.7 MB
Notification: Performance of simCode: created initialization part: time 0.004549/0.6666, allocations: 3.635 MB / 0.5251 GB, free: 75.12 MB / 378.7 MB
Notification: Performance of simCode: created event and clocks part: time 2.995e-06/0.6666, allocations: 0 / 0.5251 GB, free: 75.12 MB / 378.7 MB
Notification: Performance of simCode: created simulation system equations: time 0.001142/0.6677, allocations: 0.927 MB / 0.526 GB, free: 74.18 MB / 378.7 MB
Notification: Performance of simCode: created of all other equations (e.g. parameter, nominal, assert, etc): time 0.00155/0.6693, allocations: 261.8 kB / 0.5263 GB, free: 73.93 MB / 378.7 MB
Notification: Performance of simCode: created linear, non-linear and system jacobian parts: time 0.006887/0.6762, allocations: 5.485 MB / 0.5316 GB, free: 68.44 MB / 378.7 MB
Notification: Performance of simCode: some other stuff during SimCode phase: time 0.001737/0.6779, allocations: 2.192 MB / 0.5338 GB, free: 66.21 MB / 378.7 MB
Notification: Performance of simCode: alias equations: time 0.003114/0.6811, allocations: 1.407 MB / 0.5351 GB, free: 64.8 MB / 378.7 MB
Notification: Performance of simCode: all other stuff during SimCode phase: time 0.0003925/0.6815, allocations: 167.4 kB / 0.5353 GB, free: 64.64 MB / 378.7 MB
Notification: Performance of SimCode: time 5.51e-07/0.6815, allocations: 0 / 0.5353 GB, free: 64.64 MB / 378.7 MB
Notification: Performance of Templates: time 0.03596/0.7174, allocations: 22.93 MB / 0.5577 GB, free: 41.83 MB / 378.7 MB
make -j1 -f MyLibrary_tags-v0.1_MyLibrary.Mechanics.MultiBody.Examples.Pendulum.makefile
(rm -f MyLibrary_tags-v0.1_MyLibrary.Mechanics.MultiBody.Examples.Pendulum.pipe ; mkfifo MyLibrary_tags-v0.1_MyLibrary.Mechanics.MultiBody.Examples.Pendulum.pipe ; head -c 1048576 < MyLibrary_tags-v0.1_MyLibrary.Mechanics.MultiBody.Examples.Pendulum.pipe >> ../files/MyLibrary_tags-v0.1_MyLibrary.Mechanics.MultiBody.Examples.Pendulum.sim & ./MyLibrary_tags-v0.1_MyLibrary.Mechanics.MultiBody.Examples.Pendulum  -abortSlowSimulation -alarm=480  -emit_protected -lv LOG_STATS > MyLibrary_tags-v0.1_MyLibrary.Mechanics.MultiBody.Examples.Pendulum.pipe 2>&1)
diffSimulationResults("MyLibrary_tags-v0.1_MyLibrary.Mechanics.MultiBody.Examples.Pendulum_res.mat","/home/runner/work/openmodelica-library-testing-action/openmodelica-library-testing-action/examples/ReferenceFiles/MyLibrary.Mechanics.MultiBody.Examples.Pendulum.csv","../files/MyLibrary_tags-v0.1_MyLibrary.Mechanics.MultiBody.Examples.Pendulum.diff",relTol=0.003,relTolDiffMinMax=0.003,rangeDelta=0.001)
Reference file matches
