Running: ./testmodel.py --libraries=/home/runner/.openmodelica/libraries/ --ompython_omhome= MyLibrary_tags-v0.1.1_MyLibrary.Mechanics.MultiBody.Examples.Pendulum.conf.json
loadFile("/home/runner/.openmodelica/libraries/ModelicaServices 4.0.0+maint.om/package.mo", uses=false)
loadFile("/home/runner/.openmodelica/libraries/Complex 4.0.0+maint.om/package.mo", uses=false)
loadFile("/home/runner/.openmodelica/libraries/Modelica 4.0.0+maint.om/package.mo", uses=false)
loadFile("/home/runner/work/openmodelica-library-testing-action/openmodelica-library-testing-action/examples/MyLibrary/package.mo", uses=false)
Using package MyLibrary with version 1.0.0 (/home/runner/work/openmodelica-library-testing-action/openmodelica-library-testing-action/examples/MyLibrary/package.mo)
Using package Modelica with version 4.0.0 (/home/runner/.openmodelica/libraries/Modelica 4.0.0+maint.om/package.mo)
Using package Complex with version 4.0.0 (/home/runner/.openmodelica/libraries/Complex 4.0.0+maint.om/package.mo)
Using package ModelicaServices with version 4.0.0 (/home/runner/.openmodelica/libraries/ModelicaServices 4.0.0+maint.om/package.mo)
Running command: translateModel(MyLibrary.Mechanics.MultiBody.Examples.Pendulum,tolerance=1e-06,outputFormat="mat",numberOfIntervals=5000,variableFilter="time|rev.phi|rev.w",fileNamePrefix="MyLibrary_tags-v0.1.1_MyLibrary.Mechanics.MultiBody.Examples.Pendulum")
translateModel(MyLibrary.Mechanics.MultiBody.Examples.Pendulum,tolerance=1e-06,outputFormat="mat",numberOfIntervals=5000,variableFilter="time|rev.phi|rev.w",fileNamePrefix="MyLibrary_tags-v0.1.1_MyLibrary.Mechanics.MultiBody.Examples.Pendulum")
Notification: Performance of loadFile(/home/runner/.openmodelica/libraries/ModelicaServices 4.0.0+maint.om/package.mo): time 0.001201/0.001202, allocations: 96.34 kB / 15.59 MB, free: 4.816 MB / 13.93 MB
Notification: Performance of loadFile(/home/runner/.openmodelica/libraries/Complex 4.0.0+maint.om/package.mo): time 0.001397/0.001397, allocations: 173.9 kB / 16.5 MB, free: 4.352 MB / 13.93 MB
Notification: Performance of loadFile(/home/runner/.openmodelica/libraries/Modelica 4.0.0+maint.om/package.mo): time 1.624/1.624, allocations: 222.1 MB / 239.4 MB, free: 11.11 MB / 202.7 MB
Notification: Performance of loadFile(/home/runner/work/openmodelica-library-testing-action/openmodelica-library-testing-action/examples/MyLibrary/package.mo): time 0.0003013/0.0003011, allocations: 29 kB / 289.6 MB, free: 11.15 MB / 234.7 MB
Notification: Performance of FrontEnd - loaded program: time 0.0007536/0.0007536, allocations: 12 kB / 350 MB, free: 14.84 MB / 298.7 MB
Notification: Performance of FrontEnd - Absyn->SCode: time 0.2487/0.2495, allocations: 49.44 MB / 399.5 MB, free: 33.5 MB / 298.7 MB
Notification: Performance of NFInst.instantiate(MyLibrary.Mechanics.MultiBody.Examples.Pendulum): time 0.007267/0.2568, allocations: 7.12 MB / 406.6 MB, free: 26.36 MB / 298.7 MB
Notification: Performance of NFInst.instExpressions: time 0.004951/0.2618, allocations: 3.147 MB / 409.7 MB, free: 23.2 MB / 298.7 MB
Notification: Performance of NFInst.updateImplicitVariability: time 0.0004364/0.2623, allocations: 31.94 kB / 409.8 MB, free: 23.17 MB / 298.7 MB
Notification: Performance of NFTyping.typeComponents: time 0.001502/0.2638, allocations: 0.7859 MB / 410.6 MB, free: 22.38 MB / 298.7 MB
Notification: Performance of NFTyping.typeBindings: time 0.00219/0.266, allocations: 1.322 MB / 411.9 MB, free: 21.05 MB / 298.7 MB
Notification: Performance of NFTyping.typeClassSections: time 0.0008035/0.2668, allocations: 0.4951 MB / 412.4 MB, free: 20.56 MB / 298.7 MB
Notification: Performance of NFFlatten.flatten: time 0.002225/0.269, allocations: 2.522 MB / 414.9 MB, free: 18.03 MB / 298.7 MB
Notification: Performance of NFFlatten.resolveConnections: time 0.001029/0.2701, allocations: 1.153 MB / 416 MB, free: 16.87 MB / 298.7 MB
Notification: Performance of NFEvalConstants.evaluate: time 0.000558/0.2707, allocations: 0.7549 MB / 416.8 MB, free: 16.11 MB / 298.7 MB
Notification: Performance of NFSimplifyModel.simplify: time 0.001122/0.2718, allocations: 1.102 MB / 417.9 MB, free: 15 MB / 298.7 MB
Notification: Performance of NFPackage.collectConstants: time 0.0002321/0.272, allocations: 136 kB / 418 MB, free: 14.87 MB / 298.7 MB
Notification: Performance of NFFlatten.collectFunctions: time 0.001316/0.2734, allocations: 0.8892 MB / 418.9 MB, free: 13.98 MB / 298.7 MB
Notification: Performance of NFScalarize.scalarize: time 0.000601/0.274, allocations: 0.9933 MB / 419.9 MB, free: 12.98 MB / 298.7 MB
Notification: Performance of NFVerifyModel.verify: time 0.0007498/0.2747, allocations: 1.195 MB / 421.1 MB, free: 11.78 MB / 298.7 MB
Notification: Performance of NFConvertDAE.convert: time 0.00261/0.2774, allocations: 3.787 MB / 424.9 MB, free: 7.984 MB / 298.7 MB
Notification: Performance of FrontEnd - DAE generated: time 3.166e-06/0.2774, allocations: 7.938 kB / 424.9 MB, free: 7.977 MB / 298.7 MB
Notification: Performance of FrontEnd: time 1.062e-06/0.2774, allocations: 0 / 424.9 MB, free: 7.977 MB / 298.7 MB
Notification: Performance of Transformations before backend: time 2.449e-05/0.2774, allocations: 0 / 424.9 MB, free: 7.977 MB / 298.7 MB
Notification: Model statistics after passing the front-end and creating the data structures used by the back-end:
 * Number of equations: 934
 * Number of variables: 934
Notification: Performance of Generate backend data structure: time 0.004087/0.2815, allocations: 2.878 MB / 427.8 MB, free: 5.039 MB / 298.7 MB
Notification: Performance of prepare preOptimizeDAE: time 3.098e-05/0.2815, allocations: 12.02 kB / 427.8 MB, free: 5.027 MB / 298.7 MB
Notification: Performance of preOpt normalInlineFunction (simulation): time 0.006686/0.2882, allocations: 1.643 MB / 429.4 MB, free: 3.379 MB / 298.7 MB
Notification: Performance of preOpt evaluateParameters (simulation): time 0.001992/0.2902, allocations: 1.316 MB / 430.8 MB, free: 2.02 MB / 298.7 MB
Notification: Performance of preOpt simplifyIfEquations (simulation): time 6.749e-05/0.2903, allocations: 118.8 kB / 430.9 MB, free: 1.902 MB / 298.7 MB
Notification: Performance of preOpt expandDerOperator (simulation): time 0.0003103/0.2906, allocations: 159.8 kB / 431 MB, free: 1.746 MB / 298.7 MB
Notification: Performance of preOpt clockPartitioning (simulation): time 0.008258/0.2989, allocations: 6.363 MB / 437.4 MB, free: 10.86 MB / 314.7 MB
Notification: Performance of preOpt findStateOrder (simulation): time 5.892e-05/0.299, allocations: 35.59 kB / 437.4 MB, free: 10.82 MB / 314.7 MB
Notification: Performance of preOpt replaceEdgeChange (simulation): time 0.0004157/0.2994, allocations: 87.88 kB / 437.5 MB, free: 10.73 MB / 314.7 MB
Notification: Performance of preOpt inlineArrayEqn (simulation): time 0.002398/0.3018, allocations: 1.433 MB / 438.9 MB, free: 9.293 MB / 314.7 MB
Notification: Performance of preOpt removeEqualRHS (simulation): time 0.009069/0.3109, allocations: 5.67 MB / 444.6 MB, free: 3.617 MB / 314.7 MB
Notification: Performance of preOpt removeSimpleEquations (simulation): time 0.02787/0.3388, allocations: 26.29 MB / 470.9 MB, free: 8.488 MB / 346.7 MB
Notification: Performance of preOpt comSubExp (simulation): time 0.00481/0.3436, allocations: 2.272 MB / 473.2 MB, free: 6.07 MB / 346.7 MB
Notification: Performance of preOpt resolveLoops (simulation): time 0.001771/0.3454, allocations: 1.022 MB / 474.2 MB, free: 5.035 MB / 346.7 MB
Notification: Performance of preOpt evalFunc (simulation): time 5.751e-05/0.3455, allocations: 8 kB / 474.2 MB, free: 5.027 MB / 346.7 MB
Notification: Performance of preOpt encapsulateWhenConditions (simulation): time 1.894e-05/0.3455, allocations: 46.5 kB / 474.3 MB, free: 4.973 MB / 346.7 MB
Notification: Performance of pre-optimization done (n=98): time 3.235e-06/0.3455, allocations: 4 kB / 474.3 MB, free: 4.969 MB / 346.7 MB
Notification: Performance of matching and sorting (n=106): time 0.03792/0.3835, allocations: 8.575 MB / 482.8 MB, free: 12.25 MB / 362.7 MB
Notification: Performance of inlineWhenForInitialization (initialization): time 5.991e-05/0.3836, allocations: 136.5 kB / 483 MB, free: 12.09 MB / 362.7 MB
Notification: Performance of selectInitializationVariablesDAE (initialization): time 0.006135/0.3897, allocations: 2.819 MB / 485.8 MB, free: 9.25 MB / 362.7 MB
Notification: Performance of collectPreVariables (initialization): time 0.0001262/0.3899, allocations: 45.69 kB / 485.8 MB, free: 9.199 MB / 362.7 MB
Notification: Performance of collectInitialEqns (initialization): time 0.001997/0.3919, allocations: 2.067 MB / 487.9 MB, free: 7.102 MB / 362.7 MB
Notification: Performance of collectInitialBindings (initialization): time 0.0005296/0.3924, allocations: 438.5 kB / 488.3 MB, free: 6.668 MB / 362.7 MB
Notification: Performance of simplifyInitialFunctions (initialization): time 0.002015/0.3945, allocations: 0.8887 MB / 489.2 MB, free: 5.766 MB / 362.7 MB
Notification: Performance of setup shared object (initialization): time 5.638e-05/0.3945, allocations: 305.1 kB / 489.5 MB, free: 5.465 MB / 362.7 MB
Notification: Performance of preBalanceInitialSystem (initialization): time 0.003997/0.3986, allocations: 1.41 MB / 490.9 MB, free: 4.047 MB / 362.7 MB
Notification: Performance of partitionIndependentBlocks (initialization): time 0.008099/0.4067, allocations: 4.25 MB / 495.2 MB, free: 14.37 MB / 378.7 MB
Notification: Performance of analyzeInitialSystem (initialization): time 0.01078/0.4175, allocations: 6.137 MB / 0.4896 GB, free: 6.816 MB / 378.7 MB
Notification: Performance of solveInitialSystemEqSystem (initialization): time 7.331e-05/0.4176, allocations: 28 kB / 0.4896 GB, free: 6.789 MB / 378.7 MB
Notification: Performance of matching and sorting (n=573) (initialization): time 0.02074/0.4383, allocations: 6.099 MB / 0.4955 GB, free: 0.6758 MB / 378.7 MB
Notification: Performance of prepare postOptimizeDAE: time 9.787e-05/0.4385, allocations: 48 kB / 0.4956 GB, free: 0.6289 MB / 378.7 MB
Notification: Performance of postOpt simplifyComplexFunction (initialization): time 0.0001417/0.4386, allocations: 104.9 kB / 0.4957 GB, free: 0.5273 MB / 378.7 MB
Notification: Performance of postOpt tearingSystem (initialization): time 0.2051/0.6437, allocations: 0.8033 MB / 0.4965 GB, free: 93.32 MB / 378.7 MB
Notification: Performance of postOpt solveSimpleEquations (initialization): time 0.003749/0.6475, allocations: 0.9913 MB / 0.4974 GB, free: 93.32 MB / 378.7 MB
Notification: Performance of postOpt calculateStrongComponentJacobians (initialization): time 0.0059/0.6534, allocations: 4.468 MB / 0.5018 GB, free: 91.48 MB / 378.7 MB
Notification: Performance of postOpt simplifyAllExpressions (initialization): time 0.003335/0.6568, allocations: 250.1 kB / 0.502 GB, free: 91.42 MB / 378.7 MB
Notification: Performance of postOpt collapseArrayExpressions (initialization): time 0.0004072/0.6572, allocations: 275.1 kB / 0.5023 GB, free: 91.39 MB / 378.7 MB
Notification: Model statistics after passing the back-end for initialization:
 * Number of independent subsystems: 459
 * Number of states: 0 ()
 * Number of discrete variables: 18 (body.sphereColor[3],body.sphereColor[2],body.sphereColor[1],rev.cylinderColor[3],rev.cylinderColor[2],rev.cylinderColor[1],world.gravityArrowColor[3],world.gravityArrowColor[2],world.gravityArrowColor[1],world.axisColor_x[3],world.axisColor_x[2],world.axisColor_x[1],world.groundColor[3],world.groundColor[2],world.groundColor[1],world.gravitySphereColor[3],world.gravitySphereColor[2],world.gravitySphereColor[1])
 * Number of discrete states: 0 ()
 * Number of clocked states: 0 ()
 * Top-level inputs: 0
Notification: Strong component statistics for initialization (537):
 * Single equations (assignments): 533
 * Array equations: 3
 * Algorithm blocks: 0
 * Record equations: 0
 * When equations: 0
 * If-equations: 0
 * Equation systems (not torn): 0
 * Torn equation systems: 1
 * Mixed (continuous/discrete) equation systems: 0
Notification: Torn system details for strict tearing set:
 * Linear torn systems (#iteration vars, #inner vars, density): 1 system
   {(2,11,100.0%)}
 * Non-linear torn systems (#iteration vars, #inner vars): 0 systems
Notification: Performance of prepare postOptimizeDAE: time 0.001905/0.6591, allocations: 1.372 MB / 0.5036 GB, free: 90.75 MB / 378.7 MB
Notification: Performance of postOpt lateInlineFunction (simulation): time 0.0003539/0.6595, allocations: 235.7 kB / 0.5039 GB, free: 90.75 MB / 378.7 MB
Notification: Performance of postOpt wrapFunctionCalls (simulation): time 0.004205/0.6637, allocations: 1.854 MB / 0.5057 GB, free: 90.2 MB / 378.7 MB
Notification: Performance of postOpt inlineArrayEqn (simulation): time 2e-05/0.6637, allocations: 15.41 kB / 0.5057 GB, free: 90.2 MB / 378.7 MB
Notification: Performance of postOpt constantLinearSystem (simulation): time 1.035e-05/0.6638, allocations: 6.812 kB / 0.5057 GB, free: 90.2 MB / 378.7 MB
Notification: Performance of postOpt simplifysemiLinear (simulation): time 1.075e-05/0.6638, allocations: 3.703 kB / 0.5057 GB, free: 90.2 MB / 378.7 MB
Notification: Performance of postOpt removeSimpleEquations (simulation): time 0.00811/0.6719, allocations: 4.799 MB / 0.5104 GB, free: 88.52 MB / 378.7 MB
Notification: Performance of postOpt simplifyComplexFunction (simulation): time 6.532e-06/0.6719, allocations: 1.969 kB / 0.5104 GB, free: 88.52 MB / 378.7 MB
Notification: Performance of postOpt solveSimpleEquations (simulation): time 0.0007363/0.6727, allocations: 137.9 kB / 0.5105 GB, free: 88.5 MB / 378.7 MB
Notification: Performance of postOpt tearingSystem (simulation): time 0.002314/0.675, allocations: 0.6493 MB / 0.5112 GB, free: 88.43 MB / 378.7 MB
Notification: Performance of postOpt inputDerivativesUsed (simulation): time 8.122e-05/0.6751, allocations: 15.81 kB / 0.5112 GB, free: 88.42 MB / 378.7 MB
Notification: Performance of postOpt calculateStrongComponentJacobians (simulation): time 0.004753/0.6798, allocations: 3.952 MB / 0.515 GB, free: 85.27 MB / 378.7 MB
Notification: Performance of postOpt calculateStateSetsJacobians (simulation): time 2.134e-06/0.6799, allocations: 0 / 0.515 GB, free: 85.27 MB / 378.7 MB
Notification: Performance of postOpt symbolicJacobian (simulation): time 0.005699/0.6856, allocations: 3.695 MB / 0.5186 GB, free: 81.68 MB / 378.7 MB
Notification: Performance of postOpt removeConstants (simulation): time 0.0004809/0.6861, allocations: 291.4 kB / 0.5189 GB, free: 81.43 MB / 378.7 MB
Notification: Performance of postOpt simplifyTimeIndepFuncCalls (simulation): time 0.0002725/0.6864, allocations: 16 kB / 0.5189 GB, free: 81.41 MB / 378.7 MB
Notification: Performance of postOpt simplifyAllExpressions (simulation): time 0.00108/0.6874, allocations: 63.91 kB / 0.519 GB, free: 81.35 MB / 378.7 MB
Notification: Performance of postOpt findZeroCrossings (simulation): time 0.0001922/0.6876, allocations: 55.86 kB / 0.519 GB, free: 81.3 MB / 378.7 MB
Notification: Performance of postOpt collapseArrayExpressions (simulation): time 8.637e-05/0.6877, allocations: 34.97 kB / 0.5191 GB, free: 81.27 MB / 378.7 MB
Notification: Performance of sorting global known variables: time 0.002329/0.6901, allocations: 1.75 MB / 0.5208 GB, free: 79.51 MB / 378.7 MB
Notification: Performance of sort global known variables: time 2.7e-07/0.6901, allocations: 0 / 0.5208 GB, free: 79.51 MB / 378.7 MB
Notification: Performance of remove unused functions: time 0.003184/0.6933, allocations: 0.6459 MB / 0.5214 GB, free: 78.87 MB / 378.7 MB
Notification: Model statistics after passing the back-end for simulation:
 * Number of independent subsystems: 6
 * Number of states: 2 (rev.phi,rev.w)
 * Number of discrete variables: 0 ()
 * Number of discrete states: 0 ()
 * Number of clocked states: 0 ()
 * Top-level inputs: 0
Notification: Strong component statistics for simulation (75):
 * Single equations (assignments): 71
 * Array equations: 3
 * Algorithm blocks: 0
 * Record equations: 0
 * When equations: 0
 * If-equations: 0
 * Equation systems (not torn): 0
 * Torn equation systems: 1
 * Mixed (continuous/discrete) equation systems: 0
Notification: Torn system details for strict tearing set:
 * Linear torn systems (#iteration vars, #inner vars, density): 1 system
   {(1,9,100.0%)}
 * Non-linear torn systems (#iteration vars, #inner vars): 0 systems
Notification: Performance of Backend phase and start with SimCode phase: time 0.0003165/0.6936, allocations: 156.4 kB / 0.5216 GB, free: 78.71 MB / 378.7 MB
Notification: Performance of simCode: created initialization part: time 0.004966/0.6986, allocations: 3.627 MB / 0.5251 GB, free: 75.14 MB / 378.7 MB
Notification: Performance of simCode: created event and clocks part: time 4.138e-06/0.6986, allocations: 4 kB / 0.5251 GB, free: 75.14 MB / 378.7 MB
Notification: Performance of simCode: created simulation system equations: time 0.001129/0.6997, allocations: 0.9394 MB / 0.526 GB, free: 74.2 MB / 378.7 MB
Notification: Performance of simCode: created of all other equations (e.g. parameter, nominal, assert, etc): time 0.001578/0.7013, allocations: 255.9 kB / 0.5263 GB, free: 73.95 MB / 378.7 MB
Notification: Performance of simCode: created linear, non-linear and system jacobian parts: time 0.006775/0.7081, allocations: 5.487 MB / 0.5316 GB, free: 68.45 MB / 378.7 MB
Notification: Performance of simCode: some other stuff during SimCode phase: time 0.001756/0.7099, allocations: 2.192 MB / 0.5338 GB, free: 66.22 MB / 378.7 MB
Notification: Performance of simCode: alias equations: time 0.00298/0.7129, allocations: 1.403 MB / 0.5351 GB, free: 64.81 MB / 378.7 MB
Notification: Performance of simCode: all other stuff during SimCode phase: time 0.0003883/0.7133, allocations: 159.4 kB / 0.5353 GB, free: 64.66 MB / 378.7 MB
Notification: Performance of SimCode: time 5.61e-07/0.7133, allocations: 4 kB / 0.5353 GB, free: 64.66 MB / 378.7 MB
Notification: Performance of Templates: time 0.03604/0.7493, allocations: 22.93 MB / 0.5577 GB, free: 41.84 MB / 378.7 MB
make -j1 -f MyLibrary_tags-v0.1.1_MyLibrary.Mechanics.MultiBody.Examples.Pendulum.makefile
(rm -f MyLibrary_tags-v0.1.1_MyLibrary.Mechanics.MultiBody.Examples.Pendulum.pipe ; mkfifo MyLibrary_tags-v0.1.1_MyLibrary.Mechanics.MultiBody.Examples.Pendulum.pipe ; head -c 1048576 < MyLibrary_tags-v0.1.1_MyLibrary.Mechanics.MultiBody.Examples.Pendulum.pipe >> ../files/MyLibrary_tags-v0.1.1_MyLibrary.Mechanics.MultiBody.Examples.Pendulum.sim & ./MyLibrary_tags-v0.1.1_MyLibrary.Mechanics.MultiBody.Examples.Pendulum  -abortSlowSimulation -alarm=480  -emit_protected -lv LOG_STATS > MyLibrary_tags-v0.1.1_MyLibrary.Mechanics.MultiBody.Examples.Pendulum.pipe 2>&1)
diffSimulationResults("MyLibrary_tags-v0.1.1_MyLibrary.Mechanics.MultiBody.Examples.Pendulum_res.mat","/home/runner/work/openmodelica-library-testing-action/openmodelica-library-testing-action/examples/ReferenceFiles/MyLibrary.Mechanics.MultiBody.Examples.Pendulum.csv","../files/MyLibrary_tags-v0.1.1_MyLibrary.Mechanics.MultiBody.Examples.Pendulum.diff",relTol=0.003,relTolDiffMinMax=0.003,rangeDelta=0.001)
Reference file matches
