Running: ./testmodel.py --libraries=/home/runner/.openmodelica/libraries/ --ompython_omhome= MyLibrary_tags-v0.1.1_MyLibrary.Blocks.Examples.PID_Controller.conf.json
loadFile("/home/runner/.openmodelica/libraries/ModelicaServices 4.0.0+maint.om/package.mo", uses=false)
loadFile("/home/runner/.openmodelica/libraries/Complex 4.0.0+maint.om/package.mo", uses=false)
loadFile("/home/runner/.openmodelica/libraries/Modelica 4.0.0+maint.om/package.mo", uses=false)
loadFile("/home/runner/work/openmodelica-library-testing-action/openmodelica-library-testing-action/examples/MyLibrary/package.mo", uses=false)
Using package MyLibrary with version 1.0.0 (/home/runner/work/openmodelica-library-testing-action/openmodelica-library-testing-action/examples/MyLibrary/package.mo)
Using package Modelica with version 4.0.0 (/home/runner/.openmodelica/libraries/Modelica 4.0.0+maint.om/package.mo)
Using package Complex with version 4.0.0 (/home/runner/.openmodelica/libraries/Complex 4.0.0+maint.om/package.mo)
Using package ModelicaServices with version 4.0.0 (/home/runner/.openmodelica/libraries/ModelicaServices 4.0.0+maint.om/package.mo)
Running command: translateModel(MyLibrary.Blocks.Examples.PID_Controller,tolerance=1e-06,outputFormat="mat",numberOfIntervals=5000,variableFilter="time|PI.I.y|inertia1.phi|inertia1.w|integrator.y|spring.phi_rel|spring.w_rel",fileNamePrefix="MyLibrary_tags-v0.1.1_MyLibrary.Blocks.Examples.PID_Controller")
translateModel(MyLibrary.Blocks.Examples.PID_Controller,tolerance=1e-06,outputFormat="mat",numberOfIntervals=5000,variableFilter="time|PI.I.y|inertia1.phi|inertia1.w|integrator.y|spring.phi_rel|spring.w_rel",fileNamePrefix="MyLibrary_tags-v0.1.1_MyLibrary.Blocks.Examples.PID_Controller")
Notification: Performance of loadFile(/home/runner/.openmodelica/libraries/ModelicaServices 4.0.0+maint.om/package.mo): time 0.0009704/0.0009706, allocations: 95.12 kB / 15.59 MB, free: 5.227 MB / 13.93 MB
Notification: Performance of loadFile(/home/runner/.openmodelica/libraries/Complex 4.0.0+maint.om/package.mo): time 0.001021/0.001021, allocations: 176.4 kB / 16.51 MB, free: 4.648 MB / 13.93 MB
Notification: Performance of loadFile(/home/runner/.openmodelica/libraries/Modelica 4.0.0+maint.om/package.mo): time 1.614/1.614, allocations: 222.1 MB / 239.4 MB, free: 11.13 MB / 202.7 MB
Notification: Performance of loadFile(/home/runner/work/openmodelica-library-testing-action/openmodelica-library-testing-action/examples/MyLibrary/package.mo): time 0.0003/0.0003001, allocations: 24.89 kB / 289.6 MB, free: 11.15 MB / 234.7 MB
Notification: Performance of FrontEnd - loaded program: time 0.0006203/0.0006204, allocations: 15.98 kB / 350 MB, free: 14.84 MB / 298.7 MB
Notification: Performance of FrontEnd - Absyn->SCode: time 0.2392/0.2399, allocations: 49.44 MB / 399.5 MB, free: 33.49 MB / 298.7 MB
Notification: Performance of NFInst.instantiate(MyLibrary.Blocks.Examples.PID_Controller): time 0.003811/0.2437, allocations: 3.114 MB / 402.6 MB, free: 30.36 MB / 298.7 MB
Notification: Performance of NFInst.instExpressions: time 0.001402/0.2451, allocations: 0.9612 MB / 403.5 MB, free: 29.4 MB / 298.7 MB
Notification: Performance of NFInst.updateImplicitVariability: time 0.0002064/0.2454, allocations: 15.88 kB / 403.6 MB, free: 29.39 MB / 298.7 MB
Notification: Performance of NFTyping.typeComponents: time 0.0002775/0.2456, allocations: 83.17 kB / 403.6 MB, free: 29.3 MB / 298.7 MB
Notification: Performance of NFTyping.typeBindings: time 0.0002226/0.2459, allocations: 99.08 kB / 403.7 MB, free: 29.21 MB / 298.7 MB
Notification: Performance of NFTyping.typeClassSections: time 0.0005045/0.2464, allocations: 231.6 kB / 404 MB, free: 28.98 MB / 298.7 MB
Notification: Performance of NFFlatten.flatten: time 0.0003911/0.2468, allocations: 0.5107 MB / 404.5 MB, free: 28.46 MB / 298.7 MB
Notification: Performance of NFFlatten.resolveConnections: time 0.0002535/0.2471, allocations: 173.2 kB / 404.6 MB, free: 28.29 MB / 298.7 MB
Notification: Performance of NFEvalConstants.evaluate: time 0.0001599/0.2472, allocations: 195.2 kB / 404.8 MB, free: 28.1 MB / 298.7 MB
Notification: Performance of NFSimplifyModel.simplify: time 0.0002018/0.2474, allocations: 207 kB / 405 MB, free: 27.89 MB / 298.7 MB
Notification: Performance of NFPackage.collectConstants: time 6.545e-05/0.2475, allocations: 44 kB / 405.1 MB, free: 27.85 MB / 298.7 MB
Notification: Performance of NFFlatten.collectFunctions: time 6.802e-05/0.2476, allocations: 40 kB / 405.1 MB, free: 27.81 MB / 298.7 MB
Notification: Performance of NFScalarize.scalarize: time 8.151e-05/0.2477, allocations: 99.61 kB / 405.2 MB, free: 27.71 MB / 298.7 MB
Notification: Performance of NFVerifyModel.verify: time 0.000144/0.2478, allocations: 218.8 kB / 405.4 MB, free: 27.5 MB / 298.7 MB
Notification: Performance of NFConvertDAE.convert: time 0.0003607/0.2482, allocations: 492.4 kB / 405.9 MB, free: 27.02 MB / 298.7 MB
Notification: Performance of FrontEnd - DAE generated: time 3.607e-06/0.2482, allocations: 0 / 405.9 MB, free: 27.02 MB / 298.7 MB
Notification: Performance of FrontEnd: time 1.473e-06/0.2482, allocations: 0 / 405.9 MB, free: 27.02 MB / 298.7 MB
Notification: Performance of Transformations before backend: time 8.947e-06/0.2482, allocations: 3.984 kB / 405.9 MB, free: 27.02 MB / 298.7 MB
Notification: Model statistics after passing the front-end and creating the data structures used by the back-end:
 * Number of equations: 89
 * Number of variables: 89
Notification: Performance of Generate backend data structure: time 0.001244/0.2495, allocations: 0.76 MB / 406.7 MB, free: 26.21 MB / 298.7 MB
Notification: Performance of prepare preOptimizeDAE: time 3.323e-05/0.2495, allocations: 8.031 kB / 406.7 MB, free: 26.2 MB / 298.7 MB
Notification: Performance of preOpt normalInlineFunction (simulation): time 8.273e-05/0.2496, allocations: 56.31 kB / 406.7 MB, free: 26.14 MB / 298.7 MB
Notification: Performance of preOpt evaluateParameters (simulation): time 0.0003875/0.25, allocations: 363.6 kB / 407.1 MB, free: 25.75 MB / 298.7 MB
Notification: Performance of preOpt simplifyIfEquations (simulation): time 2.69e-05/0.25, allocations: 33.31 kB / 407.1 MB, free: 25.72 MB / 298.7 MB
Notification: Performance of preOpt expandDerOperator (simulation): time 6.276e-05/0.2501, allocations: 44.12 kB / 407.2 MB, free: 25.68 MB / 298.7 MB
Notification: Performance of preOpt clockPartitioning (simulation): time 0.0009081/0.251, allocations: 446.3 kB / 407.6 MB, free: 25.21 MB / 298.7 MB
Notification: Performance of preOpt findStateOrder (simulation): time 2.404e-05/0.2511, allocations: 4 kB / 407.6 MB, free: 25.21 MB / 298.7 MB
Notification: Performance of preOpt replaceEdgeChange (simulation): time 3.91e-05/0.2511, allocations: 16 kB / 407.6 MB, free: 25.19 MB / 298.7 MB
Notification: Performance of preOpt inlineArrayEqn (simulation): time 9.267e-06/0.2511, allocations: 8 kB / 407.6 MB, free: 25.18 MB / 298.7 MB
Notification: Performance of preOpt removeEqualRHS (simulation): time 0.001012/0.2521, allocations: 375.6 kB / 408 MB, free: 24.82 MB / 298.7 MB
Notification: Performance of preOpt removeSimpleEquations (simulation): time 0.001862/0.254, allocations: 1.582 MB / 409.6 MB, free: 23.14 MB / 298.7 MB
Notification: Performance of preOpt comSubExp (simulation): time 0.0008946/0.2549, allocations: 320 kB / 409.9 MB, free: 22.82 MB / 298.7 MB
Notification: Performance of preOpt resolveLoops (simulation): time 0.000456/0.2554, allocations: 164.8 kB / 410.1 MB, free: 22.66 MB / 298.7 MB
Notification: Performance of preOpt evalFunc (simulation): time 3.096e-05/0.2554, allocations: 4 kB / 410.1 MB, free: 22.65 MB / 298.7 MB
Notification: Performance of preOpt encapsulateWhenConditions (simulation): time 1.499e-05/0.2555, allocations: 34.56 kB / 410.1 MB, free: 22.61 MB / 298.7 MB
Notification: Performance of pre-optimization done (n=30): time 1.593e-06/0.2555, allocations: 0 / 410.1 MB, free: 22.61 MB / 298.7 MB
Notification: Performance of matching and sorting (n=32): time 0.003254/0.2587, allocations: 1.384 MB / 411.5 MB, free: 21.13 MB / 298.7 MB
Notification: Performance of inlineWhenForInitialization (initialization): time 2.986e-05/0.2588, allocations: 81.11 kB / 411.6 MB, free: 21.03 MB / 298.7 MB
Notification: Performance of selectInitializationVariablesDAE (initialization): time 0.000309/0.2591, allocations: 357.6 kB / 411.9 MB, free: 20.68 MB / 298.7 MB
Notification: Performance of collectPreVariables (initialization): time 2.316e-05/0.2591, allocations: 29.7 kB / 411.9 MB, free: 20.64 MB / 298.7 MB
Notification: Performance of collectInitialEqns (initialization): time 0.0001179/0.2592, allocations: 239.9 kB / 412.2 MB, free: 20.4 MB / 298.7 MB
Notification: Performance of collectInitialBindings (initialization): time 6.554e-05/0.2593, allocations: 118.5 kB / 412.3 MB, free: 20.29 MB / 298.7 MB
Notification: Performance of simplifyInitialFunctions (initialization): time 0.0001227/0.2594, allocations: 78.03 kB / 412.4 MB, free: 20.2 MB / 298.7 MB
Notification: Performance of setup shared object (initialization): time 6.253e-05/0.2595, allocations: 358.7 kB / 412.7 MB, free: 19.84 MB / 298.7 MB
Notification: Performance of preBalanceInitialSystem (initialization): time 0.0005727/0.2601, allocations: 170.5 kB / 412.9 MB, free: 19.67 MB / 298.7 MB
Notification: Performance of partitionIndependentBlocks (initialization): time 0.0005074/0.2606, allocations: 248.8 kB / 413.1 MB, free: 19.4 MB / 298.7 MB
Notification: Performance of analyzeInitialSystem (initialization): time 0.0008861/0.2615, allocations: 391.9 kB / 413.5 MB, free: 18.99 MB / 298.7 MB
Notification: Performance of solveInitialSystemEqSystem (initialization): time 2.034e-06/0.2615, allocations: 0 / 413.5 MB, free: 18.99 MB / 298.7 MB
Notification: Performance of matching and sorting (n=51) (initialization): time 0.001135/0.2627, allocations: 496.5 kB / 414 MB, free: 18.5 MB / 298.7 MB
Notification: Performance of prepare postOptimizeDAE: time 1.408e-05/0.2627, allocations: 8 kB / 414 MB, free: 18.49 MB / 298.7 MB
Notification: Performance of postOpt simplifyComplexFunction (initialization): time 6.091e-06/0.2627, allocations: 0 / 414 MB, free: 18.49 MB / 298.7 MB
Notification: Performance of postOpt tearingSystem (initialization): time 1.639e-05/0.2627, allocations: 4 kB / 414 MB, free: 18.49 MB / 298.7 MB
Notification: Performance of postOpt solveSimpleEquations (initialization): time 0.001021/0.2638, allocations: 211.8 kB / 414.2 MB, free: 18.28 MB / 298.7 MB
Notification: Performance of postOpt calculateStrongComponentJacobians (initialization): time 0.001441/0.2652, allocations: 1.564 MB / 415.8 MB, free: 16.58 MB / 298.7 MB
Notification: Performance of postOpt simplifyAllExpressions (initialization): time 0.0003827/0.2656, allocations: 40.06 kB / 415.8 MB, free: 16.54 MB / 298.7 MB
Notification: Performance of postOpt collapseArrayExpressions (initialization): time 3.079e-05/0.2656, allocations: 19.98 kB / 415.8 MB, free: 16.52 MB / 298.7 MB
Notification: Performance of preBalanceInitialSystem (initialization_lambda0): time 0.0005182/0.2662, allocations: 264.9 kB / 416.1 MB, free: 16.25 MB / 298.7 MB
Notification: Performance of partitionIndependentBlocks (initialization_lambda0): time 0.0004749/0.2667, allocations: 248.7 kB / 416.3 MB, free: 15.98 MB / 298.7 MB
Notification: Performance of analyzeInitialSystem (initialization_lambda0): time 0.0008006/0.2675, allocations: 371.7 kB / 416.7 MB, free: 15.59 MB / 298.7 MB
Notification: Performance of solveInitialSystemEqSystem (initialization_lambda0): time 2.995e-06/0.2675, allocations: 4 kB / 416.7 MB, free: 15.59 MB / 298.7 MB
Notification: Performance of matching and sorting (n=51) (initialization_lambda0): time 0.001014/0.2685, allocations: 464.9 kB / 417.1 MB, free: 15.13 MB / 298.7 MB
Notification: Performance of prepare postOptimizeDAE: time 1.001e-05/0.2685, allocations: 10.5 kB / 417.2 MB, free: 15.12 MB / 298.7 MB
Notification: Performance of postOpt simplifyComplexFunction (initialization): time 3.867e-06/0.2685, allocations: 4 kB / 417.2 MB, free: 15.12 MB / 298.7 MB
Notification: Performance of postOpt tearingSystem (initialization): time 5.49e-06/0.2685, allocations: 7.938 kB / 417.2 MB, free: 15.11 MB / 298.7 MB
Notification: Performance of postOpt solveSimpleEquations (initialization): time 0.0005912/0.2691, allocations: 123.8 kB / 417.3 MB, free: 14.99 MB / 298.7 MB
Notification: Performance of postOpt calculateStrongComponentJacobians (initialization): time 6.251e-06/0.2692, allocations: 7.984 kB / 417.3 MB, free: 14.98 MB / 298.7 MB
Notification: Performance of postOpt simplifyAllExpressions (initialization): time 0.0003633/0.2695, allocations: 40.12 kB / 417.3 MB, free: 14.94 MB / 298.7 MB
Notification: Performance of postOpt collapseArrayExpressions (initialization): time 2.62e-05/0.2696, allocations: 15.94 kB / 417.4 MB, free: 14.93 MB / 298.7 MB
Notification: Model statistics after passing the back-end for initialization:
 * Number of independent subsystems: 9
 * Number of states: 0 ()
 * Number of discrete variables: 3 (kinematicPTP.noWphase,integrator.local_reset,PI.I.local_reset)
 * Number of discrete states: 0 ()
 * Number of clocked states: 0 ()
 * Top-level inputs: 0
Notification: Strong component statistics for initialization (51):
 * Single equations (assignments): 50
 * Array equations: 0
 * Algorithm blocks: 0
 * Record equations: 0
 * When equations: 0
 * If-equations: 0
 * Equation systems (not torn): 1
 * Torn equation systems: 0
 * Mixed (continuous/discrete) equation systems: 0
Notification: Equation system details (not torn):
 * Constant Jacobian (size): 0 systems
 * Linear Jacobian (size,density): 0 systems
 * Non-linear Jacobian (size): 1 system
   {1}
 * Without analytic Jacobian (size): 0 systems
Notification: Performance of prepare postOptimizeDAE: time 0.0001039/0.2697, allocations: 216 kB / 417.6 MB, free: 14.71 MB / 298.7 MB
Notification: Performance of postOpt lateInlineFunction (simulation): time 6.77e-05/0.2697, allocations: 43.47 kB / 417.6 MB, free: 14.66 MB / 298.7 MB
Notification: Performance of postOpt wrapFunctionCalls (simulation): time 8.383e-05/0.2698, allocations: 40.25 kB / 417.6 MB, free: 14.62 MB / 298.7 MB
Notification: Performance of postOpt inlineArrayEqn (simulation): time 3.236e-06/0.2698, allocations: 4 kB / 417.7 MB, free: 14.62 MB / 298.7 MB
Notification: Performance of postOpt constantLinearSystem (simulation): time 2.835e-06/0.2699, allocations: 0 / 417.7 MB, free: 14.62 MB / 298.7 MB
Notification: Performance of postOpt simplifysemiLinear (simulation): time 5.53e-06/0.2699, allocations: 3.984 kB / 417.7 MB, free: 14.62 MB / 298.7 MB
Notification: Performance of postOpt removeSimpleEquations (simulation): time 0.001591/0.2715, allocations: 0.9244 MB / 418.6 MB, free: 13.63 MB / 298.7 MB
Notification: Performance of postOpt simplifyComplexFunction (simulation): time 2.855e-06/0.2715, allocations: 0 / 418.6 MB, free: 13.63 MB / 298.7 MB
Notification: Performance of postOpt solveSimpleEquations (simulation): time 0.0005103/0.272, allocations: 83.88 kB / 418.7 MB, free: 13.55 MB / 298.7 MB
Notification: Performance of postOpt tearingSystem (simulation): time 4.158e-06/0.272, allocations: 4 kB / 418.7 MB, free: 13.54 MB / 298.7 MB
Notification: Performance of postOpt inputDerivativesUsed (simulation): time 2.633e-05/0.272, allocations: 8 kB / 418.7 MB, free: 13.54 MB / 298.7 MB
Notification: Performance of postOpt calculateStrongComponentJacobians (simulation): time 3.707e-06/0.272, allocations: 4 kB / 418.7 MB, free: 13.53 MB / 298.7 MB
Notification: Performance of postOpt calculateStateSetsJacobians (simulation): time 1.423e-06/0.2721, allocations: 0 / 418.7 MB, free: 13.53 MB / 298.7 MB
Notification: Performance of postOpt symbolicJacobian (simulation): time 0.001397/0.2735, allocations: 0.6741 MB / 419.3 MB, free: 12.83 MB / 298.7 MB
Notification: Performance of postOpt removeConstants (simulation): time 0.0001177/0.2736, allocations: 132.7 kB / 419.5 MB, free: 12.68 MB / 298.7 MB
Notification: Performance of postOpt simplifyTimeIndepFuncCalls (simulation): time 5.536e-05/0.2737, allocations: 12 kB / 419.5 MB, free: 12.67 MB / 298.7 MB
Notification: Performance of postOpt simplifyAllExpressions (simulation): time 0.0003713/0.274, allocations: 35.95 kB / 419.5 MB, free: 12.63 MB / 298.7 MB
Notification: Performance of postOpt findZeroCrossings (simulation): time 9.475e-05/0.2741, allocations: 27.91 kB / 419.6 MB, free: 12.61 MB / 298.7 MB
Notification: Performance of postOpt collapseArrayExpressions (simulation): time 2.085e-05/0.2742, allocations: 8 kB / 419.6 MB, free: 12.6 MB / 298.7 MB
Notification: Performance of sorting global known variables: time 0.0002644/0.2744, allocations: 251.2 kB / 419.8 MB, free: 12.35 MB / 298.7 MB
Notification: Performance of sort global known variables: time 2.5e-07/0.2744, allocations: 0 / 419.8 MB, free: 12.35 MB / 298.7 MB
Notification: Performance of remove unused functions: time 0.0005775/0.275, allocations: 136 kB / 419.9 MB, free: 12.22 MB / 298.7 MB
Notification: Model statistics after passing the back-end for simulation:
 * Number of independent subsystems: 5
 * Number of states: 6 (PI.I.y,inertia1.phi,spring.phi_rel,spring.w_rel,inertia2.w,integrator.y)
 * Number of discrete variables: 1 (kinematicPTP.noWphase)
 * Number of discrete states: 0 ()
 * Number of clocked states: 0 ()
 * Top-level inputs: 0
Notification: Strong component statistics for simulation (32):
 * Single equations (assignments): 32
 * Array equations: 0
 * Algorithm blocks: 0
 * Record equations: 0
 * When equations: 0
 * If-equations: 0
 * Equation systems (not torn): 0
 * Torn equation systems: 0
 * Mixed (continuous/discrete) equation systems: 0
Notification: Performance of Backend phase and start with SimCode phase: time 8.104e-05/0.2751, allocations: 107.2 kB / 420 MB, free: 12.1 MB / 298.7 MB
Notification: Performance of simCode: created initialization part: time 0.00202/0.2771, allocations: 0.7035 MB / 420.7 MB, free: 11.4 MB / 298.7 MB
Notification: Performance of simCode: created event and clocks part: time 2.565e-06/0.2772, allocations: 0 / 420.7 MB, free: 11.4 MB / 298.7 MB
Notification: Performance of simCode: created simulation system equations: time 0.000477/0.2776, allocations: 187.7 kB / 420.9 MB, free: 11.21 MB / 298.7 MB
Notification: Performance of simCode: created of all other equations (e.g. parameter, nominal, assert, etc): time 0.000786/0.2784, allocations: 110.6 kB / 421 MB, free: 11.12 MB / 298.7 MB
Notification: Performance of simCode: created linear, non-linear and system jacobian parts: time 0.001663/0.2801, allocations: 1.01 MB / 422 MB, free: 10.06 MB / 298.7 MB
Notification: Performance of simCode: some other stuff during SimCode phase: time 0.0002422/0.2804, allocations: 0.8195 MB / 422.9 MB, free: 9.219 MB / 298.7 MB
Notification: Performance of simCode: alias equations: time 0.0002659/0.2806, allocations: 63.22 kB / 422.9 MB, free: 9.16 MB / 298.7 MB
Notification: Performance of simCode: all other stuff during SimCode phase: time 0.0001151/0.2808, allocations: 35.44 kB / 423 MB, free: 9.125 MB / 298.7 MB
Notification: Performance of SimCode: time 3e-07/0.2808, allocations: 0 / 423 MB, free: 9.125 MB / 298.7 MB
Notification: Performance of Templates: time 0.00907/0.2899, allocations: 4.64 MB / 427.6 MB, free: 4.527 MB / 298.7 MB
make -j1 -f MyLibrary_tags-v0.1.1_MyLibrary.Blocks.Examples.PID_Controller.makefile
(rm -f MyLibrary_tags-v0.1.1_MyLibrary.Blocks.Examples.PID_Controller.pipe ; mkfifo MyLibrary_tags-v0.1.1_MyLibrary.Blocks.Examples.PID_Controller.pipe ; head -c 1048576 < MyLibrary_tags-v0.1.1_MyLibrary.Blocks.Examples.PID_Controller.pipe >> ../files/MyLibrary_tags-v0.1.1_MyLibrary.Blocks.Examples.PID_Controller.sim & ./MyLibrary_tags-v0.1.1_MyLibrary.Blocks.Examples.PID_Controller  -abortSlowSimulation -alarm=480  -emit_protected -lv LOG_STATS > MyLibrary_tags-v0.1.1_MyLibrary.Blocks.Examples.PID_Controller.pipe 2>&1)
diffSimulationResults("MyLibrary_tags-v0.1.1_MyLibrary.Blocks.Examples.PID_Controller_res.mat","/home/runner/work/openmodelica-library-testing-action/openmodelica-library-testing-action/examples/ReferenceFiles/MyLibrary.Blocks.Examples.PID_Controller.csv","../files/MyLibrary_tags-v0.1.1_MyLibrary.Blocks.Examples.PID_Controller.diff",relTol=0.003,relTolDiffMinMax=0.003,rangeDelta=0.001)
""

Variables in the reference:time,PI.I.y,inertia1.phi,inertia1.w,integrator.y,spring.phi_rel,spring.w_rel

Variables in the result:PI.Dzero.k,PI.Dzero.y,PI.FFzero.k,PI.FFzero.y,PI.I.initType,PI.I.k,PI.I.y,PI.I.y_start,PI.Nd,PI.Ni,PI.P.k,PI.Td,PI.Ti,PI.addFF.k1,PI.addFF.k2,PI.addFF.u2,PI.addI.k1,PI.addI.k2,PI.addI.k3,PI.addP.k1,PI.addP.k2,PI.addPID.k1,PI.addPID.k2,PI.addPID.k3,PI.addPID.u2,PI.addSat.k1,PI.addSat.k2,PI.controllerType,PI.gainPID.k,PI.gainTrack.k,PI.homotopyType,PI.initType,PI.k,PI.kFF,PI.limiter.homotopyType,PI.limiter.strict,PI.limiter.uMax,PI.limiter.uMin,PI.strict,PI.wd,PI.withFeedForward,PI.with_D,PI.with_I,PI.wp,PI.xd_start,PI.xi_start,PI.yMax,PI.yMin,PI.y_start,driveAngle,inertia1.J,inertia1.phi,inertia1.w,inertia2.J,inertia2.flange_b.tau,integrator.initType,integrator.k,integrator.y,integrator.y_start,kinematicPTP.deltaq[1],kinematicPTP.nout,kinematicPTP.p_deltaq[1],kinematicPTP.p_qd_max[1],kinematicPTP.p_qdd_max[1],kinematicPTP.qd_max[1],kinematicPTP.qdd_max[1],kinematicPTP.startTime,loadTorque.flange.tau,loadTorque.tau,loadTorque.tau_constant,spring.c,spring.d,spring.phi_nominal,spring.phi_rel,spring.phi_rel0,spring.w_rel,time
