Running: ./testmodel.py --libraries=/home/runner/.openmodelica/libraries/ --ompython_omhome= MyLibrary_tags-v0.1.0_MyLibrary.Blocks.Examples.PID_Controller.conf.json
loadFile("/home/runner/.openmodelica/libraries/ModelicaServices 4.0.0+maint.om/package.mo", uses=false)
loadFile("/home/runner/.openmodelica/libraries/Complex 4.0.0+maint.om/package.mo", uses=false)
loadFile("/home/runner/.openmodelica/libraries/Modelica 4.0.0+maint.om/package.mo", uses=false)
loadFile("/home/runner/work/openmodelica-library-testing-action/openmodelica-library-testing-action/examples/MyLibrary/package.mo", uses=false)
Using package MyLibrary with version 1.0.0 (/home/runner/work/openmodelica-library-testing-action/openmodelica-library-testing-action/examples/MyLibrary/package.mo)
Using package Modelica with version 4.0.0 (/home/runner/.openmodelica/libraries/Modelica 4.0.0+maint.om/package.mo)
Using package Complex with version 4.0.0 (/home/runner/.openmodelica/libraries/Complex 4.0.0+maint.om/package.mo)
Using package ModelicaServices with version 4.0.0 (/home/runner/.openmodelica/libraries/ModelicaServices 4.0.0+maint.om/package.mo)
Running command: translateModel(MyLibrary.Blocks.Examples.PID_Controller,tolerance=1e-06,outputFormat="mat",numberOfIntervals=5000,variableFilter="time|PI.I.y|inertia1.phi|inertia1.w|integrator.y|spring.phi_rel|spring.w_rel",fileNamePrefix="MyLibrary_tags-v0.1.0_MyLibrary.Blocks.Examples.PID_Controller")
translateModel(MyLibrary.Blocks.Examples.PID_Controller,tolerance=1e-06,outputFormat="mat",numberOfIntervals=5000,variableFilter="time|PI.I.y|inertia1.phi|inertia1.w|integrator.y|spring.phi_rel|spring.w_rel",fileNamePrefix="MyLibrary_tags-v0.1.0_MyLibrary.Blocks.Examples.PID_Controller")
Notification: Performance of loadFile(/home/runner/.openmodelica/libraries/ModelicaServices 4.0.0+maint.om/package.mo): time 0.001217/0.001217, allocations: 89.55 kB / 15.59 MB, free: 5.215 MB / 13.93 MB
Notification: Performance of loadFile(/home/runner/.openmodelica/libraries/Complex 4.0.0+maint.om/package.mo): time 0.001471/0.001471, allocations: 180.9 kB / 16.51 MB, free: 4.641 MB / 13.93 MB
Notification: Performance of loadFile(/home/runner/.openmodelica/libraries/Modelica 4.0.0+maint.om/package.mo): time 1.739/1.739, allocations: 222.1 MB / 239.4 MB, free: 11.11 MB / 202.7 MB
Notification: Performance of loadFile(/home/runner/work/openmodelica-library-testing-action/openmodelica-library-testing-action/examples/MyLibrary/package.mo): time 0.0003013/0.0003013, allocations: 23.47 kB / 289.6 MB, free: 11.13 MB / 234.7 MB
Notification: Performance of FrontEnd - loaded program: time 0.0004919/0.000492, allocations: 16.12 kB / 350 MB, free: 14.83 MB / 298.7 MB
Notification: Performance of FrontEnd - Absyn->SCode: time 0.2288/0.2293, allocations: 49.45 MB / 399.5 MB, free: 33.48 MB / 298.7 MB
Notification: Performance of NFInst.instantiate(MyLibrary.Blocks.Examples.PID_Controller): time 0.003989/0.2333, allocations: 3.114 MB / 402.6 MB, free: 30.35 MB / 298.7 MB
Notification: Performance of NFInst.instExpressions: time 0.001486/0.2348, allocations: 0.9611 MB / 403.5 MB, free: 29.39 MB / 298.7 MB
Notification: Performance of NFInst.updateImplicitVariability: time 0.0002286/0.235, allocations: 15.94 kB / 403.6 MB, free: 29.38 MB / 298.7 MB
Notification: Performance of NFTyping.typeComponents: time 0.0003162/0.2354, allocations: 91.17 kB / 403.6 MB, free: 29.29 MB / 298.7 MB
Notification: Performance of NFTyping.typeBindings: time 0.0002265/0.2356, allocations: 99.08 kB / 403.7 MB, free: 29.19 MB / 298.7 MB
Notification: Performance of NFTyping.typeClassSections: time 0.0004982/0.2361, allocations: 231.2 kB / 404 MB, free: 28.96 MB / 298.7 MB
Notification: Performance of NFFlatten.flatten: time 0.0004059/0.2365, allocations: 0.5107 MB / 404.5 MB, free: 28.45 MB / 298.7 MB
Notification: Performance of NFFlatten.resolveConnections: time 0.000297/0.2369, allocations: 169.2 kB / 404.6 MB, free: 28.28 MB / 298.7 MB
Notification: Performance of NFEvalConstants.evaluate: time 0.0001744/0.237, allocations: 199.1 kB / 404.8 MB, free: 28.08 MB / 298.7 MB
Notification: Performance of NFSimplifyModel.simplify: time 0.0002111/0.2373, allocations: 199 kB / 405 MB, free: 27.89 MB / 298.7 MB
Notification: Performance of NFPackage.collectConstants: time 6.503e-05/0.2373, allocations: 40 kB / 405.1 MB, free: 27.85 MB / 298.7 MB
Notification: Performance of NFFlatten.collectFunctions: time 6.669e-05/0.2374, allocations: 47.94 kB / 405.1 MB, free: 27.8 MB / 298.7 MB
Notification: Performance of NFScalarize.scalarize: time 8.984e-05/0.2375, allocations: 103.6 kB / 405.2 MB, free: 27.7 MB / 298.7 MB
Notification: Performance of NFVerifyModel.verify: time 0.0001494/0.2377, allocations: 218.8 kB / 405.4 MB, free: 27.48 MB / 298.7 MB
Notification: Performance of NFConvertDAE.convert: time 0.0003457/0.238, allocations: 492.4 kB / 405.9 MB, free: 27 MB / 298.7 MB
Notification: Performance of FrontEnd - DAE generated: time 3.226e-06/0.238, allocations: 0 / 405.9 MB, free: 27 MB / 298.7 MB
Notification: Performance of FrontEnd: time 1.142e-06/0.238, allocations: 3.938 kB / 405.9 MB, free: 27 MB / 298.7 MB
Notification: Performance of Transformations before backend: time 7.944e-06/0.238, allocations: 0 / 405.9 MB, free: 27 MB / 298.7 MB
Notification: Model statistics after passing the front-end and creating the data structures used by the back-end:
 * Number of equations: 89
 * Number of variables: 89
Notification: Performance of Generate backend data structure: time 0.001203/0.2393, allocations: 0.76 MB / 406.7 MB, free: 26.19 MB / 298.7 MB
Notification: Performance of prepare preOptimizeDAE: time 3.389e-05/0.2393, allocations: 15.95 kB / 406.7 MB, free: 26.18 MB / 298.7 MB
Notification: Performance of preOpt normalInlineFunction (simulation): time 8.004e-05/0.2394, allocations: 52.38 kB / 406.7 MB, free: 26.12 MB / 298.7 MB
Notification: Performance of preOpt evaluateParameters (simulation): time 0.0003901/0.2398, allocations: 359.7 kB / 407.1 MB, free: 25.73 MB / 298.7 MB
Notification: Performance of preOpt simplifyIfEquations (simulation): time 2.676e-05/0.2398, allocations: 21.38 kB / 407.1 MB, free: 25.71 MB / 298.7 MB
Notification: Performance of preOpt expandDerOperator (simulation): time 6.463e-05/0.2399, allocations: 52.11 kB / 407.2 MB, free: 25.66 MB / 298.7 MB
Notification: Performance of preOpt clockPartitioning (simulation): time 0.0009165/0.2408, allocations: 438.4 kB / 407.6 MB, free: 25.21 MB / 298.7 MB
Notification: Performance of preOpt findStateOrder (simulation): time 2.5e-05/0.2409, allocations: 3.938 kB / 407.6 MB, free: 25.2 MB / 298.7 MB
Notification: Performance of preOpt replaceEdgeChange (simulation): time 3.902e-05/0.2409, allocations: 20 kB / 407.6 MB, free: 25.18 MB / 298.7 MB
Notification: Performance of preOpt inlineArrayEqn (simulation): time 1.011e-05/0.2409, allocations: 11.98 kB / 407.6 MB, free: 25.17 MB / 298.7 MB
Notification: Performance of preOpt removeEqualRHS (simulation): time 0.00104/0.242, allocations: 371.7 kB / 408 MB, free: 24.81 MB / 298.7 MB
Notification: Performance of preOpt removeSimpleEquations (simulation): time 0.00188/0.2439, allocations: 1.582 MB / 409.6 MB, free: 23.14 MB / 298.7 MB
Notification: Performance of preOpt comSubExp (simulation): time 0.0008804/0.2447, allocations: 323.1 kB / 409.9 MB, free: 22.81 MB / 298.7 MB
Notification: Performance of preOpt resolveLoops (simulation): time 0.0004655/0.2452, allocations: 160.8 kB / 410.1 MB, free: 22.65 MB / 298.7 MB
Notification: Performance of preOpt evalFunc (simulation): time 3.192e-05/0.2453, allocations: 3.984 kB / 410.1 MB, free: 22.64 MB / 298.7 MB
Notification: Performance of preOpt encapsulateWhenConditions (simulation): time 1.549e-05/0.2453, allocations: 42.56 kB / 410.1 MB, free: 22.59 MB / 298.7 MB
Notification: Performance of pre-optimization done (n=30): time 1.794e-06/0.2453, allocations: 0 / 410.1 MB, free: 22.59 MB / 298.7 MB
Notification: Performance of matching and sorting (n=32): time 0.003298/0.2486, allocations: 1.373 MB / 411.5 MB, free: 21.12 MB / 298.7 MB
Notification: Performance of inlineWhenForInitialization (initialization): time 3.722e-05/0.2487, allocations: 85.05 kB / 411.6 MB, free: 21.02 MB / 298.7 MB
Notification: Performance of selectInitializationVariablesDAE (initialization): time 0.0003429/0.249, allocations: 361.6 kB / 411.9 MB, free: 20.66 MB / 298.7 MB
Notification: Performance of collectPreVariables (initialization): time 2.422e-05/0.249, allocations: 33.7 kB / 411.9 MB, free: 20.62 MB / 298.7 MB
Notification: Performance of collectInitialEqns (initialization): time 0.0001211/0.2492, allocations: 235.9 kB / 412.2 MB, free: 20.39 MB / 298.7 MB
Notification: Performance of collectInitialBindings (initialization): time 6.966e-05/0.2492, allocations: 114.5 kB / 412.3 MB, free: 20.28 MB / 298.7 MB
Notification: Performance of simplifyInitialFunctions (initialization): time 0.0001615/0.2494, allocations: 82.03 kB / 412.4 MB, free: 20.19 MB / 298.7 MB
Notification: Performance of setup shared object (initialization): time 6.719e-05/0.2495, allocations: 354.7 kB / 412.7 MB, free: 19.84 MB / 298.7 MB
Notification: Performance of preBalanceInitialSystem (initialization): time 0.0005023/0.25, allocations: 174.5 kB / 412.9 MB, free: 19.66 MB / 298.7 MB
Notification: Performance of partitionIndependentBlocks (initialization): time 0.0005203/0.2505, allocations: 252.8 kB / 413.1 MB, free: 19.38 MB / 298.7 MB
Notification: Performance of analyzeInitialSystem (initialization): time 0.0009239/0.2515, allocations: 380 kB / 413.5 MB, free: 18.98 MB / 298.7 MB
Notification: Performance of solveInitialSystemEqSystem (initialization): time 2.094e-06/0.2515, allocations: 8 kB / 413.5 MB, free: 18.98 MB / 298.7 MB
Notification: Performance of matching and sorting (n=51) (initialization): time 0.00114/0.2526, allocations: 496.8 kB / 414 MB, free: 18.49 MB / 298.7 MB
Notification: Performance of prepare postOptimizeDAE: time 1.669e-05/0.2527, allocations: 4 kB / 414 MB, free: 18.48 MB / 298.7 MB
Notification: Performance of postOpt simplifyComplexFunction (initialization): time 6.762e-06/0.2527, allocations: 4 kB / 414 MB, free: 18.48 MB / 298.7 MB
Notification: Performance of postOpt tearingSystem (initialization): time 4.833e-05/0.2527, allocations: 4 kB / 414 MB, free: 18.48 MB / 298.7 MB
Notification: Performance of postOpt solveSimpleEquations (initialization): time 0.001056/0.2538, allocations: 219.7 kB / 414.2 MB, free: 18.26 MB / 298.7 MB
Notification: Performance of postOpt calculateStrongComponentJacobians (initialization): time 0.001459/0.2553, allocations: 1.568 MB / 415.8 MB, free: 16.55 MB / 298.7 MB
Notification: Performance of postOpt simplifyAllExpressions (initialization): time 0.0003987/0.2557, allocations: 31.95 kB / 415.8 MB, free: 16.52 MB / 298.7 MB
Notification: Performance of postOpt collapseArrayExpressions (initialization): time 3.171e-05/0.2557, allocations: 20.09 kB / 415.8 MB, free: 16.5 MB / 298.7 MB
Notification: Performance of preBalanceInitialSystem (initialization_lambda0): time 0.0005474/0.2563, allocations: 276.8 kB / 416.1 MB, free: 16.23 MB / 298.7 MB
Notification: Performance of partitionIndependentBlocks (initialization_lambda0): time 0.0004772/0.2568, allocations: 232.8 kB / 416.3 MB, free: 15.97 MB / 298.7 MB
Notification: Performance of analyzeInitialSystem (initialization_lambda0): time 0.0008143/0.2576, allocations: 371.7 kB / 416.7 MB, free: 15.58 MB / 298.7 MB
Notification: Performance of solveInitialSystemEqSystem (initialization_lambda0): time 2.996e-06/0.2576, allocations: 3.984 kB / 416.7 MB, free: 15.58 MB / 298.7 MB
Notification: Performance of matching and sorting (n=51) (initialization_lambda0): time 0.001028/0.2586, allocations: 468.8 kB / 417.2 MB, free: 15.11 MB / 298.7 MB
Notification: Performance of prepare postOptimizeDAE: time 1.045e-05/0.2587, allocations: 6.031 kB / 417.2 MB, free: 15.11 MB / 298.7 MB
Notification: Performance of postOpt simplifyComplexFunction (initialization): time 4.589e-06/0.2587, allocations: 12.2 kB / 417.2 MB, free: 15.1 MB / 298.7 MB
Notification: Performance of postOpt tearingSystem (initialization): time 5.521e-06/0.2587, allocations: 7.938 kB / 417.2 MB, free: 15.09 MB / 298.7 MB
Notification: Performance of postOpt solveSimpleEquations (initialization): time 0.0005928/0.2593, allocations: 119.8 kB / 417.3 MB, free: 14.97 MB / 298.7 MB
Notification: Performance of postOpt calculateStrongComponentJacobians (initialization): time 6.302e-06/0.2593, allocations: 4 kB / 417.3 MB, free: 14.97 MB / 298.7 MB
Notification: Performance of postOpt simplifyAllExpressions (initialization): time 0.0003998/0.2597, allocations: 39.89 kB / 417.3 MB, free: 14.93 MB / 298.7 MB
Notification: Performance of postOpt collapseArrayExpressions (initialization): time 2.757e-05/0.2597, allocations: 16 kB / 417.4 MB, free: 14.91 MB / 298.7 MB
Notification: Model statistics after passing the back-end for initialization:
 * Number of independent subsystems: 9
 * Number of states: 0 ()
 * Number of discrete variables: 3 (kinematicPTP.noWphase,integrator.local_reset,PI.I.local_reset)
 * Number of discrete states: 0 ()
 * Number of clocked states: 0 ()
 * Top-level inputs: 0
Notification: Strong component statistics for initialization (51):
 * Single equations (assignments): 50
 * Array equations: 0
 * Algorithm blocks: 0
 * Record equations: 0
 * When equations: 0
 * If-equations: 0
 * Equation systems (not torn): 1
 * Torn equation systems: 0
 * Mixed (continuous/discrete) equation systems: 0
Notification: Equation system details (not torn):
 * Constant Jacobian (size): 0 systems
 * Linear Jacobian (size,density): 0 systems
 * Non-linear Jacobian (size): 1 system
   {1}
 * Without analytic Jacobian (size): 0 systems
Notification: Performance of prepare postOptimizeDAE: time 0.0001108/0.2599, allocations: 212.1 kB / 417.6 MB, free: 14.7 MB / 298.7 MB
Notification: Performance of postOpt lateInlineFunction (simulation): time 6.838e-05/0.2599, allocations: 47.41 kB / 417.6 MB, free: 14.65 MB / 298.7 MB
Notification: Performance of postOpt wrapFunctionCalls (simulation): time 8.947e-05/0.26, allocations: 40.25 kB / 417.6 MB, free: 14.61 MB / 298.7 MB
Notification: Performance of postOpt inlineArrayEqn (simulation): time 3.126e-06/0.26, allocations: 4 kB / 417.7 MB, free: 14.61 MB / 298.7 MB
Notification: Performance of postOpt constantLinearSystem (simulation): time 2.935e-06/0.2601, allocations: 0 / 417.7 MB, free: 14.61 MB / 298.7 MB
Notification: Performance of postOpt simplifysemiLinear (simulation): time 5.771e-06/0.2601, allocations: 7.984 kB / 417.7 MB, free: 14.6 MB / 298.7 MB
Notification: Performance of postOpt removeSimpleEquations (simulation): time 0.001642/0.2617, allocations: 0.9166 MB / 418.6 MB, free: 13.62 MB / 298.7 MB
Notification: Performance of postOpt simplifyComplexFunction (simulation): time 3.216e-06/0.2617, allocations: 128 / 418.6 MB, free: 13.62 MB / 298.7 MB
Notification: Performance of postOpt solveSimpleEquations (simulation): time 0.0005133/0.2622, allocations: 83.88 kB / 418.7 MB, free: 13.54 MB / 298.7 MB
Notification: Performance of postOpt tearingSystem (simulation): time 4.438e-06/0.2623, allocations: 4 kB / 418.7 MB, free: 13.54 MB / 298.7 MB
Notification: Performance of postOpt inputDerivativesUsed (simulation): time 2.964e-05/0.2623, allocations: 15.98 kB / 418.7 MB, free: 13.52 MB / 298.7 MB
Notification: Performance of postOpt calculateStrongComponentJacobians (simulation): time 3.306e-06/0.2623, allocations: 0 / 418.7 MB, free: 13.52 MB / 298.7 MB
Notification: Performance of postOpt calculateStateSetsJacobians (simulation): time 1.703e-06/0.2623, allocations: 4 kB / 418.7 MB, free: 13.52 MB / 298.7 MB
Notification: Performance of postOpt symbolicJacobian (simulation): time 0.001405/0.2637, allocations: 0.6701 MB / 419.4 MB, free: 12.82 MB / 298.7 MB
Notification: Performance of postOpt removeConstants (simulation): time 0.0001319/0.2639, allocations: 136.8 kB / 419.5 MB, free: 12.66 MB / 298.7 MB
Notification: Performance of postOpt simplifyTimeIndepFuncCalls (simulation): time 5.567e-05/0.2639, allocations: 8 kB / 419.5 MB, free: 12.66 MB / 298.7 MB
Notification: Performance of postOpt simplifyAllExpressions (simulation): time 0.0003641/0.2643, allocations: 35.95 kB / 419.5 MB, free: 12.62 MB / 298.7 MB
Notification: Performance of postOpt findZeroCrossings (simulation): time 9.561e-05/0.2644, allocations: 31.91 kB / 419.6 MB, free: 12.59 MB / 298.7 MB
Notification: Performance of postOpt collapseArrayExpressions (simulation): time 2.02e-05/0.2644, allocations: 4 kB / 419.6 MB, free: 12.59 MB / 298.7 MB
Notification: Performance of sorting global known variables: time 0.0002234/0.2647, allocations: 251.2 kB / 419.8 MB, free: 12.34 MB / 298.7 MB
Notification: Performance of sort global known variables: time 1.4e-07/0.2647, allocations: 0 / 419.8 MB, free: 12.34 MB / 298.7 MB
Notification: Performance of remove unused functions: time 0.0005919/0.2653, allocations: 136 kB / 419.9 MB, free: 12.21 MB / 298.7 MB
Notification: Model statistics after passing the back-end for simulation:
 * Number of independent subsystems: 5
 * Number of states: 6 (PI.I.y,inertia1.phi,spring.phi_rel,spring.w_rel,inertia2.w,integrator.y)
 * Number of discrete variables: 1 (kinematicPTP.noWphase)
 * Number of discrete states: 0 ()
 * Number of clocked states: 0 ()
 * Top-level inputs: 0
Notification: Strong component statistics for simulation (32):
 * Single equations (assignments): 32
 * Array equations: 0
 * Algorithm blocks: 0
 * Record equations: 0
 * When equations: 0
 * If-equations: 0
 * Equation systems (not torn): 0
 * Torn equation systems: 0
 * Mixed (continuous/discrete) equation systems: 0
Notification: Performance of Backend phase and start with SimCode phase: time 8.614e-05/0.2654, allocations: 107.1 kB / 420 MB, free: 12.09 MB / 298.7 MB
Notification: Performance of simCode: created initialization part: time 0.002058/0.2675, allocations: 0.711 MB / 420.8 MB, free: 11.38 MB / 298.7 MB
Notification: Performance of simCode: created event and clocks part: time 3.096e-06/0.2675, allocations: 448 / 420.8 MB, free: 11.38 MB / 298.7 MB
Notification: Performance of simCode: created simulation system equations: time 0.0004747/0.268, allocations: 183.8 kB / 420.9 MB, free: 11.2 MB / 298.7 MB
Notification: Performance of simCode: created of all other equations (e.g. parameter, nominal, assert, etc): time 0.0007916/0.2688, allocations: 100.2 kB / 421 MB, free: 11.11 MB / 298.7 MB
Notification: Performance of simCode: created linear, non-linear and system jacobian parts: time 0.001757/0.2705, allocations: 1.01 MB / 422 MB, free: 10.05 MB / 298.7 MB
Notification: Performance of simCode: some other stuff during SimCode phase: time 0.0002384/0.2708, allocations: 0.8234 MB / 422.9 MB, free: 9.207 MB / 298.7 MB
Notification: Performance of simCode: alias equations: time 0.0002792/0.2711, allocations: 67.23 kB / 422.9 MB, free: 9.145 MB / 298.7 MB
Notification: Performance of simCode: all other stuff during SimCode phase: time 0.0001149/0.2712, allocations: 27.44 kB / 423 MB, free: 9.117 MB / 298.7 MB
Notification: Performance of SimCode: time 2.7e-07/0.2712, allocations: 0 / 423 MB, free: 9.117 MB / 298.7 MB
Notification: Performance of Templates: time 0.009208/0.2804, allocations: 4.652 MB / 427.6 MB, free: 4.512 MB / 298.7 MB
make -j1 -f MyLibrary_tags-v0.1.0_MyLibrary.Blocks.Examples.PID_Controller.makefile
(rm -f MyLibrary_tags-v0.1.0_MyLibrary.Blocks.Examples.PID_Controller.pipe ; mkfifo MyLibrary_tags-v0.1.0_MyLibrary.Blocks.Examples.PID_Controller.pipe ; head -c 1048576 < MyLibrary_tags-v0.1.0_MyLibrary.Blocks.Examples.PID_Controller.pipe >> ../files/MyLibrary_tags-v0.1.0_MyLibrary.Blocks.Examples.PID_Controller.sim & ./MyLibrary_tags-v0.1.0_MyLibrary.Blocks.Examples.PID_Controller  -abortSlowSimulation -alarm=480  -emit_protected -lv LOG_STATS > MyLibrary_tags-v0.1.0_MyLibrary.Blocks.Examples.PID_Controller.pipe 2>&1)
diffSimulationResults("MyLibrary_tags-v0.1.0_MyLibrary.Blocks.Examples.PID_Controller_res.mat","/home/runner/work/openmodelica-library-testing-action/openmodelica-library-testing-action/examples/ReferenceFiles/MyLibrary.Blocks.Examples.PID_Controller.csv","../files/MyLibrary_tags-v0.1.0_MyLibrary.Blocks.Examples.PID_Controller.diff",relTol=0.003,relTolDiffMinMax=0.003,rangeDelta=0.001)
""

Variables in the reference:time,PI.I.y,inertia1.phi,inertia1.w,integrator.y,spring.phi_rel,spring.w_rel

Variables in the result:PI.Dzero.k,PI.Dzero.y,PI.FFzero.k,PI.FFzero.y,PI.I.initType,PI.I.k,PI.I.y,PI.I.y_start,PI.Nd,PI.Ni,PI.P.k,PI.Td,PI.Ti,PI.addFF.k1,PI.addFF.k2,PI.addFF.u2,PI.addI.k1,PI.addI.k2,PI.addI.k3,PI.addP.k1,PI.addP.k2,PI.addPID.k1,PI.addPID.k2,PI.addPID.k3,PI.addPID.u2,PI.addSat.k1,PI.addSat.k2,PI.controllerType,PI.gainPID.k,PI.gainTrack.k,PI.homotopyType,PI.initType,PI.k,PI.kFF,PI.limiter.homotopyType,PI.limiter.strict,PI.limiter.uMax,PI.limiter.uMin,PI.strict,PI.wd,PI.withFeedForward,PI.with_D,PI.with_I,PI.wp,PI.xd_start,PI.xi_start,PI.yMax,PI.yMin,PI.y_start,driveAngle,inertia1.J,inertia1.phi,inertia1.w,inertia2.J,inertia2.flange_b.tau,integrator.initType,integrator.k,integrator.y,integrator.y_start,kinematicPTP.deltaq[1],kinematicPTP.nout,kinematicPTP.p_deltaq[1],kinematicPTP.p_qd_max[1],kinematicPTP.p_qdd_max[1],kinematicPTP.qd_max[1],kinematicPTP.qdd_max[1],kinematicPTP.startTime,loadTorque.flange.tau,loadTorque.tau,loadTorque.tau_constant,spring.c,spring.d,spring.phi_nominal,spring.phi_rel,spring.phi_rel0,spring.w_rel,time
