Running: ./testmodel.py --libraries=/home/runner/.openmodelica/libraries/ --ompython_omhome= MyLibrary_pr-10_MyLibrary.Blocks.Examples.PID_Controller.conf.json
loadFile("/home/runner/.openmodelica/libraries/ModelicaServices 4.0.0+maint.om/package.mo", uses=false)
loadFile("/home/runner/.openmodelica/libraries/Complex 4.0.0+maint.om/package.mo", uses=false)
loadFile("/home/runner/.openmodelica/libraries/Modelica 4.0.0+maint.om/package.mo", uses=false)
loadFile("/home/runner/work/openmodelica-library-testing-action/openmodelica-library-testing-action/examples/MyLibrary/package.mo", uses=false)
Using package MyLibrary with version 1.0.0 (/home/runner/work/openmodelica-library-testing-action/openmodelica-library-testing-action/examples/MyLibrary/package.mo)
Using package Modelica with version 4.0.0 (/home/runner/.openmodelica/libraries/Modelica 4.0.0+maint.om/package.mo)
Using package Complex with version 4.0.0 (/home/runner/.openmodelica/libraries/Complex 4.0.0+maint.om/package.mo)
Using package ModelicaServices with version 4.0.0 (/home/runner/.openmodelica/libraries/ModelicaServices 4.0.0+maint.om/package.mo)
Running command: translateModel(MyLibrary.Blocks.Examples.PID_Controller,tolerance=1e-06,outputFormat="mat",numberOfIntervals=5000,variableFilter="time|PI.I.y|inertia1.phi|inertia1.w|integrator.y|spring.phi_rel|spring.w_rel",fileNamePrefix="MyLibrary_pr-10_MyLibrary.Blocks.Examples.PID_Controller")
translateModel(MyLibrary.Blocks.Examples.PID_Controller,tolerance=1e-06,outputFormat="mat",numberOfIntervals=5000,variableFilter="time|PI.I.y|inertia1.phi|inertia1.w|integrator.y|spring.phi_rel|spring.w_rel",fileNamePrefix="MyLibrary_pr-10_MyLibrary.Blocks.Examples.PID_Controller")
Notification: Performance of loadFile(/home/runner/.openmodelica/libraries/ModelicaServices 4.0.0+maint.om/package.mo): time 0.0009875/0.0009876, allocations: 96.88 kB / 15.59 MB, free: 5.227 MB / 13.93 MB
Notification: Performance of loadFile(/home/runner/.openmodelica/libraries/Complex 4.0.0+maint.om/package.mo): time 0.001033/0.001033, allocations: 176.4 kB / 16.51 MB, free: 4.648 MB / 13.93 MB
Notification: Performance of loadFile(/home/runner/.openmodelica/libraries/Modelica 4.0.0+maint.om/package.mo): time 1.659/1.659, allocations: 222.2 MB / 239.5 MB, free: 11.1 MB / 202.7 MB
Notification: Performance of loadFile(/home/runner/work/openmodelica-library-testing-action/openmodelica-library-testing-action/examples/MyLibrary/package.mo): time 0.0003066/0.0003067, allocations: 20.7 kB / 289.6 MB, free: 11.14 MB / 234.7 MB
Notification: Performance of FrontEnd - loaded program: time 0.0004998/0.0004999, allocations: 8 kB / 350 MB, free: 14.83 MB / 298.7 MB
Notification: Performance of FrontEnd - Absyn->SCode: time 0.2273/0.2278, allocations: 49.44 MB / 399.5 MB, free: 33.5 MB / 298.7 MB
Notification: Performance of NFInst.instantiate(MyLibrary.Blocks.Examples.PID_Controller): time 0.00395/0.2318, allocations: 3.119 MB / 402.6 MB, free: 30.36 MB / 298.7 MB
Notification: Performance of NFInst.instExpressions: time 0.001584/0.2334, allocations: 0.9573 MB / 403.5 MB, free: 29.4 MB / 298.7 MB
Notification: Performance of NFInst.updateImplicitVariability: time 0.0002417/0.2337, allocations: 19.81 kB / 403.6 MB, free: 29.38 MB / 298.7 MB
Notification: Performance of NFTyping.typeComponents: time 0.0003337/0.234, allocations: 87.23 kB / 403.7 MB, free: 29.3 MB / 298.7 MB
Notification: Performance of NFTyping.typeBindings: time 0.0002318/0.2343, allocations: 103.1 kB / 403.8 MB, free: 29.2 MB / 298.7 MB
Notification: Performance of NFTyping.typeClassSections: time 0.0005293/0.2348, allocations: 229.2 kB / 404 MB, free: 28.98 MB / 298.7 MB
Notification: Performance of NFFlatten.flatten: time 0.00042/0.2352, allocations: 0.5185 MB / 404.5 MB, free: 28.45 MB / 298.7 MB
Notification: Performance of NFFlatten.resolveConnections: time 0.0002899/0.2356, allocations: 169.2 kB / 404.7 MB, free: 28.28 MB / 298.7 MB
Notification: Performance of NFEvalConstants.evaluate: time 0.0001821/0.2358, allocations: 191.2 kB / 404.8 MB, free: 28.09 MB / 298.7 MB
Notification: Performance of NFSimplifyModel.simplify: time 0.0002205/0.236, allocations: 210.9 kB / 405.1 MB, free: 27.89 MB / 298.7 MB
Notification: Performance of NFPackage.collectConstants: time 6.678e-05/0.2361, allocations: 40 kB / 405.1 MB, free: 27.85 MB / 298.7 MB
Notification: Performance of NFFlatten.collectFunctions: time 6.642e-05/0.2361, allocations: 40 kB / 405.1 MB, free: 27.81 MB / 298.7 MB
Notification: Performance of NFScalarize.scalarize: time 9.256e-05/0.2362, allocations: 103.6 kB / 405.2 MB, free: 27.71 MB / 298.7 MB
Notification: Performance of NFVerifyModel.verify: time 0.0001468/0.2364, allocations: 214.8 kB / 405.4 MB, free: 27.5 MB / 298.7 MB
Notification: Performance of NFConvertDAE.convert: time 0.0003686/0.2368, allocations: 496.3 kB / 405.9 MB, free: 27.01 MB / 298.7 MB
Notification: Performance of FrontEnd - DAE generated: time 4.699e-06/0.2368, allocations: 7.922 kB / 405.9 MB, free: 27 MB / 298.7 MB
Notification: Performance of FrontEnd: time 1.743e-06/0.2368, allocations: 0 / 405.9 MB, free: 27 MB / 298.7 MB
Notification: Performance of Transformations before backend: time 9.568e-06/0.2368, allocations: 0 / 405.9 MB, free: 27 MB / 298.7 MB
Notification: Model statistics after passing the front-end and creating the data structures used by the back-end:
 * Number of equations: 89
 * Number of variables: 89
Notification: Performance of Generate backend data structure: time 0.001329/0.2381, allocations: 0.7639 MB / 406.7 MB, free: 26.19 MB / 298.7 MB
Notification: Performance of prepare preOptimizeDAE: time 3.56e-05/0.2382, allocations: 8.031 kB / 406.7 MB, free: 26.18 MB / 298.7 MB
Notification: Performance of preOpt normalInlineFunction (simulation): time 8.89e-05/0.2383, allocations: 52.31 kB / 406.8 MB, free: 26.13 MB / 298.7 MB
Notification: Performance of preOpt evaluateParameters (simulation): time 0.0004085/0.2387, allocations: 355.7 kB / 407.1 MB, free: 25.75 MB / 298.7 MB
Notification: Performance of preOpt simplifyIfEquations (simulation): time 2.69e-05/0.2387, allocations: 29.38 kB / 407.1 MB, free: 25.72 MB / 298.7 MB
Notification: Performance of preOpt expandDerOperator (simulation): time 6.477e-05/0.2388, allocations: 40.12 kB / 407.2 MB, free: 25.68 MB / 298.7 MB
Notification: Performance of preOpt clockPartitioning (simulation): time 0.000957/0.2398, allocations: 450.3 kB / 407.6 MB, free: 25.21 MB / 298.7 MB
Notification: Performance of preOpt findStateOrder (simulation): time 2.501e-05/0.2398, allocations: 0 / 407.6 MB, free: 25.21 MB / 298.7 MB
Notification: Performance of preOpt replaceEdgeChange (simulation): time 4.128e-05/0.2398, allocations: 16 kB / 407.6 MB, free: 25.2 MB / 298.7 MB
Notification: Performance of preOpt inlineArrayEqn (simulation): time 9.778e-06/0.2399, allocations: 12 kB / 407.6 MB, free: 25.18 MB / 298.7 MB
Notification: Performance of preOpt removeEqualRHS (simulation): time 0.00105/0.2409, allocations: 371.6 kB / 408 MB, free: 24.82 MB / 298.7 MB
Notification: Performance of preOpt removeSimpleEquations (simulation): time 0.001927/0.2429, allocations: 1.582 MB / 409.6 MB, free: 23.15 MB / 298.7 MB
Notification: Performance of preOpt comSubExp (simulation): time 0.0009292/0.2438, allocations: 319.1 kB / 409.9 MB, free: 22.82 MB / 298.7 MB
Notification: Performance of preOpt resolveLoops (simulation): time 0.0004593/0.2443, allocations: 164.8 kB / 410.1 MB, free: 22.66 MB / 298.7 MB
Notification: Performance of preOpt evalFunc (simulation): time 3.329e-05/0.2443, allocations: 4 kB / 410.1 MB, free: 22.66 MB / 298.7 MB
Notification: Performance of preOpt encapsulateWhenConditions (simulation): time 1.601e-05/0.2443, allocations: 38.56 kB / 410.1 MB, free: 22.61 MB / 298.7 MB
Notification: Performance of pre-optimization done (n=30): time 1.803e-06/0.2444, allocations: 0 / 410.1 MB, free: 22.61 MB / 298.7 MB
Notification: Performance of matching and sorting (n=32): time 0.003365/0.2477, allocations: 1.377 MB / 411.5 MB, free: 21.14 MB / 298.7 MB
Notification: Performance of inlineWhenForInitialization (initialization): time 3.763e-05/0.2478, allocations: 81.11 kB / 411.6 MB, free: 21.04 MB / 298.7 MB
Notification: Performance of selectInitializationVariablesDAE (initialization): time 0.0003223/0.2481, allocations: 361.6 kB / 411.9 MB, free: 20.68 MB / 298.7 MB
Notification: Performance of collectPreVariables (initialization): time 2.576e-05/0.2481, allocations: 33.7 kB / 411.9 MB, free: 20.64 MB / 298.7 MB
Notification: Performance of collectInitialEqns (initialization): time 0.0001207/0.2483, allocations: 235.9 kB / 412.2 MB, free: 20.41 MB / 298.7 MB
Notification: Performance of collectInitialBindings (initialization): time 6.695e-05/0.2483, allocations: 118.5 kB / 412.3 MB, free: 20.29 MB / 298.7 MB
Notification: Performance of simplifyInitialFunctions (initialization): time 0.0001285/0.2485, allocations: 82.03 kB / 412.4 MB, free: 20.2 MB / 298.7 MB
Notification: Performance of setup shared object (initialization): time 6.74e-05/0.2486, allocations: 354.7 kB / 412.7 MB, free: 19.85 MB / 298.7 MB
Notification: Performance of preBalanceInitialSystem (initialization): time 0.0004962/0.2491, allocations: 170.5 kB / 412.9 MB, free: 19.68 MB / 298.7 MB
Notification: Performance of partitionIndependentBlocks (initialization): time 0.0005052/0.2496, allocations: 252.8 kB / 413.1 MB, free: 19.4 MB / 298.7 MB
Notification: Performance of analyzeInitialSystem (initialization): time 0.0009422/0.2505, allocations: 388.5 kB / 413.5 MB, free: 18.99 MB / 298.7 MB
Notification: Performance of solveInitialSystemEqSystem (initialization): time 2.214e-06/0.2505, allocations: 0 / 413.5 MB, free: 18.99 MB / 298.7 MB
Notification: Performance of matching and sorting (n=51) (initialization): time 0.001167/0.2517, allocations: 0.4889 MB / 414 MB, free: 18.5 MB / 298.7 MB
Notification: Performance of prepare postOptimizeDAE: time 1.603e-05/0.2517, allocations: 8.031 kB / 414 MB, free: 18.49 MB / 298.7 MB
Notification: Performance of postOpt simplifyComplexFunction (initialization): time 7.243e-06/0.2518, allocations: 4 kB / 414 MB, free: 18.49 MB / 298.7 MB
Notification: Performance of postOpt tearingSystem (initialization): time 1.941e-05/0.2518, allocations: 11.92 kB / 414 MB, free: 18.48 MB / 298.7 MB
Notification: Performance of postOpt solveSimpleEquations (initialization): time 0.001064/0.2529, allocations: 203.7 kB / 414.2 MB, free: 18.28 MB / 298.7 MB
Notification: Performance of postOpt calculateStrongComponentJacobians (initialization): time 0.001485/0.2544, allocations: 1.568 MB / 415.8 MB, free: 16.57 MB / 298.7 MB
Notification: Performance of postOpt simplifyAllExpressions (initialization): time 0.0004051/0.2548, allocations: 39.98 kB / 415.8 MB, free: 16.53 MB / 298.7 MB
Notification: Performance of postOpt collapseArrayExpressions (initialization): time 3.024e-05/0.2548, allocations: 16 kB / 415.8 MB, free: 16.52 MB / 298.7 MB
Notification: Performance of preBalanceInitialSystem (initialization_lambda0): time 0.0005837/0.2554, allocations: 273 kB / 416.1 MB, free: 16.24 MB / 298.7 MB
Notification: Performance of partitionIndependentBlocks (initialization_lambda0): time 0.0004709/0.2559, allocations: 244.7 kB / 416.3 MB, free: 15.98 MB / 298.7 MB
Notification: Performance of analyzeInitialSystem (initialization_lambda0): time 0.0008363/0.2567, allocations: 371.7 kB / 416.7 MB, free: 15.59 MB / 298.7 MB
Notification: Performance of solveInitialSystemEqSystem (initialization_lambda0): time 2.735e-06/0.2568, allocations: 3.984 kB / 416.7 MB, free: 15.58 MB / 298.7 MB
Notification: Performance of matching and sorting (n=51) (initialization_lambda0): time 0.001043/0.2578, allocations: 468.8 kB / 417.2 MB, free: 15.12 MB / 298.7 MB
Notification: Performance of prepare postOptimizeDAE: time 1.011e-05/0.2578, allocations: 6.344 kB / 417.2 MB, free: 15.11 MB / 298.7 MB
Notification: Performance of postOpt simplifyComplexFunction (initialization): time 4.078e-06/0.2578, allocations: 4 kB / 417.2 MB, free: 15.11 MB / 298.7 MB
Notification: Performance of postOpt tearingSystem (initialization): time 5.601e-06/0.2578, allocations: 12.16 kB / 417.2 MB, free: 15.1 MB / 298.7 MB
Notification: Performance of postOpt solveSimpleEquations (initialization): time 0.0006087/0.2585, allocations: 115.8 kB / 417.3 MB, free: 14.98 MB / 298.7 MB
Notification: Performance of postOpt calculateStrongComponentJacobians (initialization): time 6.001e-06/0.2585, allocations: 4 kB / 417.3 MB, free: 14.98 MB / 298.7 MB
Notification: Performance of postOpt simplifyAllExpressions (initialization): time 0.0003781/0.2589, allocations: 35.97 kB / 417.3 MB, free: 14.95 MB / 298.7 MB
Notification: Performance of postOpt collapseArrayExpressions (initialization): time 2.95e-05/0.2589, allocations: 19.94 kB / 417.4 MB, free: 14.93 MB / 298.7 MB
Notification: Model statistics after passing the back-end for initialization:
 * Number of independent subsystems: 9
 * Number of states: 0 ()
 * Number of discrete variables: 3 (kinematicPTP.noWphase,integrator.local_reset,PI.I.local_reset)
 * Number of discrete states: 0 ()
 * Number of clocked states: 0 ()
 * Top-level inputs: 0
Notification: Strong component statistics for initialization (51):
 * Single equations (assignments): 50
 * Array equations: 0
 * Algorithm blocks: 0
 * Record equations: 0
 * When equations: 0
 * If-equations: 0
 * Equation systems (not torn): 1
 * Torn equation systems: 0
 * Mixed (continuous/discrete) equation systems: 0
Notification: Equation system details (not torn):
 * Constant Jacobian (size): 0 systems
 * Linear Jacobian (size,density): 0 systems
 * Non-linear Jacobian (size): 1 system
   {1}
 * Without analytic Jacobian (size): 0 systems
Notification: Performance of prepare postOptimizeDAE: time 0.0001216/0.259, allocations: 216 kB / 417.6 MB, free: 14.71 MB / 298.7 MB
Notification: Performance of postOpt lateInlineFunction (simulation): time 7.225e-05/0.2591, allocations: 43.47 kB / 417.6 MB, free: 14.66 MB / 298.7 MB
Notification: Performance of postOpt wrapFunctionCalls (simulation): time 9.834e-05/0.2592, allocations: 44.25 kB / 417.7 MB, free: 14.62 MB / 298.7 MB
Notification: Performance of postOpt inlineArrayEqn (simulation): time 4.058e-06/0.2592, allocations: 4 kB / 417.7 MB, free: 14.62 MB / 298.7 MB
Notification: Performance of postOpt constantLinearSystem (simulation): time 4.107e-06/0.2593, allocations: 0 / 417.7 MB, free: 14.62 MB / 298.7 MB
Notification: Performance of postOpt simplifysemiLinear (simulation): time 5.65e-06/0.2593, allocations: 0 / 417.7 MB, free: 14.62 MB / 298.7 MB
Notification: Performance of postOpt removeSimpleEquations (simulation): time 0.001734/0.261, allocations: 0.9165 MB / 418.6 MB, free: 13.64 MB / 298.7 MB
Notification: Performance of postOpt simplifyComplexFunction (simulation): time 3.596e-06/0.261, allocations: 4 kB / 418.6 MB, free: 13.63 MB / 298.7 MB
Notification: Performance of postOpt solveSimpleEquations (simulation): time 0.0005298/0.2616, allocations: 88 kB / 418.7 MB, free: 13.55 MB / 298.7 MB
Notification: Performance of postOpt tearingSystem (simulation): time 4.408e-06/0.2616, allocations: 4 kB / 418.7 MB, free: 13.54 MB / 298.7 MB
Notification: Performance of postOpt inputDerivativesUsed (simulation): time 2.702e-05/0.2616, allocations: 8 kB / 418.7 MB, free: 13.54 MB / 298.7 MB
Notification: Performance of postOpt calculateStrongComponentJacobians (simulation): time 3.055e-06/0.2616, allocations: 0 / 418.7 MB, free: 13.54 MB / 298.7 MB
Notification: Performance of postOpt calculateStateSetsJacobians (simulation): time 2.515e-06/0.2616, allocations: 4 kB / 418.7 MB, free: 13.53 MB / 298.7 MB
Notification: Performance of postOpt symbolicJacobian (simulation): time 0.001468/0.2631, allocations: 0.674 MB / 419.4 MB, free: 12.83 MB / 298.7 MB
Notification: Performance of postOpt removeConstants (simulation): time 0.0001602/0.2633, allocations: 132.7 kB / 419.5 MB, free: 12.68 MB / 298.7 MB
Notification: Performance of postOpt simplifyTimeIndepFuncCalls (simulation): time 5.852e-05/0.2634, allocations: 8 kB / 419.5 MB, free: 12.67 MB / 298.7 MB
Notification: Performance of postOpt simplifyAllExpressions (simulation): time 0.000377/0.2637, allocations: 31.95 kB / 419.5 MB, free: 12.64 MB / 298.7 MB
Notification: Performance of postOpt findZeroCrossings (simulation): time 9.565e-05/0.2639, allocations: 31.91 kB / 419.6 MB, free: 12.61 MB / 298.7 MB
Notification: Performance of postOpt collapseArrayExpressions (simulation): time 2.082e-05/0.2639, allocations: 12 kB / 419.6 MB, free: 12.6 MB / 298.7 MB
Notification: Performance of sorting global known variables: time 0.0002222/0.2641, allocations: 247.2 kB / 419.8 MB, free: 12.36 MB / 298.7 MB
Notification: Performance of sort global known variables: time 1.051e-06/0.2641, allocations: 0 / 419.8 MB, free: 12.36 MB / 298.7 MB
Notification: Performance of remove unused functions: time 0.000607/0.2647, allocations: 139.9 kB / 420 MB, free: 12.22 MB / 298.7 MB
Notification: Model statistics after passing the back-end for simulation:
 * Number of independent subsystems: 5
 * Number of states: 6 (PI.I.y,inertia1.phi,spring.phi_rel,spring.w_rel,inertia2.w,integrator.y)
 * Number of discrete variables: 1 (kinematicPTP.noWphase)
 * Number of discrete states: 0 ()
 * Number of clocked states: 0 ()
 * Top-level inputs: 0
Notification: Strong component statistics for simulation (32):
 * Single equations (assignments): 32
 * Array equations: 0
 * Algorithm blocks: 0
 * Record equations: 0
 * When equations: 0
 * If-equations: 0
 * Equation systems (not torn): 0
 * Torn equation systems: 0
 * Mixed (continuous/discrete) equation systems: 0
Notification: Performance of Backend phase and start with SimCode phase: time 8.557e-05/0.2648, allocations: 107.2 kB / 420.1 MB, free: 12.1 MB / 298.7 MB
Notification: Performance of simCode: created initialization part: time 0.002106/0.2669, allocations: 0.7071 MB / 420.8 MB, free: 11.39 MB / 298.7 MB
Notification: Performance of simCode: created event and clocks part: time 3.076e-06/0.267, allocations: 0 / 420.8 MB, free: 11.39 MB / 298.7 MB
Notification: Performance of simCode: created simulation system equations: time 0.0005287/0.2675, allocations: 184.4 kB / 420.9 MB, free: 11.21 MB / 298.7 MB
Notification: Performance of simCode: created of all other equations (e.g. parameter, nominal, assert, etc): time 0.0007634/0.2683, allocations: 97.44 kB / 421 MB, free: 11.12 MB / 298.7 MB
Notification: Performance of simCode: created linear, non-linear and system jacobian parts: time 0.001757/0.27, allocations: 1.014 MB / 422.1 MB, free: 10.07 MB / 298.7 MB
Notification: Performance of simCode: some other stuff during SimCode phase: time 0.000237/0.2703, allocations: 0.8195 MB / 422.9 MB, free: 9.223 MB / 298.7 MB
Notification: Performance of simCode: alias equations: time 0.0002788/0.2706, allocations: 63.23 kB / 422.9 MB, free: 9.164 MB / 298.7 MB
Notification: Performance of simCode: all other stuff during SimCode phase: time 0.0001188/0.2707, allocations: 31.44 kB / 423 MB, free: 9.133 MB / 298.7 MB
Notification: Performance of SimCode: time 4.8e-07/0.2707, allocations: 0 / 423 MB, free: 9.133 MB / 298.7 MB
Notification: Performance of Templates: time 0.009536/0.2803, allocations: 4.652 MB / 427.6 MB, free: 4.527 MB / 298.7 MB
make -j1 -f MyLibrary_pr-10_MyLibrary.Blocks.Examples.PID_Controller.makefile
(rm -f MyLibrary_pr-10_MyLibrary.Blocks.Examples.PID_Controller.pipe ; mkfifo MyLibrary_pr-10_MyLibrary.Blocks.Examples.PID_Controller.pipe ; head -c 1048576 < MyLibrary_pr-10_MyLibrary.Blocks.Examples.PID_Controller.pipe >> ../files/MyLibrary_pr-10_MyLibrary.Blocks.Examples.PID_Controller.sim & ./MyLibrary_pr-10_MyLibrary.Blocks.Examples.PID_Controller  -abortSlowSimulation -alarm=480  -emit_protected -lv LOG_STATS > MyLibrary_pr-10_MyLibrary.Blocks.Examples.PID_Controller.pipe 2>&1)
diffSimulationResults("MyLibrary_pr-10_MyLibrary.Blocks.Examples.PID_Controller_res.mat","/home/runner/work/openmodelica-library-testing-action/openmodelica-library-testing-action/examples/ReferenceFiles/MyLibrary.Blocks.Examples.PID_Controller.csv","../files/MyLibrary_pr-10_MyLibrary.Blocks.Examples.PID_Controller.diff",relTol=0.003,relTolDiffMinMax=0.003,rangeDelta=0.001)
""

Variables in the reference:time,PI.I.y,inertia1.phi,inertia1.w,integrator.y,spring.phi_rel,spring.w_rel

Variables in the result:PI.Dzero.k,PI.Dzero.y,PI.FFzero.k,PI.FFzero.y,PI.I.initType,PI.I.k,PI.I.y,PI.I.y_start,PI.Nd,PI.Ni,PI.P.k,PI.Td,PI.Ti,PI.addFF.k1,PI.addFF.k2,PI.addFF.u2,PI.addI.k1,PI.addI.k2,PI.addI.k3,PI.addP.k1,PI.addP.k2,PI.addPID.k1,PI.addPID.k2,PI.addPID.k3,PI.addPID.u2,PI.addSat.k1,PI.addSat.k2,PI.controllerType,PI.gainPID.k,PI.gainTrack.k,PI.homotopyType,PI.initType,PI.k,PI.kFF,PI.limiter.homotopyType,PI.limiter.strict,PI.limiter.uMax,PI.limiter.uMin,PI.strict,PI.wd,PI.withFeedForward,PI.with_D,PI.with_I,PI.wp,PI.xd_start,PI.xi_start,PI.yMax,PI.yMin,PI.y_start,driveAngle,inertia1.J,inertia1.phi,inertia1.w,inertia2.J,inertia2.flange_b.tau,integrator.initType,integrator.k,integrator.y,integrator.y_start,kinematicPTP.deltaq[1],kinematicPTP.nout,kinematicPTP.p_deltaq[1],kinematicPTP.p_qd_max[1],kinematicPTP.p_qdd_max[1],kinematicPTP.qd_max[1],kinematicPTP.qdd_max[1],kinematicPTP.startTime,loadTorque.flange.tau,loadTorque.tau,loadTorque.tau_constant,spring.c,spring.d,spring.phi_nominal,spring.phi_rel,spring.phi_rel0,spring.w_rel,time
