Running: ./testmodel.py --libraries=/home/runner/.openmodelica/libraries --ompython_omhome= MyLibrary_tags-v0.2.0_MyLibrary.Blocks.Examples.PID_Controller.conf.json
loadFile("/home/runner/.openmodelica/libraries/ModelicaServices 4.0.0+maint.om/package.mo", uses=false)
loadFile("/home/runner/.openmodelica/libraries/Complex 4.0.0+maint.om/package.mo", uses=false)
loadFile("/home/runner/.openmodelica/libraries/Modelica 4.0.0+maint.om/package.mo", uses=false)
loadFile("/home/runner/work/openmodelica-library-testing-action/openmodelica-library-testing-action/examples/MyLibrary/package.mo", uses=false)
Using package MyLibrary with version 1.0.0 (/home/runner/work/openmodelica-library-testing-action/openmodelica-library-testing-action/examples/MyLibrary/package.mo)
Using package Modelica with version 4.0.0 (/home/runner/.openmodelica/libraries/Modelica 4.0.0+maint.om/package.mo)
Using package Complex with version 4.0.0 (/home/runner/.openmodelica/libraries/Complex 4.0.0+maint.om/package.mo)
Using package ModelicaServices with version 4.0.0 (/home/runner/.openmodelica/libraries/ModelicaServices 4.0.0+maint.om/package.mo)
Running command: translateModel(MyLibrary.Blocks.Examples.PID_Controller,tolerance=1e-06,outputFormat="mat",numberOfIntervals=5000,variableFilter="time|PI.I.y|inertia1.phi|inertia1.w|integrator.y|spring.phi_rel|spring.w_rel",fileNamePrefix="MyLibrary_tags-v0.2.0_MyLibrary.Blocks.Examples.PID_Controller")
translateModel(MyLibrary.Blocks.Examples.PID_Controller,tolerance=1e-06,outputFormat="mat",numberOfIntervals=5000,variableFilter="time|PI.I.y|inertia1.phi|inertia1.w|integrator.y|spring.phi_rel|spring.w_rel",fileNamePrefix="MyLibrary_tags-v0.2.0_MyLibrary.Blocks.Examples.PID_Controller")
Notification: Performance of loadFile(/home/runner/.openmodelica/libraries/ModelicaServices 4.0.0+maint.om/package.mo): time 0.0009877/0.0009878, allocations: 100.8 kB / 15.59 MB, free: 4.777 MB / 13.93 MB
Notification: Performance of loadFile(/home/runner/.openmodelica/libraries/Complex 4.0.0+maint.om/package.mo): time 0.001015/0.001015, allocations: 173.7 kB / 16.5 MB, free: 4.348 MB / 13.93 MB
Notification: Performance of loadFile(/home/runner/.openmodelica/libraries/Modelica 4.0.0+maint.om/package.mo): time 1.661/1.661, allocations: 222.1 MB / 239.4 MB, free: 11.08 MB / 202.7 MB
Notification: Performance of loadFile(/home/runner/work/openmodelica-library-testing-action/openmodelica-library-testing-action/examples/MyLibrary/package.mo): time 0.0002457/0.0002456, allocations: 17.7 kB / 289.6 MB, free: 11.11 MB / 234.7 MB
Notification: Performance of FrontEnd - loaded program: time 0.0006819/0.000682, allocations: 8 kB / 350 MB, free: 14.8 MB / 298.7 MB
Notification: Performance of FrontEnd - Absyn->SCode: time 0.2408/0.2415, allocations: 49.44 MB / 399.5 MB, free: 33.45 MB / 298.7 MB
Notification: Performance of NFInst.instantiate(MyLibrary.Blocks.Examples.PID_Controller): time 0.003759/0.2453, allocations: 3.113 MB / 402.6 MB, free: 30.32 MB / 298.7 MB
Notification: Performance of NFInst.instExpressions: time 0.001503/0.2468, allocations: 0.9612 MB / 403.5 MB, free: 29.36 MB / 298.7 MB
Notification: Performance of NFInst.updateImplicitVariability: time 0.0002285/0.247, allocations: 19.88 kB / 403.6 MB, free: 29.34 MB / 298.7 MB
Notification: Performance of NFTyping.typeComponents: time 0.0003441/0.2474, allocations: 87.19 kB / 403.6 MB, free: 29.26 MB / 298.7 MB
Notification: Performance of NFTyping.typeBindings: time 0.0002387/0.2476, allocations: 103.1 kB / 403.7 MB, free: 29.16 MB / 298.7 MB
Notification: Performance of NFTyping.typeClassSections: time 0.0005261/0.2482, allocations: 232.4 kB / 404 MB, free: 28.93 MB / 298.7 MB
Notification: Performance of NFFlatten.flatten: time 0.0004352/0.2486, allocations: 0.5107 MB / 404.5 MB, free: 28.42 MB / 298.7 MB
Notification: Performance of NFFlatten.resolveConnections: time 0.0002971/0.2489, allocations: 169.2 kB / 404.6 MB, free: 28.25 MB / 298.7 MB
Notification: Performance of NFEvalConstants.evaluate: time 0.0001812/0.2491, allocations: 195.1 kB / 404.8 MB, free: 28.05 MB / 298.7 MB
Notification: Performance of NFSimplifyModel.simplify: time 0.0002574/0.2494, allocations: 203 kB / 405 MB, free: 27.86 MB / 298.7 MB
Notification: Performance of NFPackage.collectConstants: time 7.148e-05/0.2495, allocations: 43.98 kB / 405.1 MB, free: 27.81 MB / 298.7 MB
Notification: Performance of NFFlatten.collectFunctions: time 7.217e-05/0.2496, allocations: 44 kB / 405.1 MB, free: 27.77 MB / 298.7 MB
Notification: Performance of NFScalarize.scalarize: time 9.237e-05/0.2497, allocations: 107.6 kB / 405.2 MB, free: 27.66 MB / 298.7 MB
Notification: Performance of NFVerifyModel.verify: time 0.0001408/0.2498, allocations: 210.8 kB / 405.4 MB, free: 27.46 MB / 298.7 MB
Notification: Performance of NFConvertDAE.convert: time 0.0003606/0.2502, allocations: 492.4 kB / 405.9 MB, free: 26.98 MB / 298.7 MB
Notification: Performance of FrontEnd - DAE generated: time 4.438e-06/0.2502, allocations: 0 / 405.9 MB, free: 26.98 MB / 298.7 MB
Notification: Performance of FrontEnd: time 1.743e-06/0.2502, allocations: 0 / 405.9 MB, free: 26.98 MB / 298.7 MB
Notification: Performance of Transformations before backend: time 9.277e-06/0.2502, allocations: 0 / 405.9 MB, free: 26.98 MB / 298.7 MB
Notification: Model statistics after passing the front-end and creating the data structures used by the back-end:
 * Number of equations: 89
 * Number of variables: 89
Notification: Performance of Generate backend data structure: time 0.001265/0.2515, allocations: 0.7639 MB / 406.7 MB, free: 26.16 MB / 298.7 MB
Notification: Performance of prepare preOptimizeDAE: time 3.424e-05/0.2515, allocations: 8.031 kB / 406.7 MB, free: 26.16 MB / 298.7 MB
Notification: Performance of preOpt normalInlineFunction (simulation): time 8.385e-05/0.2516, allocations: 60.25 kB / 406.7 MB, free: 26.1 MB / 298.7 MB
Notification: Performance of preOpt evaluateParameters (simulation): time 0.0003967/0.252, allocations: 363.6 kB / 407.1 MB, free: 25.7 MB / 298.7 MB
Notification: Performance of preOpt simplifyIfEquations (simulation): time 2.569e-05/0.252, allocations: 25.38 kB / 407.1 MB, free: 25.68 MB / 298.7 MB
Notification: Performance of preOpt expandDerOperator (simulation): time 6.276e-05/0.2521, allocations: 44.12 kB / 407.2 MB, free: 25.64 MB / 298.7 MB
Notification: Performance of preOpt clockPartitioning (simulation): time 0.0008559/0.253, allocations: 446.4 kB / 407.6 MB, free: 25.17 MB / 298.7 MB
Notification: Performance of preOpt findStateOrder (simulation): time 2.406e-05/0.253, allocations: 7.984 kB / 407.6 MB, free: 25.16 MB / 298.7 MB
Notification: Performance of preOpt replaceEdgeChange (simulation): time 3.757e-05/0.2531, allocations: 16 kB / 407.6 MB, free: 25.15 MB / 298.7 MB
Notification: Performance of preOpt inlineArrayEqn (simulation): time 9.988e-06/0.2531, allocations: 8 kB / 407.6 MB, free: 25.14 MB / 298.7 MB
Notification: Performance of preOpt removeEqualRHS (simulation): time 0.001038/0.2541, allocations: 379.6 kB / 408 MB, free: 24.77 MB / 298.7 MB
Notification: Performance of preOpt removeSimpleEquations (simulation): time 0.001918/0.2561, allocations: 1.571 MB / 409.6 MB, free: 23.11 MB / 298.7 MB
Notification: Performance of preOpt comSubExp (simulation): time 0.0008498/0.2569, allocations: 324 kB / 409.9 MB, free: 22.78 MB / 298.7 MB
Notification: Performance of preOpt resolveLoops (simulation): time 0.0005874/0.2575, allocations: 160.7 kB / 410.1 MB, free: 22.62 MB / 298.7 MB
Notification: Performance of preOpt evalFunc (simulation): time 4.032e-05/0.2576, allocations: 8 kB / 410.1 MB, free: 22.61 MB / 298.7 MB
Notification: Performance of preOpt encapsulateWhenConditions (simulation): time 2.543e-05/0.2576, allocations: 38.56 kB / 410.1 MB, free: 22.57 MB / 298.7 MB
Notification: Performance of pre-optimization done (n=30): time 1.794e-06/0.2576, allocations: 0 / 410.1 MB, free: 22.57 MB / 298.7 MB
Notification: Performance of matching and sorting (n=32): time 0.003224/0.2609, allocations: 1.377 MB / 411.5 MB, free: 21.09 MB / 298.7 MB
Notification: Performance of inlineWhenForInitialization (initialization): time 3.131e-05/0.2609, allocations: 81.11 kB / 411.6 MB, free: 21 MB / 298.7 MB
Notification: Performance of selectInitializationVariablesDAE (initialization): time 0.0003491/0.2613, allocations: 357.6 kB / 411.9 MB, free: 20.64 MB / 298.7 MB
Notification: Performance of collectPreVariables (initialization): time 2.441e-05/0.2613, allocations: 33.7 kB / 411.9 MB, free: 20.6 MB / 298.7 MB
Notification: Performance of collectInitialEqns (initialization): time 0.0001209/0.2614, allocations: 243.9 kB / 412.2 MB, free: 20.36 MB / 298.7 MB
Notification: Performance of collectInitialBindings (initialization): time 6.578e-05/0.2615, allocations: 110.5 kB / 412.3 MB, free: 20.25 MB / 298.7 MB
Notification: Performance of simplifyInitialFunctions (initialization): time 0.0001282/0.2616, allocations: 82.03 kB / 412.4 MB, free: 20.16 MB / 298.7 MB
Notification: Performance of setup shared object (initialization): time 6.353e-05/0.2617, allocations: 350.7 kB / 412.7 MB, free: 19.81 MB / 298.7 MB
Notification: Performance of preBalanceInitialSystem (initialization): time 0.0005026/0.2622, allocations: 174.5 kB / 412.9 MB, free: 19.64 MB / 298.7 MB
Notification: Performance of partitionIndependentBlocks (initialization): time 0.0005106/0.2627, allocations: 252.8 kB / 413.1 MB, free: 19.36 MB / 298.7 MB
Notification: Performance of analyzeInitialSystem (initialization): time 0.0009231/0.2637, allocations: 391.6 kB / 413.5 MB, free: 18.95 MB / 298.7 MB
Notification: Performance of solveInitialSystemEqSystem (initialization): time 2.816e-06/0.2637, allocations: 4 kB / 413.5 MB, free: 18.95 MB / 298.7 MB
Notification: Performance of matching and sorting (n=51) (initialization): time 0.001173/0.2649, allocations: 488.8 kB / 414 MB, free: 18.46 MB / 298.7 MB
Notification: Performance of prepare postOptimizeDAE: time 1.566e-05/0.2649, allocations: 4 kB / 414 MB, free: 18.46 MB / 298.7 MB
Notification: Performance of postOpt simplifyComplexFunction (initialization): time 8.025e-06/0.2649, allocations: 7.984 kB / 414 MB, free: 18.45 MB / 298.7 MB
Notification: Performance of postOpt tearingSystem (initialization): time 1.803e-05/0.2649, allocations: 4 kB / 414 MB, free: 18.45 MB / 298.7 MB
Notification: Performance of postOpt solveSimpleEquations (initialization): time 0.001088/0.266, allocations: 211.8 kB / 414.2 MB, free: 18.24 MB / 298.7 MB
Notification: Performance of postOpt calculateStrongComponentJacobians (initialization): time 0.001465/0.2675, allocations: 1.568 MB / 415.8 MB, free: 16.54 MB / 298.7 MB
Notification: Performance of postOpt simplifyAllExpressions (initialization): time 0.0004034/0.2679, allocations: 44.08 kB / 415.8 MB, free: 16.49 MB / 298.7 MB
Notification: Performance of postOpt collapseArrayExpressions (initialization): time 3.168e-05/0.268, allocations: 16 kB / 415.8 MB, free: 16.48 MB / 298.7 MB
Notification: Performance of preBalanceInitialSystem (initialization_lambda0): time 0.0005506/0.2685, allocations: 276.8 kB / 416.1 MB, free: 16.2 MB / 298.7 MB
Notification: Performance of partitionIndependentBlocks (initialization_lambda0): time 0.000459/0.269, allocations: 236.8 kB / 416.3 MB, free: 15.94 MB / 298.7 MB
Notification: Performance of analyzeInitialSystem (initialization_lambda0): time 0.0008651/0.2699, allocations: 371.7 kB / 416.7 MB, free: 15.55 MB / 298.7 MB
Notification: Performance of solveInitialSystemEqSystem (initialization_lambda0): time 2.114e-06/0.2699, allocations: 4 kB / 416.7 MB, free: 15.55 MB / 298.7 MB
Notification: Performance of matching and sorting (n=51) (initialization_lambda0): time 0.001029/0.2709, allocations: 468.8 kB / 417.2 MB, free: 15.08 MB / 298.7 MB
Notification: Performance of prepare postOptimizeDAE: time 1.124e-05/0.2709, allocations: 10.72 kB / 417.2 MB, free: 15.07 MB / 298.7 MB
Notification: Performance of postOpt simplifyComplexFunction (initialization): time 4.137e-06/0.2709, allocations: 4 kB / 417.2 MB, free: 15.07 MB / 298.7 MB
Notification: Performance of postOpt tearingSystem (initialization): time 6.211e-06/0.271, allocations: 7.938 kB / 417.2 MB, free: 15.06 MB / 298.7 MB
Notification: Performance of postOpt solveSimpleEquations (initialization): time 0.0005953/0.2716, allocations: 119.8 kB / 417.3 MB, free: 14.95 MB / 298.7 MB
Notification: Performance of postOpt calculateStrongComponentJacobians (initialization): time 6.221e-06/0.2716, allocations: 4 kB / 417.3 MB, free: 14.94 MB / 298.7 MB
Notification: Performance of postOpt simplifyAllExpressions (initialization): time 0.0003693/0.2719, allocations: 31.95 kB / 417.3 MB, free: 14.91 MB / 298.7 MB
Notification: Performance of postOpt collapseArrayExpressions (initialization): time 2.738e-05/0.272, allocations: 23.92 kB / 417.4 MB, free: 14.89 MB / 298.7 MB
Notification: Model statistics after passing the back-end for initialization:
 * Number of independent subsystems: 9
 * Number of states: 0 ()
 * Number of discrete variables: 3 (kinematicPTP.noWphase,integrator.local_reset,PI.I.local_reset)
 * Number of discrete states: 0 ()
 * Number of clocked states: 0 ()
 * Top-level inputs: 0
Notification: Strong component statistics for initialization (51):
 * Single equations (assignments): 50
 * Array equations: 0
 * Algorithm blocks: 0
 * Record equations: 0
 * When equations: 0
 * If-equations: 0
 * Equation systems (not torn): 1
 * Torn equation systems: 0
 * Mixed (continuous/discrete) equation systems: 0
Notification: Equation system details (not torn):
 * Constant Jacobian (size): 0 systems
 * Linear Jacobian (size,density): 0 systems
 * Non-linear Jacobian (size): 1 system
   {1}
 * Without analytic Jacobian (size): 0 systems
Notification: Performance of prepare postOptimizeDAE: time 0.0001121/0.2721, allocations: 212 kB / 417.6 MB, free: 14.67 MB / 298.7 MB
Notification: Performance of postOpt lateInlineFunction (simulation): time 6.962e-05/0.2722, allocations: 43.47 kB / 417.6 MB, free: 14.63 MB / 298.7 MB
Notification: Performance of postOpt wrapFunctionCalls (simulation): time 9.181e-05/0.2723, allocations: 44.25 kB / 417.7 MB, free: 14.59 MB / 298.7 MB
Notification: Performance of postOpt inlineArrayEqn (simulation): time 3.637e-06/0.2723, allocations: 4 kB / 417.7 MB, free: 14.58 MB / 298.7 MB
Notification: Performance of postOpt constantLinearSystem (simulation): time 2.545e-06/0.2723, allocations: 0 / 417.7 MB, free: 14.58 MB / 298.7 MB
Notification: Performance of postOpt simplifysemiLinear (simulation): time 6.071e-06/0.2723, allocations: 3.984 kB / 417.7 MB, free: 14.58 MB / 298.7 MB
Notification: Performance of postOpt removeSimpleEquations (simulation): time 0.001656/0.274, allocations: 0.9167 MB / 418.6 MB, free: 13.6 MB / 298.7 MB
Notification: Performance of postOpt simplifyComplexFunction (simulation): time 3.387e-06/0.274, allocations: 4 kB / 418.6 MB, free: 13.59 MB / 298.7 MB
Notification: Performance of postOpt solveSimpleEquations (simulation): time 0.0005144/0.2745, allocations: 83.88 kB / 418.7 MB, free: 13.51 MB / 298.7 MB
Notification: Performance of postOpt tearingSystem (simulation): time 6.512e-06/0.2745, allocations: 7.984 kB / 418.7 MB, free: 13.5 MB / 298.7 MB
Notification: Performance of postOpt inputDerivativesUsed (simulation): time 2.746e-05/0.2746, allocations: 8 kB / 418.7 MB, free: 13.5 MB / 298.7 MB
Notification: Performance of postOpt calculateStrongComponentJacobians (simulation): time 3.166e-06/0.2746, allocations: 0 / 418.7 MB, free: 13.5 MB / 298.7 MB
Notification: Performance of postOpt calculateStateSetsJacobians (simulation): time 2.355e-06/0.2746, allocations: 4 kB / 418.7 MB, free: 13.49 MB / 298.7 MB
Notification: Performance of postOpt symbolicJacobian (simulation): time 0.001461/0.276, allocations: 0.674 MB / 419.4 MB, free: 12.79 MB / 298.7 MB
Notification: Performance of postOpt removeConstants (simulation): time 0.0001527/0.2762, allocations: 132.7 kB / 419.5 MB, free: 12.64 MB / 298.7 MB
Notification: Performance of postOpt simplifyTimeIndepFuncCalls (simulation): time 8.741e-05/0.2763, allocations: 7.984 kB / 419.5 MB, free: 12.63 MB / 298.7 MB
Notification: Performance of postOpt simplifyAllExpressions (simulation): time 0.0004099/0.2767, allocations: 35.97 kB / 419.5 MB, free: 12.6 MB / 298.7 MB
Notification: Performance of postOpt findZeroCrossings (simulation): time 9.297e-05/0.2768, allocations: 27.91 kB / 419.6 MB, free: 12.57 MB / 298.7 MB
Notification: Performance of postOpt collapseArrayExpressions (simulation): time 2.188e-05/0.2769, allocations: 12.11 kB / 419.6 MB, free: 12.56 MB / 298.7 MB
Notification: Performance of sorting global known variables: time 0.000223/0.2771, allocations: 247.2 kB / 419.8 MB, free: 12.32 MB / 298.7 MB
Notification: Performance of sort global known variables: time 3.01e-07/0.2771, allocations: 0 / 419.8 MB, free: 12.32 MB / 298.7 MB
Notification: Performance of remove unused functions: time 0.0006259/0.2777, allocations: 136 kB / 419.9 MB, free: 12.18 MB / 298.7 MB
Notification: Model statistics after passing the back-end for simulation:
 * Number of independent subsystems: 5
 * Number of states: 6 (PI.I.y,inertia1.phi,spring.phi_rel,spring.w_rel,inertia2.w,integrator.y)
 * Number of discrete variables: 1 (kinematicPTP.noWphase)
 * Number of discrete states: 0 ()
 * Number of clocked states: 0 ()
 * Top-level inputs: 0
Notification: Strong component statistics for simulation (32):
 * Single equations (assignments): 32
 * Array equations: 0
 * Algorithm blocks: 0
 * Record equations: 0
 * When equations: 0
 * If-equations: 0
 * Equation systems (not torn): 0
 * Torn equation systems: 0
 * Mixed (continuous/discrete) equation systems: 0
Notification: Performance of Backend phase and start with SimCode phase: time 8.762e-05/0.2778, allocations: 107.2 kB / 420 MB, free: 12.07 MB / 298.7 MB
Notification: Performance of simCode: created initialization part: time 0.002063/0.2799, allocations: 0.7151 MB / 420.8 MB, free: 11.36 MB / 298.7 MB
Notification: Performance of simCode: created event and clocks part: time 3.317e-06/0.2799, allocations: 8 kB / 420.8 MB, free: 11.35 MB / 298.7 MB
Notification: Performance of simCode: created simulation system equations: time 0.0004791/0.2804, allocations: 179.8 kB / 420.9 MB, free: 11.17 MB / 298.7 MB
Notification: Performance of simCode: created of all other equations (e.g. parameter, nominal, assert, etc): time 0.0007616/0.2812, allocations: 97.59 kB / 421 MB, free: 11.08 MB / 298.7 MB
Notification: Performance of simCode: created linear, non-linear and system jacobian parts: time 0.001777/0.283, allocations: 1.014 MB / 422.1 MB, free: 10.02 MB / 298.7 MB
Notification: Performance of simCode: some other stuff during SimCode phase: time 0.0002414/0.2833, allocations: 0.8156 MB / 422.9 MB, free: 9.18 MB / 298.7 MB
Notification: Performance of simCode: alias equations: time 0.0002686/0.2835, allocations: 59.25 kB / 422.9 MB, free: 9.125 MB / 298.7 MB
Notification: Performance of simCode: all other stuff during SimCode phase: time 0.0001175/0.2837, allocations: 35.44 kB / 423 MB, free: 9.09 MB / 298.7 MB
Notification: Performance of SimCode: time 3.91e-07/0.2837, allocations: 0 / 423 MB, free: 9.09 MB / 298.7 MB
Notification: Performance of Templates: time 0.009274/0.2929, allocations: 4.647 MB / 427.6 MB, free: 4.488 MB / 298.7 MB
make -j1 -f MyLibrary_tags-v0.2.0_MyLibrary.Blocks.Examples.PID_Controller.makefile
(rm -f MyLibrary_tags-v0.2.0_MyLibrary.Blocks.Examples.PID_Controller.pipe ; mkfifo MyLibrary_tags-v0.2.0_MyLibrary.Blocks.Examples.PID_Controller.pipe ; head -c 1048576 < MyLibrary_tags-v0.2.0_MyLibrary.Blocks.Examples.PID_Controller.pipe >> ../files/MyLibrary_tags-v0.2.0_MyLibrary.Blocks.Examples.PID_Controller.sim & ./MyLibrary_tags-v0.2.0_MyLibrary.Blocks.Examples.PID_Controller  -abortSlowSimulation -alarm=480  -emit_protected -lv LOG_STATS > MyLibrary_tags-v0.2.0_MyLibrary.Blocks.Examples.PID_Controller.pipe 2>&1)
diffSimulationResults("MyLibrary_tags-v0.2.0_MyLibrary.Blocks.Examples.PID_Controller_res.mat","/home/runner/work/openmodelica-library-testing-action/openmodelica-library-testing-action/examples/ReferenceFiles/MyLibrary.Blocks.Examples.PID_Controller.csv","/home/runner/work/openmodelica-library-testing-action/openmodelica-library-testing-action/OpenModelicaLibraryTesting/files/MyLibrary_tags-v0.2.0_MyLibrary.Blocks.Examples.PID_Controller.diff",relTol=0.003,relTolDiffMinMax=0.003,rangeDelta=0.001)
""

Variables in the reference:time,PI.I.y,inertia1.phi,inertia1.w,integrator.y,spring.phi_rel,spring.w_rel

Variables in the result:PI.Dzero.k,PI.Dzero.y,PI.FFzero.k,PI.FFzero.y,PI.I.initType,PI.I.k,PI.I.y,PI.I.y_start,PI.Nd,PI.Ni,PI.P.k,PI.Td,PI.Ti,PI.addFF.k1,PI.addFF.k2,PI.addFF.u2,PI.addI.k1,PI.addI.k2,PI.addI.k3,PI.addP.k1,PI.addP.k2,PI.addPID.k1,PI.addPID.k2,PI.addPID.k3,PI.addPID.u2,PI.addSat.k1,PI.addSat.k2,PI.controllerType,PI.gainPID.k,PI.gainTrack.k,PI.homotopyType,PI.initType,PI.k,PI.kFF,PI.limiter.homotopyType,PI.limiter.strict,PI.limiter.uMax,PI.limiter.uMin,PI.strict,PI.wd,PI.withFeedForward,PI.with_D,PI.with_I,PI.wp,PI.xd_start,PI.xi_start,PI.yMax,PI.yMin,PI.y_start,driveAngle,inertia1.J,inertia1.phi,inertia1.w,inertia2.J,inertia2.flange_b.tau,integrator.initType,integrator.k,integrator.y,integrator.y_start,kinematicPTP.deltaq[1],kinematicPTP.nout,kinematicPTP.p_deltaq[1],kinematicPTP.p_qd_max[1],kinematicPTP.p_qdd_max[1],kinematicPTP.qd_max[1],kinematicPTP.qdd_max[1],kinematicPTP.startTime,loadTorque.flange.tau,loadTorque.tau,loadTorque.tau_constant,spring.c,spring.d,spring.phi_nominal,spring.phi_rel,spring.phi_rel0,spring.w_rel,time
